
Showing logs for build [32msimonjamesrowe-environment-simo-bvl4x-1[0m stage [32mfrom-build-pack[0m and container [32mcredential-initializer[0m
{"level":"info","ts":1609572955.4594893,"caller":"creds-init/main.go:44","msg":"Credentials initialized."}

Showing logs for build [32msimonjamesrowe-environment-simo-bvl4x-1[0m stage [32mfrom-build-pack[0m and container [32mworking-dir-initializer[0m

Showing logs for build [32msimonjamesrowe-environment-simo-bvl4x-1[0m stage [32mfrom-build-pack[0m and container [32mplace-tools[0m

Showing logs for build [32msimonjamesrowe-environment-simo-bvl4x-1[0m stage [32mfrom-build-pack[0m and container [32mstep-git-source-simonjamesrowe-environment-simo-bvl4x-wzv94[0m
{"level":"info","ts":1609572962.6360345,"caller":"git/git.go:105","msg":"Successfully cloned https://github.com/simonjamesrowe/environment-simonjamesrowe-staging.git @ master in path /workspace/source"}
{"level":"warn","ts":1609572962.6361554,"caller":"git/git.go:152","msg":"Unexpected error: creating symlink: symlink /tekton/home/.ssh /****/.ssh: file exists"}
{"level":"info","ts":1609572962.6880596,"caller":"git/git.go:133","msg":"Successfully initialized and updated submodules in path /workspace/source"}

Showing logs for build [32msimonjamesrowe-environment-simo-bvl4x-1[0m stage [32mfrom-build-pack[0m and container [32mstep-setup-builder-home[0m

Showing logs for build [32msimonjamesrowe-environment-simo-bvl4x-1[0m stage [32mfrom-build-pack[0m and container [32mstep-git-merge[0m
Using SHAs from PULL_REFS=master:8866511ccf72b18a9ed40d2e2e3cfc498c7e304a,9:9f54c9b5271bd2e4ac423ed1c31a0226a7700460
DEBUG: LC_ALL=C JX_LOG_LEVEL=error git fetch origin --unshallow 9f54c9b5271bd2e4ac423ed1c31a0226a7700460: 8866511ccf72b18a9ed40d2e2e3cfc498c7e304a:
DEBUG: ran git fetch --unshallow origin 9f54c9b5271bd2e4ac423ed1c31a0226a7700460: 8866511ccf72b18a9ed40d2e2e3cfc498c7e304a: in 
DEBUG: LC_ALL=C JX_LOG_LEVEL=error git branch
DEBUG: LC_ALL=C JX_LOG_LEVEL=error git checkout master
DEBUG: ran git checkout master in 
DEBUG: LC_ALL=C JX_LOG_LEVEL=error git reset --hard 8866511ccf72b18a9ed40d2e2e3cfc498c7e304a
DEBUG: ran git reset --hard 8866511ccf72b18a9ed40d2e2e3cfc498c7e304a in 
DEBUG: LC_ALL=C JX_LOG_LEVEL=error git clean -fd .
DEBUG: ran clean --force -d . in 
DEBUG: LC_ALL=C JX_LOG_LEVEL=error git merge 9f54c9b5271bd2e4ac423ed1c31a0226a7700460
DEBUG: ran git merge 9f54c9b5271bd2e4ac423ed1c31a0226a7700460 in 
DEBUG: LC_ALL=C JX_LOG_LEVEL=error git log --format=%H%x1f%an%x1f%ae%x1f%cn%x1f%ce%x1f%s%n%b%x1e 8866511ccf72b18a9ed40d2e2e3cfc498c7e304a..HEAD
Merged SHA 9f54c9b5271bd2e4ac423ed1c31a0226a7700460 with commit message 'chore: Promote react-ui to version 0.0.46' into base branch master

Showing logs for build [32msimonjamesrowe-environment-simo-bvl4x-1[0m stage [32mfrom-build-pack[0m and container [32mstep-build-helm-build[0m
WARNING: No $CHART_REPOSITORY defined so using the default value of: http://jenkins-x-chartmuseum:8080
Adding missing Helm repo: storage.googleapis.com https://storage.googleapis.com/chartmuseum.jenkins-x.io
Successfully added Helm repository storage.googleapis.com.
Adding missing Helm repo: jenkins-x-chartmuseum http://jenkins-x-chartmuseum:8080
Successfully added Helm repository jenkins-x-chartmuseum.
WARNING: No $CHART_REPOSITORY defined so using the default value of: http://jenkins-x-chartmuseum:8080
Adding missing Helm repo: chartmuseum.jenkins-x.io http://chartmuseum.jenkins-x.io
Successfully added Helm repository chartmuseum.jenkins-x.io.
