
Showing logs for build [32msimonjamesrowe-environment-simo-xhpmh-1[0m stage [32mfrom-build-pack[0m and container [32mcredential-initializer[0m
{"level":"info","ts":1615063362.2815857,"caller":"creds-init/main.go:44","msg":"Credentials initialized."}

Showing logs for build [32msimonjamesrowe-environment-simo-xhpmh-1[0m stage [32mfrom-build-pack[0m and container [32mworking-dir-initializer[0m

Showing logs for build [32msimonjamesrowe-environment-simo-xhpmh-1[0m stage [32mfrom-build-pack[0m and container [32mplace-tools[0m

Showing logs for build [32msimonjamesrowe-environment-simo-xhpmh-1[0m stage [32mfrom-build-pack[0m and container [32mstep-git-source-simonjamesrowe-environment-simo-xhpmh-rnvjv[0m
{"level":"info","ts":1615063368.9350016,"caller":"git/git.go:105","msg":"Successfully cloned https://github.com/simonjamesrowe/environment-simonjamesrowe-staging.git @ master in path /workspace/source"}
{"level":"warn","ts":1615063368.9352288,"caller":"git/git.go:152","msg":"Unexpected error: creating symlink: symlink /tekton/home/.ssh /****/.ssh: file exists"}
{"level":"info","ts":1615063368.9994245,"caller":"git/git.go:133","msg":"Successfully initialized and updated submodules in path /workspace/source"}

Showing logs for build [32msimonjamesrowe-environment-simo-xhpmh-1[0m stage [32mfrom-build-pack[0m and container [32mstep-setup-builder-home[0m

Showing logs for build [32msimonjamesrowe-environment-simo-xhpmh-1[0m stage [32mfrom-build-pack[0m and container [32mstep-git-merge[0m
Using SHAs from PULL_REFS=master:4497bb44229ee68a5db727b0cbe9242d6d2e4972,92:7894ea85fe28fda2bd0e4f3527398ac4437b7514
DEBUG: LC_ALL=C JX_LOG_LEVEL=error git fetch origin --unshallow 7894ea85fe28fda2bd0e4f3527398ac4437b7514: 4497bb44229ee68a5db727b0cbe9242d6d2e4972:
DEBUG: ran git fetch --unshallow origin 7894ea85fe28fda2bd0e4f3527398ac4437b7514: 4497bb44229ee68a5db727b0cbe9242d6d2e4972: in 
DEBUG: LC_ALL=C JX_LOG_LEVEL=error git branch
DEBUG: JX_LOG_LEVEL=error LC_ALL=C git checkout master
DEBUG: ran git checkout master in 
DEBUG: LC_ALL=C JX_LOG_LEVEL=error git reset --hard 4497bb44229ee68a5db727b0cbe9242d6d2e4972
DEBUG: ran git reset --hard 4497bb44229ee68a5db727b0cbe9242d6d2e4972 in 
DEBUG: LC_ALL=C JX_LOG_LEVEL=error git clean -fd .
DEBUG: ran clean --force -d . in 
DEBUG: JX_LOG_LEVEL=error LC_ALL=C git merge 7894ea85fe28fda2bd0e4f3527398ac4437b7514
DEBUG: ran git merge 7894ea85fe28fda2bd0e4f3527398ac4437b7514 in 
DEBUG: LC_ALL=C JX_LOG_LEVEL=error git log --format=%H%x1f%an%x1f%ae%x1f%cn%x1f%ce%x1f%s%n%b%x1e 4497bb44229ee68a5db727b0cbe9242d6d2e4972..HEAD
Merged SHA 7894ea85fe28fda2bd0e4f3527398ac4437b7514 with commit message 'chore: Promote api-gateway to version 0.0.44' into base branch master

Showing logs for build [32msimonjamesrowe-environment-simo-xhpmh-1[0m stage [32mfrom-build-pack[0m and container [32mstep-build-helm-build[0m
WARNING: No $CHART_REPOSITORY defined so using the default value of: http://jenkins-x-chartmuseum:8080
Adding missing Helm repo: storage.googleapis.com https://storage.googleapis.com/chartmuseum.jenkins-x.io
Successfully added Helm repository storage.googleapis.com.
Adding missing Helm repo: jenkins-x-chartmuseum http://jenkins-x-chartmuseum:8080
Successfully added Helm repository jenkins-x-chartmuseum.
WARNING: No $CHART_REPOSITORY defined so using the default value of: http://jenkins-x-chartmuseum:8080
Adding missing Helm repo: chartmuseum.jenkins-x.io http://chartmuseum.jenkins-x.io
Successfully added Helm repository chartmuseum.jenkins-x.io.
