
Showing logs for build [32msimonjamesrowe-environment-simo-j5h6s-1[0m stage [32mfrom-build-pack[0m and container [32mcredential-initializer[0m
{"level":"info","ts":1617553043.6944304,"caller":"creds-init/main.go:44","msg":"Credentials initialized."}

Showing logs for build [32msimonjamesrowe-environment-simo-j5h6s-1[0m stage [32mfrom-build-pack[0m and container [32mworking-dir-initializer[0m

Showing logs for build [32msimonjamesrowe-environment-simo-j5h6s-1[0m stage [32mfrom-build-pack[0m and container [32mplace-tools[0m

Showing logs for build [32msimonjamesrowe-environment-simo-j5h6s-1[0m stage [32mfrom-build-pack[0m and container [32mstep-git-source-simonjamesrowe-environment-simo-j5h6s-7h2hl[0m
{"level":"info","ts":1617553050.9152339,"caller":"git/git.go:105","msg":"Successfully cloned https://github.com/simonjamesrowe/environment-simonjamesrowe-staging.git @ master in path /workspace/source"}
{"level":"warn","ts":1617553050.9154305,"caller":"git/git.go:152","msg":"Unexpected error: creating symlink: symlink /tekton/home/.ssh /****/.ssh: file exists"}
{"level":"info","ts":1617553050.962704,"caller":"git/git.go:133","msg":"Successfully initialized and updated submodules in path /workspace/source"}

Showing logs for build [32msimonjamesrowe-environment-simo-j5h6s-1[0m stage [32mfrom-build-pack[0m and container [32mstep-setup-builder-home[0m

Showing logs for build [32msimonjamesrowe-environment-simo-j5h6s-1[0m stage [32mfrom-build-pack[0m and container [32mstep-git-merge[0m
Using SHAs from PULL_REFS=master:5aca6cdc9fdfc277b07c0bb08c1be8931ecc0de2,145:d07eb375a5c0ea2a1f5fd157308233521f62822f
DEBUG: LC_ALL=C JX_LOG_LEVEL=error git fetch origin --unshallow d07eb375a5c0ea2a1f5fd157308233521f62822f: 5aca6cdc9fdfc277b07c0bb08c1be8931ecc0de2:
DEBUG: ran git fetch --unshallow origin d07eb375a5c0ea2a1f5fd157308233521f62822f: 5aca6cdc9fdfc277b07c0bb08c1be8931ecc0de2: in 
DEBUG: LC_ALL=C JX_LOG_LEVEL=error git branch
DEBUG: LC_ALL=C JX_LOG_LEVEL=error git checkout master
DEBUG: ran git checkout master in 
DEBUG: LC_ALL=C JX_LOG_LEVEL=error git reset --hard 5aca6cdc9fdfc277b07c0bb08c1be8931ecc0de2
DEBUG: ran git reset --hard 5aca6cdc9fdfc277b07c0bb08c1be8931ecc0de2 in 
DEBUG: LC_ALL=C JX_LOG_LEVEL=error git clean -fd .
DEBUG: ran clean --force -d . in 
DEBUG: LC_ALL=C JX_LOG_LEVEL=error git merge d07eb375a5c0ea2a1f5fd157308233521f62822f
DEBUG: ran git merge d07eb375a5c0ea2a1f5fd157308233521f62822f in 
DEBUG: LC_ALL=C JX_LOG_LEVEL=error git log --format=%H%x1f%an%x1f%ae%x1f%cn%x1f%ce%x1f%s%n%b%x1e 5aca6cdc9fdfc277b07c0bb08c1be8931ecc0de2..HEAD
Merged SHA d07eb375a5c0ea2a1f5fd157308233521f62822f with commit message 'chore: Promote search-service to version 0.0.134' into base branch master

Showing logs for build [32msimonjamesrowe-environment-simo-j5h6s-1[0m stage [32mfrom-build-pack[0m and container [32mstep-build-helm-build[0m
WARNING: No $CHART_REPOSITORY defined so using the default value of: http://jenkins-x-chartmuseum:8080
Adding missing Helm repo: storage.googleapis.com https://storage.googleapis.com/chartmuseum.jenkins-x.io
Successfully added Helm repository storage.googleapis.com.
Adding missing Helm repo: jenkins-x-chartmuseum http://jenkins-x-chartmuseum:8080
Successfully added Helm repository jenkins-x-chartmuseum.
WARNING: No $CHART_REPOSITORY defined so using the default value of: http://jenkins-x-chartmuseum:8080
Adding missing Helm repo: chartmuseum.jenkins-x.io http://chartmuseum.jenkins-x.io
Successfully added Helm repository chartmuseum.jenkins-x.io.
