
Showing logs for build [32msimonjamesrowe-environment-simo-lzzvc-1[0m stage [32mfrom-build-pack[0m and container [32mcredential-initializer[0m
{"level":"info","ts":1615059285.8495667,"caller":"creds-init/main.go:44","msg":"Credentials initialized."}

Showing logs for build [32msimonjamesrowe-environment-simo-lzzvc-1[0m stage [32mfrom-build-pack[0m and container [32mworking-dir-initializer[0m

Showing logs for build [32msimonjamesrowe-environment-simo-lzzvc-1[0m stage [32mfrom-build-pack[0m and container [32mplace-tools[0m

Showing logs for build [32msimonjamesrowe-environment-simo-lzzvc-1[0m stage [32mfrom-build-pack[0m and container [32mstep-git-source-simonjamesrowe-environment-simo-lzzvc-fw9hh[0m
{"level":"info","ts":1615059292.7049787,"caller":"git/git.go:105","msg":"Successfully cloned https://github.com/simonjamesrowe/environment-simonjamesrowe-staging.git @ master in path /workspace/source"}
{"level":"warn","ts":1615059292.7050993,"caller":"git/git.go:152","msg":"Unexpected error: creating symlink: symlink /tekton/home/.ssh /****/.ssh: file exists"}
{"level":"info","ts":1615059292.784816,"caller":"git/git.go:133","msg":"Successfully initialized and updated submodules in path /workspace/source"}

Showing logs for build [32msimonjamesrowe-environment-simo-lzzvc-1[0m stage [32mfrom-build-pack[0m and container [32mstep-setup-builder-home[0m

Showing logs for build [32msimonjamesrowe-environment-simo-lzzvc-1[0m stage [32mfrom-build-pack[0m and container [32mstep-git-merge[0m
Using SHAs from PULL_REFS=master:898b5401bb3772cbba0b2125a39b37a29be5f1e8,90:adc9fe47d28188e848ad288c1da29ec3f56f1e87
DEBUG: LC_ALL=C JX_LOG_LEVEL=error git fetch origin --unshallow adc9fe47d28188e848ad288c1da29ec3f56f1e87: 898b5401bb3772cbba0b2125a39b37a29be5f1e8:
DEBUG: ran git fetch --unshallow origin adc9fe47d28188e848ad288c1da29ec3f56f1e87: 898b5401bb3772cbba0b2125a39b37a29be5f1e8: in 
DEBUG: LC_ALL=C JX_LOG_LEVEL=error git branch
DEBUG: LC_ALL=C JX_LOG_LEVEL=error git checkout master
DEBUG: ran git checkout master in 
DEBUG: JX_LOG_LEVEL=error LC_ALL=C git reset --hard 898b5401bb3772cbba0b2125a39b37a29be5f1e8
DEBUG: ran git reset --hard 898b5401bb3772cbba0b2125a39b37a29be5f1e8 in 
DEBUG: LC_ALL=C JX_LOG_LEVEL=error git clean -fd .
DEBUG: ran clean --force -d . in 
DEBUG: LC_ALL=C JX_LOG_LEVEL=error git merge adc9fe47d28188e848ad288c1da29ec3f56f1e87
DEBUG: ran git merge adc9fe47d28188e848ad288c1da29ec3f56f1e87 in 
DEBUG: LC_ALL=C JX_LOG_LEVEL=error git log --format=%H%x1f%an%x1f%ae%x1f%cn%x1f%ce%x1f%s%n%b%x1e 898b5401bb3772cbba0b2125a39b37a29be5f1e8..HEAD
Merged SHA adc9fe47d28188e848ad288c1da29ec3f56f1e87 with commit message 'chore: Promote search-service to version 0.0.32' into base branch master

Showing logs for build [32msimonjamesrowe-environment-simo-lzzvc-1[0m stage [32mfrom-build-pack[0m and container [32mstep-build-helm-build[0m
WARNING: No $CHART_REPOSITORY defined so using the default value of: http://jenkins-x-chartmuseum:8080
Adding missing Helm repo: storage.googleapis.com https://storage.googleapis.com/chartmuseum.jenkins-x.io
Successfully added Helm repository storage.googleapis.com.
Adding missing Helm repo: jenkins-x-chartmuseum http://jenkins-x-chartmuseum:8080
Successfully added Helm repository jenkins-x-chartmuseum.
WARNING: No $CHART_REPOSITORY defined so using the default value of: http://jenkins-x-chartmuseum:8080
Adding missing Helm repo: chartmuseum.jenkins-x.io http://chartmuseum.jenkins-x.io
Successfully added Helm repository chartmuseum.jenkins-x.io.
