
Showing logs for build [32msimonjamesrowe-environment-simo-2j77t-1[0m stage [32mfrom-build-pack[0m and container [32mcredential-initializer[0m
{"level":"info","ts":1617659571.619532,"caller":"creds-init/main.go:44","msg":"Credentials initialized."}

Showing logs for build [32msimonjamesrowe-environment-simo-2j77t-1[0m stage [32mfrom-build-pack[0m and container [32mworking-dir-initializer[0m

Showing logs for build [32msimonjamesrowe-environment-simo-2j77t-1[0m stage [32mfrom-build-pack[0m and container [32mplace-tools[0m

Showing logs for build [32msimonjamesrowe-environment-simo-2j77t-1[0m stage [32mfrom-build-pack[0m and container [32mstep-git-source-simonjamesrowe-environment-simo-2j77t-q8d5m[0m
{"level":"info","ts":1617659576.8702953,"caller":"git/git.go:105","msg":"Successfully cloned https://github.com/simonjamesrowe/environment-simonjamesrowe-staging.git @ master in path /workspace/source"}
{"level":"warn","ts":1617659576.8704846,"caller":"git/git.go:152","msg":"Unexpected error: creating symlink: symlink /tekton/home/.ssh /****/.ssh: file exists"}
{"level":"info","ts":1617659576.9354475,"caller":"git/git.go:133","msg":"Successfully initialized and updated submodules in path /workspace/source"}

Showing logs for build [32msimonjamesrowe-environment-simo-2j77t-1[0m stage [32mfrom-build-pack[0m and container [32mstep-setup-builder-home[0m

Showing logs for build [32msimonjamesrowe-environment-simo-2j77t-1[0m stage [32mfrom-build-pack[0m and container [32mstep-git-merge[0m
Using SHAs from PULL_REFS=master:a9be199a2e5dada39c3d0f57fd707ea0ac4decc5,150:4ade7c81254d7a0a1616831747b891c99c0cf34f
DEBUG: LC_ALL=C JX_LOG_LEVEL=error git fetch origin --unshallow 4ade7c81254d7a0a1616831747b891c99c0cf34f: a9be199a2e5dada39c3d0f57fd707ea0ac4decc5:
DEBUG: ran git fetch --unshallow origin 4ade7c81254d7a0a1616831747b891c99c0cf34f: a9be199a2e5dada39c3d0f57fd707ea0ac4decc5: in 
DEBUG: LC_ALL=C JX_LOG_LEVEL=error git branch
DEBUG: JX_LOG_LEVEL=error LC_ALL=C git checkout master
DEBUG: ran git checkout master in 
DEBUG: LC_ALL=C JX_LOG_LEVEL=error git reset --hard a9be199a2e5dada39c3d0f57fd707ea0ac4decc5
DEBUG: ran git reset --hard a9be199a2e5dada39c3d0f57fd707ea0ac4decc5 in 
DEBUG: LC_ALL=C JX_LOG_LEVEL=error git clean -fd .
DEBUG: ran clean --force -d . in 
DEBUG: LC_ALL=C JX_LOG_LEVEL=error git merge 4ade7c81254d7a0a1616831747b891c99c0cf34f
DEBUG: ran git merge 4ade7c81254d7a0a1616831747b891c99c0cf34f in 
DEBUG: LC_ALL=C JX_LOG_LEVEL=error git log --format=%H%x1f%an%x1f%ae%x1f%cn%x1f%ce%x1f%s%n%b%x1e a9be199a2e5dada39c3d0f57fd707ea0ac4decc5..HEAD
Merged SHA 4ade7c81254d7a0a1616831747b891c99c0cf34f with commit message 'chore: Promote api-gateway to version 0.0.72' into base branch master

Showing logs for build [32msimonjamesrowe-environment-simo-2j77t-1[0m stage [32mfrom-build-pack[0m and container [32mstep-build-helm-build[0m
WARNING: No $CHART_REPOSITORY defined so using the default value of: http://jenkins-x-chartmuseum:8080
Adding missing Helm repo: storage.googleapis.com https://storage.googleapis.com/chartmuseum.jenkins-x.io
Successfully added Helm repository storage.googleapis.com.
Adding missing Helm repo: jenkins-x-chartmuseum http://jenkins-x-chartmuseum:8080
Successfully added Helm repository jenkins-x-chartmuseum.
WARNING: No $CHART_REPOSITORY defined so using the default value of: http://jenkins-x-chartmuseum:8080
Adding missing Helm repo: chartmuseum.jenkins-x.io http://chartmuseum.jenkins-x.io
Successfully added Helm repository chartmuseum.jenkins-x.io.
