
Showing logs for build [32msimonjamesrowe-environment-simo-kngms-1[0m stage [32mfrom-build-pack[0m and container [32mcredential-initializer[0m
{"level":"info","ts":1614431760.6765041,"caller":"creds-init/main.go:44","msg":"Credentials initialized."}

Showing logs for build [32msimonjamesrowe-environment-simo-kngms-1[0m stage [32mfrom-build-pack[0m and container [32mworking-dir-initializer[0m

Showing logs for build [32msimonjamesrowe-environment-simo-kngms-1[0m stage [32mfrom-build-pack[0m and container [32mplace-tools[0m

Showing logs for build [32msimonjamesrowe-environment-simo-kngms-1[0m stage [32mfrom-build-pack[0m and container [32mstep-git-source-simonjamesrowe-environment-simo-kngms-pgslr[0m
{"level":"info","ts":1614431767.5991802,"caller":"git/git.go:105","msg":"Successfully cloned https://github.com/simonjamesrowe/environment-simonjamesrowe-staging.git @ master in path /workspace/source"}
{"level":"warn","ts":1614431767.5994363,"caller":"git/git.go:152","msg":"Unexpected error: creating symlink: symlink /tekton/home/.ssh /****/.ssh: file exists"}
{"level":"info","ts":1614431767.6968067,"caller":"git/git.go:133","msg":"Successfully initialized and updated submodules in path /workspace/source"}

Showing logs for build [32msimonjamesrowe-environment-simo-kngms-1[0m stage [32mfrom-build-pack[0m and container [32mstep-setup-builder-home[0m

Showing logs for build [32msimonjamesrowe-environment-simo-kngms-1[0m stage [32mfrom-build-pack[0m and container [32mstep-git-merge[0m
Using SHAs from PULL_REFS=master:82273ce3fb18b9a03dd7eb888f3e206c8d7e1b12,79:4273281baedcb7ba58c338d7b84981e333d352ac
DEBUG: LC_ALL=C JX_LOG_LEVEL=error git fetch origin --unshallow 4273281baedcb7ba58c338d7b84981e333d352ac: 82273ce3fb18b9a03dd7eb888f3e206c8d7e1b12:
DEBUG: ran git fetch --unshallow origin 4273281baedcb7ba58c338d7b84981e333d352ac: 82273ce3fb18b9a03dd7eb888f3e206c8d7e1b12: in 
DEBUG: LC_ALL=C JX_LOG_LEVEL=error git branch
DEBUG: JX_LOG_LEVEL=error LC_ALL=C git checkout master
DEBUG: ran git checkout master in 
DEBUG: LC_ALL=C JX_LOG_LEVEL=error git reset --hard 82273ce3fb18b9a03dd7eb888f3e206c8d7e1b12
DEBUG: ran git reset --hard 82273ce3fb18b9a03dd7eb888f3e206c8d7e1b12 in 
DEBUG: LC_ALL=C JX_LOG_LEVEL=error git clean -fd .
DEBUG: ran clean --force -d . in 
DEBUG: LC_ALL=C JX_LOG_LEVEL=error git merge 4273281baedcb7ba58c338d7b84981e333d352ac
DEBUG: ran git merge 4273281baedcb7ba58c338d7b84981e333d352ac in 
DEBUG: LC_ALL=C JX_LOG_LEVEL=error git log --format=%H%x1f%an%x1f%ae%x1f%cn%x1f%ce%x1f%s%n%b%x1e 82273ce3fb18b9a03dd7eb888f3e206c8d7e1b12..HEAD
Merged SHA 4273281baedcb7ba58c338d7b84981e333d352ac with commit message 'chore: Promote react-ui to version 0.0.66' into base branch master

Showing logs for build [32msimonjamesrowe-environment-simo-kngms-1[0m stage [32mfrom-build-pack[0m and container [32mstep-build-helm-build[0m
WARNING: No $CHART_REPOSITORY defined so using the default value of: http://jenkins-x-chartmuseum:8080
Adding missing Helm repo: storage.googleapis.com https://storage.googleapis.com/chartmuseum.jenkins-x.io
Successfully added Helm repository storage.googleapis.com.
Adding missing Helm repo: jenkins-x-chartmuseum http://jenkins-x-chartmuseum:8080
Successfully added Helm repository jenkins-x-chartmuseum.
WARNING: No $CHART_REPOSITORY defined so using the default value of: http://jenkins-x-chartmuseum:8080
Adding missing Helm repo: chartmuseum.jenkins-x.io http://chartmuseum.jenkins-x.io
Successfully added Helm repository chartmuseum.jenkins-x.io.
