
Showing logs for build [32msimonjamesrowe-environment-simo-zs8k7-1[0m stage [32mfrom-build-pack[0m and container [32mcredential-initializer[0m
{"level":"info","ts":1616337926.577313,"caller":"creds-init/main.go:44","msg":"Credentials initialized."}

Showing logs for build [32msimonjamesrowe-environment-simo-zs8k7-1[0m stage [32mfrom-build-pack[0m and container [32mworking-dir-initializer[0m

Showing logs for build [32msimonjamesrowe-environment-simo-zs8k7-1[0m stage [32mfrom-build-pack[0m and container [32mplace-tools[0m

Showing logs for build [32msimonjamesrowe-environment-simo-zs8k7-1[0m stage [32mfrom-build-pack[0m and container [32mstep-git-source-simonjamesrowe-environment-simo-zs8k7-qqdb6[0m
{"level":"info","ts":1616337934.0695505,"caller":"git/git.go:105","msg":"Successfully cloned https://github.com/simonjamesrowe/environment-simonjamesrowe-staging.git @ master in path /workspace/source"}
{"level":"warn","ts":1616337934.069809,"caller":"git/git.go:152","msg":"Unexpected error: creating symlink: symlink /tekton/home/.ssh /****/.ssh: file exists"}
{"level":"info","ts":1616337934.2065217,"caller":"git/git.go:133","msg":"Successfully initialized and updated submodules in path /workspace/source"}

Showing logs for build [32msimonjamesrowe-environment-simo-zs8k7-1[0m stage [32mfrom-build-pack[0m and container [32mstep-setup-builder-home[0m

Showing logs for build [32msimonjamesrowe-environment-simo-zs8k7-1[0m stage [32mfrom-build-pack[0m and container [32mstep-git-merge[0m
Using SHAs from PULL_REFS=master:53c621a721764e5a30dd8226d7f2d01f3ecab9ab,106:b99b9cc6875d6d8308b454570e7fae62c7bfb645
DEBUG: LC_ALL=C JX_LOG_LEVEL=error git fetch origin --unshallow b99b9cc6875d6d8308b454570e7fae62c7bfb645: 53c621a721764e5a30dd8226d7f2d01f3ecab9ab:
DEBUG: ran git fetch --unshallow origin b99b9cc6875d6d8308b454570e7fae62c7bfb645: 53c621a721764e5a30dd8226d7f2d01f3ecab9ab: in 
DEBUG: LC_ALL=C JX_LOG_LEVEL=error git branch
DEBUG: LC_ALL=C JX_LOG_LEVEL=error git checkout master
DEBUG: ran git checkout master in 
DEBUG: LC_ALL=C JX_LOG_LEVEL=error git reset --hard 53c621a721764e5a30dd8226d7f2d01f3ecab9ab
DEBUG: ran git reset --hard 53c621a721764e5a30dd8226d7f2d01f3ecab9ab in 
DEBUG: LC_ALL=C JX_LOG_LEVEL=error git clean -fd .
DEBUG: ran clean --force -d . in 
DEBUG: JX_LOG_LEVEL=error LC_ALL=C git merge b99b9cc6875d6d8308b454570e7fae62c7bfb645
DEBUG: ran git merge b99b9cc6875d6d8308b454570e7fae62c7bfb645 in 
DEBUG: LC_ALL=C JX_LOG_LEVEL=error git log --format=%H%x1f%an%x1f%ae%x1f%cn%x1f%ce%x1f%s%n%b%x1e 53c621a721764e5a30dd8226d7f2d01f3ecab9ab..HEAD
Merged SHA b99b9cc6875d6d8308b454570e7fae62c7bfb645 with commit message 'chore: Promote search-service to version 0.0.47' into base branch master

Showing logs for build [32msimonjamesrowe-environment-simo-zs8k7-1[0m stage [32mfrom-build-pack[0m and container [32mstep-build-helm-build[0m
WARNING: No $CHART_REPOSITORY defined so using the default value of: http://jenkins-x-chartmuseum:8080
Adding missing Helm repo: storage.googleapis.com https://storage.googleapis.com/chartmuseum.jenkins-x.io
Successfully added Helm repository storage.googleapis.com.
Adding missing Helm repo: jenkins-x-chartmuseum http://jenkins-x-chartmuseum:8080
Successfully added Helm repository jenkins-x-chartmuseum.
WARNING: No $CHART_REPOSITORY defined so using the default value of: http://jenkins-x-chartmuseum:8080
Adding missing Helm repo: chartmuseum.jenkins-x.io http://chartmuseum.jenkins-x.io
Successfully added Helm repository chartmuseum.jenkins-x.io.
