
Showing logs for build [32msimonjamesrowe-environment-simo-6lhng-1[0m stage [32mfrom-build-pack[0m and container [32mcredential-initializer[0m
{"level":"info","ts":1615640080.8288207,"caller":"creds-init/main.go:44","msg":"Credentials initialized."}

Showing logs for build [32msimonjamesrowe-environment-simo-6lhng-1[0m stage [32mfrom-build-pack[0m and container [32mworking-dir-initializer[0m

Showing logs for build [32msimonjamesrowe-environment-simo-6lhng-1[0m stage [32mfrom-build-pack[0m and container [32mplace-tools[0m

Showing logs for build [32msimonjamesrowe-environment-simo-6lhng-1[0m stage [32mfrom-build-pack[0m and container [32mstep-git-source-simonjamesrowe-environment-simo-6lhng-rc28v[0m
{"level":"info","ts":1615640088.7283952,"caller":"git/git.go:105","msg":"Successfully cloned https://github.com/simonjamesrowe/environment-simonjamesrowe-staging.git @ master in path /workspace/source"}
{"level":"warn","ts":1615640088.728645,"caller":"git/git.go:152","msg":"Unexpected error: creating symlink: symlink /tekton/home/.ssh /****/.ssh: file exists"}
{"level":"info","ts":1615640088.9606962,"caller":"git/git.go:133","msg":"Successfully initialized and updated submodules in path /workspace/source"}

Showing logs for build [32msimonjamesrowe-environment-simo-6lhng-1[0m stage [32mfrom-build-pack[0m and container [32mstep-setup-builder-home[0m

Showing logs for build [32msimonjamesrowe-environment-simo-6lhng-1[0m stage [32mfrom-build-pack[0m and container [32mstep-git-merge[0m
Using SHAs from PULL_REFS=master:a78df72edf3c4a74665b5dba42db99fce282dcd6,101:742496b4d958c3bec512b0c708ff1311bf9aaaa1
DEBUG: LC_ALL=C JX_LOG_LEVEL=error git fetch origin --unshallow 742496b4d958c3bec512b0c708ff1311bf9aaaa1: a78df72edf3c4a74665b5dba42db99fce282dcd6:
DEBUG: ran git fetch --unshallow origin 742496b4d958c3bec512b0c708ff1311bf9aaaa1: a78df72edf3c4a74665b5dba42db99fce282dcd6: in 
DEBUG: LC_ALL=C JX_LOG_LEVEL=error git branch
DEBUG: LC_ALL=C JX_LOG_LEVEL=error git checkout master
DEBUG: ran git checkout master in 
DEBUG: LC_ALL=C JX_LOG_LEVEL=error git reset --hard a78df72edf3c4a74665b5dba42db99fce282dcd6
DEBUG: ran git reset --hard a78df72edf3c4a74665b5dba42db99fce282dcd6 in 
DEBUG: LC_ALL=C JX_LOG_LEVEL=error git clean -fd .
DEBUG: ran clean --force -d . in 
DEBUG: LC_ALL=C JX_LOG_LEVEL=error git merge 742496b4d958c3bec512b0c708ff1311bf9aaaa1
DEBUG: ran git merge 742496b4d958c3bec512b0c708ff1311bf9aaaa1 in 
DEBUG: LC_ALL=C JX_LOG_LEVEL=error git log --format=%H%x1f%an%x1f%ae%x1f%cn%x1f%ce%x1f%s%n%b%x1e a78df72edf3c4a74665b5dba42db99fce282dcd6..HEAD
Merged SHA 742496b4d958c3bec512b0c708ff1311bf9aaaa1 with commit message 'chore: Promote api-gateway to version 0.0.48' into base branch master

Showing logs for build [32msimonjamesrowe-environment-simo-6lhng-1[0m stage [32mfrom-build-pack[0m and container [32mstep-build-helm-build[0m
WARNING: No $CHART_REPOSITORY defined so using the default value of: http://jenkins-x-chartmuseum:8080
Adding missing Helm repo: storage.googleapis.com https://storage.googleapis.com/chartmuseum.jenkins-x.io
Successfully added Helm repository storage.googleapis.com.
Adding missing Helm repo: jenkins-x-chartmuseum http://jenkins-x-chartmuseum:8080
Successfully added Helm repository jenkins-x-chartmuseum.
WARNING: No $CHART_REPOSITORY defined so using the default value of: http://jenkins-x-chartmuseum:8080
Adding missing Helm repo: chartmuseum.jenkins-x.io http://chartmuseum.jenkins-x.io
Successfully added Helm repository chartmuseum.jenkins-x.io.
