
Showing logs for build [32msimonjamesrowe-environment-simo-7tpfn-1[0m stage [32mfrom-build-pack[0m and container [32mcredential-initializer[0m
{"level":"info","ts":1615059250.534871,"caller":"creds-init/main.go:44","msg":"Credentials initialized."}

Showing logs for build [32msimonjamesrowe-environment-simo-7tpfn-1[0m stage [32mfrom-build-pack[0m and container [32mworking-dir-initializer[0m

Showing logs for build [32msimonjamesrowe-environment-simo-7tpfn-1[0m stage [32mfrom-build-pack[0m and container [32mplace-tools[0m

Showing logs for build [32msimonjamesrowe-environment-simo-7tpfn-1[0m stage [32mfrom-build-pack[0m and container [32mstep-git-source-simonjamesrowe-environment-simo-7tpfn-x6599[0m
{"level":"info","ts":1615059257.21999,"caller":"git/git.go:105","msg":"Successfully cloned https://github.com/simonjamesrowe/environment-simonjamesrowe-staging.git @ master in path /workspace/source"}
{"level":"warn","ts":1615059257.2205431,"caller":"git/git.go:152","msg":"Unexpected error: creating symlink: symlink /tekton/home/.ssh /****/.ssh: file exists"}
{"level":"info","ts":1615059257.2757874,"caller":"git/git.go:133","msg":"Successfully initialized and updated submodules in path /workspace/source"}

Showing logs for build [32msimonjamesrowe-environment-simo-7tpfn-1[0m stage [32mfrom-build-pack[0m and container [32mstep-setup-builder-home[0m

Showing logs for build [32msimonjamesrowe-environment-simo-7tpfn-1[0m stage [32mfrom-build-pack[0m and container [32mstep-git-merge[0m
Using SHAs from PULL_REFS=master:898b5401bb3772cbba0b2125a39b37a29be5f1e8,89:0bb3483162862757ce89ab2e44067db4b06276aa
DEBUG: LC_ALL=C JX_LOG_LEVEL=error git fetch origin --unshallow 0bb3483162862757ce89ab2e44067db4b06276aa: 898b5401bb3772cbba0b2125a39b37a29be5f1e8:
DEBUG: ran git fetch --unshallow origin 0bb3483162862757ce89ab2e44067db4b06276aa: 898b5401bb3772cbba0b2125a39b37a29be5f1e8: in 
DEBUG: LC_ALL=C JX_LOG_LEVEL=error git branch
DEBUG: LC_ALL=C JX_LOG_LEVEL=error git checkout master
DEBUG: ran git checkout master in 
DEBUG: LC_ALL=C JX_LOG_LEVEL=error git reset --hard 898b5401bb3772cbba0b2125a39b37a29be5f1e8
DEBUG: ran git reset --hard 898b5401bb3772cbba0b2125a39b37a29be5f1e8 in 
DEBUG: LC_ALL=C JX_LOG_LEVEL=error git clean -fd .
DEBUG: ran clean --force -d . in 
DEBUG: LC_ALL=C JX_LOG_LEVEL=error git merge 0bb3483162862757ce89ab2e44067db4b06276aa
DEBUG: ran git merge 0bb3483162862757ce89ab2e44067db4b06276aa in 
DEBUG: JX_LOG_LEVEL=error LC_ALL=C git log --format=%H%x1f%an%x1f%ae%x1f%cn%x1f%ce%x1f%s%n%b%x1e 898b5401bb3772cbba0b2125a39b37a29be5f1e8..HEAD
Merged SHA 0bb3483162862757ce89ab2e44067db4b06276aa with commit message 'chore: Promote api-gateway to version 0.0.43' into base branch master

Showing logs for build [32msimonjamesrowe-environment-simo-7tpfn-1[0m stage [32mfrom-build-pack[0m and container [32mstep-build-helm-build[0m
WARNING: No $CHART_REPOSITORY defined so using the default value of: http://jenkins-x-chartmuseum:8080
Adding missing Helm repo: storage.googleapis.com https://storage.googleapis.com/chartmuseum.jenkins-x.io
Successfully added Helm repository storage.googleapis.com.
Adding missing Helm repo: jenkins-x-chartmuseum http://jenkins-x-chartmuseum:8080
Successfully added Helm repository jenkins-x-chartmuseum.
WARNING: No $CHART_REPOSITORY defined so using the default value of: http://jenkins-x-chartmuseum:8080
Adding missing Helm repo: chartmuseum.jenkins-x.io http://chartmuseum.jenkins-x.io
Successfully added Helm repository chartmuseum.jenkins-x.io.
