
Showing logs for build [32msimonjamesrowe-environment-simo-cdrkc-1[0m stage [32mfrom-build-pack[0m and container [32mcredential-initializer[0m
{"level":"info","ts":1613295255.6909661,"caller":"creds-init/main.go:44","msg":"Credentials initialized."}

Showing logs for build [32msimonjamesrowe-environment-simo-cdrkc-1[0m stage [32mfrom-build-pack[0m and container [32mworking-dir-initializer[0m

Showing logs for build [32msimonjamesrowe-environment-simo-cdrkc-1[0m stage [32mfrom-build-pack[0m and container [32mplace-tools[0m

Showing logs for build [32msimonjamesrowe-environment-simo-cdrkc-1[0m stage [32mfrom-build-pack[0m and container [32mstep-git-source-simonjamesrowe-environment-simo-cdrkc-sj7g5[0m
{"level":"info","ts":1613295261.76397,"caller":"git/git.go:105","msg":"Successfully cloned https://github.com/simonjamesrowe/environment-simonjamesrowe-staging.git @ master in path /workspace/source"}
{"level":"warn","ts":1613295261.7640972,"caller":"git/git.go:152","msg":"Unexpected error: creating symlink: symlink /tekton/home/.ssh /****/.ssh: file exists"}
{"level":"info","ts":1613295261.8175995,"caller":"git/git.go:133","msg":"Successfully initialized and updated submodules in path /workspace/source"}

Showing logs for build [32msimonjamesrowe-environment-simo-cdrkc-1[0m stage [32mfrom-build-pack[0m and container [32mstep-setup-builder-home[0m

Showing logs for build [32msimonjamesrowe-environment-simo-cdrkc-1[0m stage [32mfrom-build-pack[0m and container [32mstep-git-merge[0m
Using SHAs from PULL_REFS=master:02fb063fcadccf14555612f3f4a1793718279fb2,58:6d6aa215230017465facfb7dbc293e6ff7dba25f
DEBUG: LC_ALL=C JX_LOG_LEVEL=error git fetch origin --unshallow 6d6aa215230017465facfb7dbc293e6ff7dba25f: 02fb063fcadccf14555612f3f4a1793718279fb2:
DEBUG: ran git fetch --unshallow origin 6d6aa215230017465facfb7dbc293e6ff7dba25f: 02fb063fcadccf14555612f3f4a1793718279fb2: in 
DEBUG: JX_LOG_LEVEL=error LC_ALL=C git branch
DEBUG: LC_ALL=C JX_LOG_LEVEL=error git checkout master
DEBUG: ran git checkout master in 
DEBUG: JX_LOG_LEVEL=error LC_ALL=C git reset --hard 02fb063fcadccf14555612f3f4a1793718279fb2
DEBUG: ran git reset --hard 02fb063fcadccf14555612f3f4a1793718279fb2 in 
DEBUG: LC_ALL=C JX_LOG_LEVEL=error git clean -fd .
DEBUG: ran clean --force -d . in 
DEBUG: JX_LOG_LEVEL=error LC_ALL=C git merge 6d6aa215230017465facfb7dbc293e6ff7dba25f
DEBUG: ran git merge 6d6aa215230017465facfb7dbc293e6ff7dba25f in 
DEBUG: LC_ALL=C JX_LOG_LEVEL=error git log --format=%H%x1f%an%x1f%ae%x1f%cn%x1f%ce%x1f%s%n%b%x1e 02fb063fcadccf14555612f3f4a1793718279fb2..HEAD
Merged SHA 6d6aa215230017465facfb7dbc293e6ff7dba25f with commit message 'chore: Promote react-ui to version 0.0.57' into base branch master

Showing logs for build [32msimonjamesrowe-environment-simo-cdrkc-1[0m stage [32mfrom-build-pack[0m and container [32mstep-build-helm-build[0m
WARNING: No $CHART_REPOSITORY defined so using the default value of: http://jenkins-x-chartmuseum:8080
Adding missing Helm repo: storage.googleapis.com https://storage.googleapis.com/chartmuseum.jenkins-x.io
Successfully added Helm repository storage.googleapis.com.
Adding missing Helm repo: jenkins-x-chartmuseum http://jenkins-x-chartmuseum:8080
Successfully added Helm repository jenkins-x-chartmuseum.
WARNING: No $CHART_REPOSITORY defined so using the default value of: http://jenkins-x-chartmuseum:8080
Adding missing Helm repo: chartmuseum.jenkins-x.io http://chartmuseum.jenkins-x.io
Successfully added Helm repository chartmuseum.jenkins-x.io.
