
Showing logs for build [32msimonjamesrowe-environment-simo-cpvb6-1[0m stage [32mfrom-build-pack[0m and container [32mcredential-initializer[0m
{"level":"info","ts":1617141172.2621274,"caller":"creds-init/main.go:44","msg":"Credentials initialized."}

Showing logs for build [32msimonjamesrowe-environment-simo-cpvb6-1[0m stage [32mfrom-build-pack[0m and container [32mworking-dir-initializer[0m

Showing logs for build [32msimonjamesrowe-environment-simo-cpvb6-1[0m stage [32mfrom-build-pack[0m and container [32mplace-tools[0m

Showing logs for build [32msimonjamesrowe-environment-simo-cpvb6-1[0m stage [32mfrom-build-pack[0m and container [32mstep-git-source-simonjamesrowe-environment-simo-cpvb6-d2hk9[0m
{"level":"info","ts":1617141180.053694,"caller":"git/git.go:105","msg":"Successfully cloned https://github.com/simonjamesrowe/environment-simonjamesrowe-staging.git @ master in path /workspace/source"}
{"level":"warn","ts":1617141180.0539057,"caller":"git/git.go:152","msg":"Unexpected error: creating symlink: symlink /tekton/home/.ssh /****/.ssh: file exists"}
{"level":"info","ts":1617141180.1448736,"caller":"git/git.go:133","msg":"Successfully initialized and updated submodules in path /workspace/source"}

Showing logs for build [32msimonjamesrowe-environment-simo-cpvb6-1[0m stage [32mfrom-build-pack[0m and container [32mstep-setup-builder-home[0m

Showing logs for build [32msimonjamesrowe-environment-simo-cpvb6-1[0m stage [32mfrom-build-pack[0m and container [32mstep-git-merge[0m
Using SHAs from PULL_REFS=master:92c37e990c1d7dd2418f8fe1803f89243e1f7014,137:164107a4d2d21f116911fc812387d58c43f0c2ee
DEBUG: LC_ALL=C JX_LOG_LEVEL=error git fetch origin --unshallow 164107a4d2d21f116911fc812387d58c43f0c2ee: 92c37e990c1d7dd2418f8fe1803f89243e1f7014:
DEBUG: ran git fetch --unshallow origin 164107a4d2d21f116911fc812387d58c43f0c2ee: 92c37e990c1d7dd2418f8fe1803f89243e1f7014: in 
DEBUG: LC_ALL=C JX_LOG_LEVEL=error git branch
DEBUG: LC_ALL=C JX_LOG_LEVEL=error git checkout master
DEBUG: ran git checkout master in 
DEBUG: JX_LOG_LEVEL=error LC_ALL=C git reset --hard 92c37e990c1d7dd2418f8fe1803f89243e1f7014
DEBUG: ran git reset --hard 92c37e990c1d7dd2418f8fe1803f89243e1f7014 in 
DEBUG: LC_ALL=C JX_LOG_LEVEL=error git clean -fd .
DEBUG: ran clean --force -d . in 
DEBUG: LC_ALL=C JX_LOG_LEVEL=error git merge 164107a4d2d21f116911fc812387d58c43f0c2ee
DEBUG: ran git merge 164107a4d2d21f116911fc812387d58c43f0c2ee in 
DEBUG: JX_LOG_LEVEL=error LC_ALL=C git log --format=%H%x1f%an%x1f%ae%x1f%cn%x1f%ce%x1f%s%n%b%x1e 92c37e990c1d7dd2418f8fe1803f89243e1f7014..HEAD
Merged SHA 164107a4d2d21f116911fc812387d58c43f0c2ee with commit message 'chore: Promote search-service to version 0.0.117' into base branch master

Showing logs for build [32msimonjamesrowe-environment-simo-cpvb6-1[0m stage [32mfrom-build-pack[0m and container [32mstep-build-helm-build[0m
WARNING: No $CHART_REPOSITORY defined so using the default value of: http://jenkins-x-chartmuseum:8080
Adding missing Helm repo: storage.googleapis.com https://storage.googleapis.com/chartmuseum.jenkins-x.io
Successfully added Helm repository storage.googleapis.com.
Adding missing Helm repo: jenkins-x-chartmuseum http://jenkins-x-chartmuseum:8080
Successfully added Helm repository jenkins-x-chartmuseum.
WARNING: No $CHART_REPOSITORY defined so using the default value of: http://jenkins-x-chartmuseum:8080
Adding missing Helm repo: chartmuseum.jenkins-x.io http://chartmuseum.jenkins-x.io
Successfully added Helm repository chartmuseum.jenkins-x.io.
