
Showing logs for build [32msimonjamesrowe-environment-simo-mqc8d-1[0m stage [32mfrom-build-pack[0m and container [32mcredential-initializer[0m
{"level":"info","ts":1615110312.234077,"caller":"creds-init/main.go:44","msg":"Credentials initialized."}

Showing logs for build [32msimonjamesrowe-environment-simo-mqc8d-1[0m stage [32mfrom-build-pack[0m and container [32mworking-dir-initializer[0m

Showing logs for build [32msimonjamesrowe-environment-simo-mqc8d-1[0m stage [32mfrom-build-pack[0m and container [32mplace-tools[0m

Showing logs for build [32msimonjamesrowe-environment-simo-mqc8d-1[0m stage [32mfrom-build-pack[0m and container [32mstep-git-source-simonjamesrowe-environment-simo-mqc8d-qw5tj[0m
{"level":"info","ts":1615110317.5680408,"caller":"git/git.go:105","msg":"Successfully cloned https://github.com/simonjamesrowe/environment-simonjamesrowe-staging.git @ master in path /workspace/source"}
{"level":"warn","ts":1615110317.568208,"caller":"git/git.go:152","msg":"Unexpected error: creating symlink: symlink /tekton/home/.ssh /****/.ssh: file exists"}
{"level":"info","ts":1615110317.6205509,"caller":"git/git.go:133","msg":"Successfully initialized and updated submodules in path /workspace/source"}

Showing logs for build [32msimonjamesrowe-environment-simo-mqc8d-1[0m stage [32mfrom-build-pack[0m and container [32mstep-setup-builder-home[0m

Showing logs for build [32msimonjamesrowe-environment-simo-mqc8d-1[0m stage [32mfrom-build-pack[0m and container [32mstep-git-merge[0m
Using SHAs from PULL_REFS=master:30edf53f68ce3cf97b9f079d1b28650450d4c9ae,96:96b3648984175a15f1a85ce72401c1739e187852
DEBUG: JX_LOG_LEVEL=error LC_ALL=C git fetch origin --unshallow 96b3648984175a15f1a85ce72401c1739e187852: 30edf53f68ce3cf97b9f079d1b28650450d4c9ae:
DEBUG: ran git fetch --unshallow origin 96b3648984175a15f1a85ce72401c1739e187852: 30edf53f68ce3cf97b9f079d1b28650450d4c9ae: in 
DEBUG: LC_ALL=C JX_LOG_LEVEL=error git branch
DEBUG: LC_ALL=C JX_LOG_LEVEL=error git checkout master
DEBUG: ran git checkout master in 
DEBUG: LC_ALL=C JX_LOG_LEVEL=error git reset --hard 30edf53f68ce3cf97b9f079d1b28650450d4c9ae
DEBUG: ran git reset --hard 30edf53f68ce3cf97b9f079d1b28650450d4c9ae in 
DEBUG: LC_ALL=C JX_LOG_LEVEL=error git clean -fd .
DEBUG: ran clean --force -d . in 
DEBUG: LC_ALL=C JX_LOG_LEVEL=error git merge 96b3648984175a15f1a85ce72401c1739e187852
DEBUG: ran git merge 96b3648984175a15f1a85ce72401c1739e187852 in 
DEBUG: LC_ALL=C JX_LOG_LEVEL=error git log --format=%H%x1f%an%x1f%ae%x1f%cn%x1f%ce%x1f%s%n%b%x1e 30edf53f68ce3cf97b9f079d1b28650450d4c9ae..HEAD
Merged SHA 96b3648984175a15f1a85ce72401c1739e187852 with commit message 'chore: Promote api-gateway to version 0.0.45' into base branch master

Showing logs for build [32msimonjamesrowe-environment-simo-mqc8d-1[0m stage [32mfrom-build-pack[0m and container [32mstep-build-helm-build[0m
WARNING: No $CHART_REPOSITORY defined so using the default value of: http://jenkins-x-chartmuseum:8080
Adding missing Helm repo: storage.googleapis.com https://storage.googleapis.com/chartmuseum.jenkins-x.io
Successfully added Helm repository storage.googleapis.com.
Adding missing Helm repo: jenkins-x-chartmuseum http://jenkins-x-chartmuseum:8080
Successfully added Helm repository jenkins-x-chartmuseum.
WARNING: No $CHART_REPOSITORY defined so using the default value of: http://jenkins-x-chartmuseum:8080
Adding missing Helm repo: chartmuseum.jenkins-x.io http://chartmuseum.jenkins-x.io
Successfully added Helm repository chartmuseum.jenkins-x.io.
