
Showing logs for build [32msimonjamesrowe-environment-simo-n6hfw-1[0m stage [32mfrom-build-pack[0m and container [32mcredential-initializer[0m
{"level":"info","ts":1617278360.3959794,"caller":"creds-init/main.go:44","msg":"Credentials initialized."}

Showing logs for build [32msimonjamesrowe-environment-simo-n6hfw-1[0m stage [32mfrom-build-pack[0m and container [32mworking-dir-initializer[0m

Showing logs for build [32msimonjamesrowe-environment-simo-n6hfw-1[0m stage [32mfrom-build-pack[0m and container [32mplace-tools[0m

Showing logs for build [32msimonjamesrowe-environment-simo-n6hfw-1[0m stage [32mfrom-build-pack[0m and container [32mstep-git-source-simonjamesrowe-environment-simo-n6hfw-8wp5z[0m
{"level":"info","ts":1617278365.578639,"caller":"git/git.go:105","msg":"Successfully cloned https://github.com/simonjamesrowe/environment-simonjamesrowe-staging.git @ master in path /workspace/source"}
{"level":"warn","ts":1617278365.5788403,"caller":"git/git.go:152","msg":"Unexpected error: creating symlink: symlink /tekton/home/.ssh /****/.ssh: file exists"}
{"level":"info","ts":1617278365.6396692,"caller":"git/git.go:133","msg":"Successfully initialized and updated submodules in path /workspace/source"}

Showing logs for build [32msimonjamesrowe-environment-simo-n6hfw-1[0m stage [32mfrom-build-pack[0m and container [32mstep-setup-builder-home[0m

Showing logs for build [32msimonjamesrowe-environment-simo-n6hfw-1[0m stage [32mfrom-build-pack[0m and container [32mstep-git-merge[0m
Using SHAs from PULL_REFS=master:7f4c8a76b098e1f43db7b593d384d44cb64f19e6,139:095b1f534027198ec16360bb7e409960e27ee181
DEBUG: JX_LOG_LEVEL=error LC_ALL=C git fetch origin --unshallow 095b1f534027198ec16360bb7e409960e27ee181: 7f4c8a76b098e1f43db7b593d384d44cb64f19e6:
DEBUG: ran git fetch --unshallow origin 095b1f534027198ec16360bb7e409960e27ee181: 7f4c8a76b098e1f43db7b593d384d44cb64f19e6: in 
DEBUG: LC_ALL=C JX_LOG_LEVEL=error git branch
DEBUG: LC_ALL=C JX_LOG_LEVEL=error git checkout master
DEBUG: ran git checkout master in 
DEBUG: JX_LOG_LEVEL=error LC_ALL=C git reset --hard 7f4c8a76b098e1f43db7b593d384d44cb64f19e6
DEBUG: ran git reset --hard 7f4c8a76b098e1f43db7b593d384d44cb64f19e6 in 
DEBUG: LC_ALL=C JX_LOG_LEVEL=error git clean -fd .
DEBUG: ran clean --force -d . in 
DEBUG: LC_ALL=C JX_LOG_LEVEL=error git merge 095b1f534027198ec16360bb7e409960e27ee181
DEBUG: ran git merge 095b1f534027198ec16360bb7e409960e27ee181 in 
DEBUG: LC_ALL=C JX_LOG_LEVEL=error git log --format=%H%x1f%an%x1f%ae%x1f%cn%x1f%ce%x1f%s%n%b%x1e 7f4c8a76b098e1f43db7b593d384d44cb64f19e6..HEAD
Merged SHA 095b1f534027198ec16360bb7e409960e27ee181 with commit message 'chore: Promote search-service to version 0.0.120' into base branch master

Showing logs for build [32msimonjamesrowe-environment-simo-n6hfw-1[0m stage [32mfrom-build-pack[0m and container [32mstep-build-helm-build[0m
WARNING: No $CHART_REPOSITORY defined so using the default value of: http://jenkins-x-chartmuseum:8080
Adding missing Helm repo: storage.googleapis.com https://storage.googleapis.com/chartmuseum.jenkins-x.io
Successfully added Helm repository storage.googleapis.com.
Adding missing Helm repo: jenkins-x-chartmuseum http://jenkins-x-chartmuseum:8080
Successfully added Helm repository jenkins-x-chartmuseum.
WARNING: No $CHART_REPOSITORY defined so using the default value of: http://jenkins-x-chartmuseum:8080
Adding missing Helm repo: chartmuseum.jenkins-x.io http://chartmuseum.jenkins-x.io
Successfully added Helm repository chartmuseum.jenkins-x.io.
