
Showing logs for build [32msimonjamesrowe-environment-simo-ctqrt-1[0m stage [32mfrom-build-pack[0m and container [32mcredential-initializer[0m
{"level":"info","ts":1615058385.113437,"caller":"creds-init/main.go:44","msg":"Credentials initialized."}

Showing logs for build [32msimonjamesrowe-environment-simo-ctqrt-1[0m stage [32mfrom-build-pack[0m and container [32mworking-dir-initializer[0m

Showing logs for build [32msimonjamesrowe-environment-simo-ctqrt-1[0m stage [32mfrom-build-pack[0m and container [32mplace-tools[0m

Showing logs for build [32msimonjamesrowe-environment-simo-ctqrt-1[0m stage [32mfrom-build-pack[0m and container [32mstep-git-source-simonjamesrowe-environment-simo-ctqrt-xfw9z[0m
{"level":"info","ts":1615058391.2293642,"caller":"git/git.go:105","msg":"Successfully cloned https://github.com/simonjamesrowe/environment-simonjamesrowe-staging.git @ master in path /workspace/source"}
{"level":"warn","ts":1615058391.229604,"caller":"git/git.go:152","msg":"Unexpected error: creating symlink: symlink /tekton/home/.ssh /****/.ssh: file exists"}
{"level":"info","ts":1615058391.3065882,"caller":"git/git.go:133","msg":"Successfully initialized and updated submodules in path /workspace/source"}

Showing logs for build [32msimonjamesrowe-environment-simo-ctqrt-1[0m stage [32mfrom-build-pack[0m and container [32mstep-setup-builder-home[0m

Showing logs for build [32msimonjamesrowe-environment-simo-ctqrt-1[0m stage [32mfrom-build-pack[0m and container [32mstep-git-merge[0m
Using SHAs from PULL_REFS=master:a01b68f8af89a9a84d92593dbe8657678045427b,88:53d85419bc5f2f9e4eefaf36cc51c9fb533a783c
DEBUG: JX_LOG_LEVEL=error LC_ALL=C git fetch origin --unshallow 53d85419bc5f2f9e4eefaf36cc51c9fb533a783c: a01b68f8af89a9a84d92593dbe8657678045427b:
DEBUG: ran git fetch --unshallow origin 53d85419bc5f2f9e4eefaf36cc51c9fb533a783c: a01b68f8af89a9a84d92593dbe8657678045427b: in 
DEBUG: JX_LOG_LEVEL=error LC_ALL=C git branch
DEBUG: JX_LOG_LEVEL=error LC_ALL=C git checkout master
DEBUG: ran git checkout master in 
DEBUG: LC_ALL=C JX_LOG_LEVEL=error git reset --hard a01b68f8af89a9a84d92593dbe8657678045427b
DEBUG: ran git reset --hard a01b68f8af89a9a84d92593dbe8657678045427b in 
DEBUG: LC_ALL=C JX_LOG_LEVEL=error git clean -fd .
DEBUG: ran clean --force -d . in 
DEBUG: LC_ALL=C JX_LOG_LEVEL=error git merge 53d85419bc5f2f9e4eefaf36cc51c9fb533a783c
DEBUG: ran git merge 53d85419bc5f2f9e4eefaf36cc51c9fb533a783c in 
DEBUG: LC_ALL=C JX_LOG_LEVEL=error git log --format=%H%x1f%an%x1f%ae%x1f%cn%x1f%ce%x1f%s%n%b%x1e a01b68f8af89a9a84d92593dbe8657678045427b..HEAD
Merged SHA 53d85419bc5f2f9e4eefaf36cc51c9fb533a783c with commit message 'chore: Promote api-gateway to version 0.0.42' into base branch master

Showing logs for build [32msimonjamesrowe-environment-simo-ctqrt-1[0m stage [32mfrom-build-pack[0m and container [32mstep-build-helm-build[0m
WARNING: No $CHART_REPOSITORY defined so using the default value of: http://jenkins-x-chartmuseum:8080
Adding missing Helm repo: storage.googleapis.com https://storage.googleapis.com/chartmuseum.jenkins-x.io
Successfully added Helm repository storage.googleapis.com.
Adding missing Helm repo: jenkins-x-chartmuseum http://jenkins-x-chartmuseum:8080
Successfully added Helm repository jenkins-x-chartmuseum.
WARNING: No $CHART_REPOSITORY defined so using the default value of: http://jenkins-x-chartmuseum:8080
Adding missing Helm repo: chartmuseum.jenkins-x.io http://chartmuseum.jenkins-x.io
Successfully added Helm repository chartmuseum.jenkins-x.io.
