
Showing logs for build [32msimonjamesrowe-environment-simo-x2gzw-1[0m stage [32mfrom-build-pack[0m and container [32mcredential-initializer[0m
{"level":"info","ts":1609604879.59218,"caller":"creds-init/main.go:44","msg":"Credentials initialized."}

Showing logs for build [32msimonjamesrowe-environment-simo-x2gzw-1[0m stage [32mfrom-build-pack[0m and container [32mworking-dir-initializer[0m

Showing logs for build [32msimonjamesrowe-environment-simo-x2gzw-1[0m stage [32mfrom-build-pack[0m and container [32mplace-tools[0m

Showing logs for build [32msimonjamesrowe-environment-simo-x2gzw-1[0m stage [32mfrom-build-pack[0m and container [32mstep-git-source-simonjamesrowe-environment-simo-x2gzw-b7b2s[0m
{"level":"info","ts":1609604885.4391432,"caller":"git/git.go:105","msg":"Successfully cloned https://github.com/simonjamesrowe/environment-simonjamesrowe-staging.git @ master in path /workspace/source"}
{"level":"warn","ts":1609604885.4393115,"caller":"git/git.go:152","msg":"Unexpected error: creating symlink: symlink /tekton/home/.ssh /****/.ssh: file exists"}
{"level":"info","ts":1609604885.495515,"caller":"git/git.go:133","msg":"Successfully initialized and updated submodules in path /workspace/source"}

Showing logs for build [32msimonjamesrowe-environment-simo-x2gzw-1[0m stage [32mfrom-build-pack[0m and container [32mstep-setup-builder-home[0m

Showing logs for build [32msimonjamesrowe-environment-simo-x2gzw-1[0m stage [32mfrom-build-pack[0m and container [32mstep-git-merge[0m
Using SHAs from PULL_REFS=master:37d3f93726ef42f1087b3cd3d7d609905c10a436,10:1cbe63b9b9bbe2e91b85bf55b6e1b70295c537fa
DEBUG: LC_ALL=C JX_LOG_LEVEL=error git fetch origin --unshallow 1cbe63b9b9bbe2e91b85bf55b6e1b70295c537fa: 37d3f93726ef42f1087b3cd3d7d609905c10a436:
DEBUG: ran git fetch --unshallow origin 1cbe63b9b9bbe2e91b85bf55b6e1b70295c537fa: 37d3f93726ef42f1087b3cd3d7d609905c10a436: in 
DEBUG: LC_ALL=C JX_LOG_LEVEL=error git branch
DEBUG: LC_ALL=C JX_LOG_LEVEL=error git checkout master
DEBUG: ran git checkout master in 
DEBUG: LC_ALL=C JX_LOG_LEVEL=error git reset --hard 37d3f93726ef42f1087b3cd3d7d609905c10a436
DEBUG: ran git reset --hard 37d3f93726ef42f1087b3cd3d7d609905c10a436 in 
DEBUG: LC_ALL=C JX_LOG_LEVEL=error git clean -fd .
DEBUG: ran clean --force -d . in 
DEBUG: LC_ALL=C JX_LOG_LEVEL=error git merge 1cbe63b9b9bbe2e91b85bf55b6e1b70295c537fa
DEBUG: ran git merge 1cbe63b9b9bbe2e91b85bf55b6e1b70295c537fa in 
DEBUG: LC_ALL=C JX_LOG_LEVEL=error git log --format=%H%x1f%an%x1f%ae%x1f%cn%x1f%ce%x1f%s%n%b%x1e 37d3f93726ef42f1087b3cd3d7d609905c10a436..HEAD
Merged SHA 1cbe63b9b9bbe2e91b85bf55b6e1b70295c537fa with commit message 'chore: Promote start to version 0.0.18' into base branch master

Showing logs for build [32msimonjamesrowe-environment-simo-x2gzw-1[0m stage [32mfrom-build-pack[0m and container [32mstep-build-helm-build[0m
WARNING: No $CHART_REPOSITORY defined so using the default value of: http://jenkins-x-chartmuseum:8080
Adding missing Helm repo: storage.googleapis.com https://storage.googleapis.com/chartmuseum.jenkins-x.io
Successfully added Helm repository storage.googleapis.com.
Adding missing Helm repo: jenkins-x-chartmuseum http://jenkins-x-chartmuseum:8080
Successfully added Helm repository jenkins-x-chartmuseum.
WARNING: No $CHART_REPOSITORY defined so using the default value of: http://jenkins-x-chartmuseum:8080
Adding missing Helm repo: chartmuseum.jenkins-x.io http://chartmuseum.jenkins-x.io
Successfully added Helm repository chartmuseum.jenkins-x.io.
