
Showing logs for build [32msimonjamesrowe-environment-simo-pljp4-1[0m stage [32mfrom-build-pack[0m and container [32mcredential-initializer[0m
{"level":"info","ts":1615051901.6610684,"caller":"creds-init/main.go:44","msg":"Credentials initialized."}

Showing logs for build [32msimonjamesrowe-environment-simo-pljp4-1[0m stage [32mfrom-build-pack[0m and container [32mworking-dir-initializer[0m

Showing logs for build [32msimonjamesrowe-environment-simo-pljp4-1[0m stage [32mfrom-build-pack[0m and container [32mplace-tools[0m

Showing logs for build [32msimonjamesrowe-environment-simo-pljp4-1[0m stage [32mfrom-build-pack[0m and container [32mstep-git-source-simonjamesrowe-environment-simo-pljp4-wb6n6[0m
{"level":"info","ts":1615051908.6098166,"caller":"git/git.go:105","msg":"Successfully cloned https://github.com/simonjamesrowe/environment-simonjamesrowe-staging.git @ master in path /workspace/source"}
{"level":"warn","ts":1615051908.6099327,"caller":"git/git.go:152","msg":"Unexpected error: creating symlink: symlink /tekton/home/.ssh /****/.ssh: file exists"}
{"level":"info","ts":1615051908.7212107,"caller":"git/git.go:133","msg":"Successfully initialized and updated submodules in path /workspace/source"}

Showing logs for build [32msimonjamesrowe-environment-simo-pljp4-1[0m stage [32mfrom-build-pack[0m and container [32mstep-setup-builder-home[0m

Showing logs for build [32msimonjamesrowe-environment-simo-pljp4-1[0m stage [32mfrom-build-pack[0m and container [32mstep-git-merge[0m
Using SHAs from PULL_REFS=master:21704cadc22e9290d4464bf2322621579089eb54,86:b3f85dcb0984c9896bbb6b30433619b2b9d41871
DEBUG: LC_ALL=C JX_LOG_LEVEL=error git fetch origin --unshallow b3f85dcb0984c9896bbb6b30433619b2b9d41871: 21704cadc22e9290d4464bf2322621579089eb54:
DEBUG: ran git fetch --unshallow origin b3f85dcb0984c9896bbb6b30433619b2b9d41871: 21704cadc22e9290d4464bf2322621579089eb54: in 
DEBUG: LC_ALL=C JX_LOG_LEVEL=error git branch
DEBUG: LC_ALL=C JX_LOG_LEVEL=error git checkout master
DEBUG: ran git checkout master in 
DEBUG: LC_ALL=C JX_LOG_LEVEL=error git reset --hard 21704cadc22e9290d4464bf2322621579089eb54
DEBUG: ran git reset --hard 21704cadc22e9290d4464bf2322621579089eb54 in 
DEBUG: LC_ALL=C JX_LOG_LEVEL=error git clean -fd .
DEBUG: ran clean --force -d . in 
DEBUG: JX_LOG_LEVEL=error LC_ALL=C git merge b3f85dcb0984c9896bbb6b30433619b2b9d41871
DEBUG: ran git merge b3f85dcb0984c9896bbb6b30433619b2b9d41871 in 
DEBUG: LC_ALL=C JX_LOG_LEVEL=error git log --format=%H%x1f%an%x1f%ae%x1f%cn%x1f%ce%x1f%s%n%b%x1e 21704cadc22e9290d4464bf2322621579089eb54..HEAD
Merged SHA b3f85dcb0984c9896bbb6b30433619b2b9d41871 with commit message 'chore: Promote search-service to version 0.0.30' into base branch master

Showing logs for build [32msimonjamesrowe-environment-simo-pljp4-1[0m stage [32mfrom-build-pack[0m and container [32mstep-build-helm-build[0m
WARNING: No $CHART_REPOSITORY defined so using the default value of: http://jenkins-x-chartmuseum:8080
Adding missing Helm repo: storage.googleapis.com https://storage.googleapis.com/chartmuseum.jenkins-x.io
Successfully added Helm repository storage.googleapis.com.
Adding missing Helm repo: jenkins-x-chartmuseum http://jenkins-x-chartmuseum:8080
Successfully added Helm repository jenkins-x-chartmuseum.
WARNING: No $CHART_REPOSITORY defined so using the default value of: http://jenkins-x-chartmuseum:8080
Adding missing Helm repo: chartmuseum.jenkins-x.io http://chartmuseum.jenkins-x.io
Successfully added Helm repository chartmuseum.jenkins-x.io.
