
Showing logs for build [32msimonjamesrowe-environment-simo-8qxws-1[0m stage [32mfrom-build-pack[0m and container [32mcredential-initializer[0m
{"level":"info","ts":1615631873.4723341,"caller":"creds-init/main.go:44","msg":"Credentials initialized."}

Showing logs for build [32msimonjamesrowe-environment-simo-8qxws-1[0m stage [32mfrom-build-pack[0m and container [32mworking-dir-initializer[0m

Showing logs for build [32msimonjamesrowe-environment-simo-8qxws-1[0m stage [32mfrom-build-pack[0m and container [32mplace-tools[0m

Showing logs for build [32msimonjamesrowe-environment-simo-8qxws-1[0m stage [32mfrom-build-pack[0m and container [32mstep-git-source-simonjamesrowe-environment-simo-8qxws-mwqld[0m
{"level":"info","ts":1615631880.1364925,"caller":"git/git.go:105","msg":"Successfully cloned https://github.com/simonjamesrowe/environment-simonjamesrowe-staging.git @ master in path /workspace/source"}
{"level":"warn","ts":1615631880.1366053,"caller":"git/git.go:152","msg":"Unexpected error: creating symlink: symlink /tekton/home/.ssh /****/.ssh: file exists"}
{"level":"info","ts":1615631880.2126877,"caller":"git/git.go:133","msg":"Successfully initialized and updated submodules in path /workspace/source"}

Showing logs for build [32msimonjamesrowe-environment-simo-8qxws-1[0m stage [32mfrom-build-pack[0m and container [32mstep-setup-builder-home[0m

Showing logs for build [32msimonjamesrowe-environment-simo-8qxws-1[0m stage [32mfrom-build-pack[0m and container [32mstep-git-merge[0m
Using SHAs from PULL_REFS=master:4af7a77c827e07669c6a571fca6f8bcf0665e594,100:5f6080eb4f40c4e1dc14f371d11dc4c6e17dbd40
DEBUG: LC_ALL=C JX_LOG_LEVEL=error git fetch origin --unshallow 5f6080eb4f40c4e1dc14f371d11dc4c6e17dbd40: 4af7a77c827e07669c6a571fca6f8bcf0665e594:
DEBUG: ran git fetch --unshallow origin 5f6080eb4f40c4e1dc14f371d11dc4c6e17dbd40: 4af7a77c827e07669c6a571fca6f8bcf0665e594: in 
DEBUG: LC_ALL=C JX_LOG_LEVEL=error git branch
DEBUG: LC_ALL=C JX_LOG_LEVEL=error git checkout master
DEBUG: ran git checkout master in 
DEBUG: LC_ALL=C JX_LOG_LEVEL=error git reset --hard 4af7a77c827e07669c6a571fca6f8bcf0665e594
DEBUG: ran git reset --hard 4af7a77c827e07669c6a571fca6f8bcf0665e594 in 
DEBUG: LC_ALL=C JX_LOG_LEVEL=error git clean -fd .
DEBUG: ran clean --force -d . in 
DEBUG: LC_ALL=C JX_LOG_LEVEL=error git merge 5f6080eb4f40c4e1dc14f371d11dc4c6e17dbd40
DEBUG: ran git merge 5f6080eb4f40c4e1dc14f371d11dc4c6e17dbd40 in 
DEBUG: LC_ALL=C JX_LOG_LEVEL=error git log --format=%H%x1f%an%x1f%ae%x1f%cn%x1f%ce%x1f%s%n%b%x1e 4af7a77c827e07669c6a571fca6f8bcf0665e594..HEAD
Merged SHA 5f6080eb4f40c4e1dc14f371d11dc4c6e17dbd40 with commit message 'chore: Promote search-service to version 0.0.40' into base branch master

Showing logs for build [32msimonjamesrowe-environment-simo-8qxws-1[0m stage [32mfrom-build-pack[0m and container [32mstep-build-helm-build[0m
WARNING: No $CHART_REPOSITORY defined so using the default value of: http://jenkins-x-chartmuseum:8080
Adding missing Helm repo: storage.googleapis.com https://storage.googleapis.com/chartmuseum.jenkins-x.io
Successfully added Helm repository storage.googleapis.com.
Adding missing Helm repo: jenkins-x-chartmuseum http://jenkins-x-chartmuseum:8080
Successfully added Helm repository jenkins-x-chartmuseum.
WARNING: No $CHART_REPOSITORY defined so using the default value of: http://jenkins-x-chartmuseum:8080
Adding missing Helm repo: chartmuseum.jenkins-x.io http://chartmuseum.jenkins-x.io
Successfully added Helm repository chartmuseum.jenkins-x.io.
