
Showing logs for build [32msimonjamesrowe-environment-simo-bl7ph-1[0m stage [32mfrom-build-pack[0m and container [32mcredential-initializer[0m
{"level":"info","ts":1610790397.013238,"caller":"creds-init/main.go:44","msg":"Credentials initialized."}

Showing logs for build [32msimonjamesrowe-environment-simo-bl7ph-1[0m stage [32mfrom-build-pack[0m and container [32mworking-dir-initializer[0m

Showing logs for build [32msimonjamesrowe-environment-simo-bl7ph-1[0m stage [32mfrom-build-pack[0m and container [32mplace-tools[0m

Showing logs for build [32msimonjamesrowe-environment-simo-bl7ph-1[0m stage [32mfrom-build-pack[0m and container [32mstep-git-source-simonjamesrowe-environment-simo-bl7ph-v4fz8[0m
{"level":"info","ts":1610790403.8997214,"caller":"git/git.go:105","msg":"Successfully cloned https://github.com/simonjamesrowe/environment-simonjamesrowe-staging.git @ master in path /workspace/source"}
{"level":"warn","ts":1610790403.8999019,"caller":"git/git.go:152","msg":"Unexpected error: creating symlink: symlink /tekton/home/.ssh /****/.ssh: file exists"}
{"level":"info","ts":1610790403.972927,"caller":"git/git.go:133","msg":"Successfully initialized and updated submodules in path /workspace/source"}

Showing logs for build [32msimonjamesrowe-environment-simo-bl7ph-1[0m stage [32mfrom-build-pack[0m and container [32mstep-setup-builder-home[0m

Showing logs for build [32msimonjamesrowe-environment-simo-bl7ph-1[0m stage [32mfrom-build-pack[0m and container [32mstep-git-merge[0m
Using SHAs from PULL_REFS=master:fab715aca0fb1c2e5a6c661c78ead2b0f86a3f0d,24:afd3e855896f869c8028cc30399729ac88238913
DEBUG: LC_ALL=C JX_LOG_LEVEL=error git fetch origin --unshallow afd3e855896f869c8028cc30399729ac88238913: fab715aca0fb1c2e5a6c661c78ead2b0f86a3f0d:
DEBUG: ran git fetch --unshallow origin afd3e855896f869c8028cc30399729ac88238913: fab715aca0fb1c2e5a6c661c78ead2b0f86a3f0d: in 
DEBUG: LC_ALL=C JX_LOG_LEVEL=error git branch
DEBUG: LC_ALL=C JX_LOG_LEVEL=error git checkout master
DEBUG: ran git checkout master in 
DEBUG: LC_ALL=C JX_LOG_LEVEL=error git reset --hard fab715aca0fb1c2e5a6c661c78ead2b0f86a3f0d
DEBUG: ran git reset --hard fab715aca0fb1c2e5a6c661c78ead2b0f86a3f0d in 
DEBUG: LC_ALL=C JX_LOG_LEVEL=error git clean -fd .
DEBUG: ran clean --force -d . in 
DEBUG: LC_ALL=C JX_LOG_LEVEL=error git merge afd3e855896f869c8028cc30399729ac88238913
DEBUG: ran git merge afd3e855896f869c8028cc30399729ac88238913 in 
DEBUG: LC_ALL=C JX_LOG_LEVEL=error git log --format=%H%x1f%an%x1f%ae%x1f%cn%x1f%ce%x1f%s%n%b%x1e fab715aca0fb1c2e5a6c661c78ead2b0f86a3f0d..HEAD
Merged SHA afd3e855896f869c8028cc30399729ac88238913 with commit message 'chore: Promote search-service to version 0.0.7' into base branch master

Showing logs for build [32msimonjamesrowe-environment-simo-bl7ph-1[0m stage [32mfrom-build-pack[0m and container [32mstep-build-helm-build[0m
WARNING: No $CHART_REPOSITORY defined so using the default value of: http://jenkins-x-chartmuseum:8080
Adding missing Helm repo: storage.googleapis.com https://storage.googleapis.com/chartmuseum.jenkins-x.io
Successfully added Helm repository storage.googleapis.com.
Adding missing Helm repo: jenkins-x-chartmuseum http://jenkins-x-chartmuseum:8080
Successfully added Helm repository jenkins-x-chartmuseum.
WARNING: No $CHART_REPOSITORY defined so using the default value of: http://jenkins-x-chartmuseum:8080
Adding missing Helm repo: chartmuseum.jenkins-x.io http://chartmuseum.jenkins-x.io
Successfully added Helm repository chartmuseum.jenkins-x.io.
