
Showing logs for build [32msimonjamesrowe-environment-simo-w5gj4-1[0m stage [32mfrom-build-pack[0m and container [32mcredential-initializer[0m
{"level":"info","ts":1610179806.6614904,"caller":"creds-init/main.go:44","msg":"Credentials initialized."}

Showing logs for build [32msimonjamesrowe-environment-simo-w5gj4-1[0m stage [32mfrom-build-pack[0m and container [32mworking-dir-initializer[0m

Showing logs for build [32msimonjamesrowe-environment-simo-w5gj4-1[0m stage [32mfrom-build-pack[0m and container [32mplace-tools[0m

Showing logs for build [32msimonjamesrowe-environment-simo-w5gj4-1[0m stage [32mfrom-build-pack[0m and container [32mstep-git-source-simonjamesrowe-environment-simo-w5gj4-f2z27[0m
{"level":"info","ts":1610179812.6130726,"caller":"git/git.go:105","msg":"Successfully cloned https://github.com/simonjamesrowe/environment-simonjamesrowe-staging.git @ master in path /workspace/source"}
{"level":"warn","ts":1610179812.6131835,"caller":"git/git.go:152","msg":"Unexpected error: creating symlink: symlink /tekton/home/.ssh /****/.ssh: file exists"}
{"level":"info","ts":1610179812.6588383,"caller":"git/git.go:133","msg":"Successfully initialized and updated submodules in path /workspace/source"}

Showing logs for build [32msimonjamesrowe-environment-simo-w5gj4-1[0m stage [32mfrom-build-pack[0m and container [32mstep-setup-builder-home[0m

Showing logs for build [32msimonjamesrowe-environment-simo-w5gj4-1[0m stage [32mfrom-build-pack[0m and container [32mstep-git-merge[0m
Using SHAs from PULL_REFS=master:d2c620e0dde438b38508569b48acfec42d1cf446,15:42e305531d71960584fd8524c20a825004b0351d
DEBUG: LC_ALL=C JX_LOG_LEVEL=error git fetch origin --unshallow 42e305531d71960584fd8524c20a825004b0351d: d2c620e0dde438b38508569b48acfec42d1cf446:
DEBUG: ran git fetch --unshallow origin 42e305531d71960584fd8524c20a825004b0351d: d2c620e0dde438b38508569b48acfec42d1cf446: in 
DEBUG: LC_ALL=C JX_LOG_LEVEL=error git branch
DEBUG: LC_ALL=C JX_LOG_LEVEL=error git checkout master
DEBUG: ran git checkout master in 
DEBUG: JX_LOG_LEVEL=error LC_ALL=C git reset --hard d2c620e0dde438b38508569b48acfec42d1cf446
DEBUG: ran git reset --hard d2c620e0dde438b38508569b48acfec42d1cf446 in 
DEBUG: LC_ALL=C JX_LOG_LEVEL=error git clean -fd .
DEBUG: ran clean --force -d . in 
DEBUG: LC_ALL=C JX_LOG_LEVEL=error git merge 42e305531d71960584fd8524c20a825004b0351d
DEBUG: ran git merge 42e305531d71960584fd8524c20a825004b0351d in 
DEBUG: LC_ALL=C JX_LOG_LEVEL=error git log --format=%H%x1f%an%x1f%ae%x1f%cn%x1f%ce%x1f%s%n%b%x1e d2c620e0dde438b38508569b48acfec42d1cf446..HEAD
Merged SHA 42e305531d71960584fd8524c20a825004b0351d with commit message 'chore: Promote api-gateway to version 0.0.10' into base branch master

Showing logs for build [32msimonjamesrowe-environment-simo-w5gj4-1[0m stage [32mfrom-build-pack[0m and container [32mstep-build-helm-build[0m
WARNING: No $CHART_REPOSITORY defined so using the default value of: http://jenkins-x-chartmuseum:8080
Adding missing Helm repo: storage.googleapis.com https://storage.googleapis.com/chartmuseum.jenkins-x.io
Successfully added Helm repository storage.googleapis.com.
Adding missing Helm repo: jenkins-x-chartmuseum http://jenkins-x-chartmuseum:8080
Successfully added Helm repository jenkins-x-chartmuseum.
WARNING: No $CHART_REPOSITORY defined so using the default value of: http://jenkins-x-chartmuseum:8080
Adding missing Helm repo: chartmuseum.jenkins-x.io http://chartmuseum.jenkins-x.io
Successfully added Helm repository chartmuseum.jenkins-x.io.
