
Showing logs for build [32msimonjamesrowe-environment-simo-j7t4n-1[0m stage [32mfrom-build-pack[0m and container [32mcredential-initializer[0m
{"level":"info","ts":1616768643.7002025,"caller":"creds-init/main.go:44","msg":"Credentials initialized."}

Showing logs for build [32msimonjamesrowe-environment-simo-j7t4n-1[0m stage [32mfrom-build-pack[0m and container [32mworking-dir-initializer[0m

Showing logs for build [32msimonjamesrowe-environment-simo-j7t4n-1[0m stage [32mfrom-build-pack[0m and container [32mplace-tools[0m

Showing logs for build [32msimonjamesrowe-environment-simo-j7t4n-1[0m stage [32mfrom-build-pack[0m and container [32mstep-git-source-simonjamesrowe-environment-simo-j7t4n-h8n7p[0m
{"level":"info","ts":1616768651.5250041,"caller":"git/git.go:105","msg":"Successfully cloned https://github.com/simonjamesrowe/environment-simonjamesrowe-staging.git @ master in path /workspace/source"}
{"level":"warn","ts":1616768651.5251312,"caller":"git/git.go:152","msg":"Unexpected error: creating symlink: symlink /tekton/home/.ssh /****/.ssh: file exists"}
{"level":"info","ts":1616768651.593805,"caller":"git/git.go:133","msg":"Successfully initialized and updated submodules in path /workspace/source"}

Showing logs for build [32msimonjamesrowe-environment-simo-j7t4n-1[0m stage [32mfrom-build-pack[0m and container [32mstep-setup-builder-home[0m

Showing logs for build [32msimonjamesrowe-environment-simo-j7t4n-1[0m stage [32mfrom-build-pack[0m and container [32mstep-git-merge[0m
Using SHAs from PULL_REFS=master:7ce50ebd6a239540c93aa944fd8e8f75fbcc91dc,121:84f7879969623755f994d7f95def933858f1ebd5
DEBUG: LC_ALL=C JX_LOG_LEVEL=error git fetch origin --unshallow 84f7879969623755f994d7f95def933858f1ebd5: 7ce50ebd6a239540c93aa944fd8e8f75fbcc91dc:
DEBUG: ran git fetch --unshallow origin 84f7879969623755f994d7f95def933858f1ebd5: 7ce50ebd6a239540c93aa944fd8e8f75fbcc91dc: in 
DEBUG: LC_ALL=C JX_LOG_LEVEL=error git branch
DEBUG: LC_ALL=C JX_LOG_LEVEL=error git checkout master
DEBUG: ran git checkout master in 
DEBUG: JX_LOG_LEVEL=error LC_ALL=C git reset --hard 7ce50ebd6a239540c93aa944fd8e8f75fbcc91dc
DEBUG: ran git reset --hard 7ce50ebd6a239540c93aa944fd8e8f75fbcc91dc in 
DEBUG: LC_ALL=C JX_LOG_LEVEL=error git clean -fd .
DEBUG: ran clean --force -d . in 
DEBUG: LC_ALL=C JX_LOG_LEVEL=error git merge 84f7879969623755f994d7f95def933858f1ebd5
DEBUG: ran git merge 84f7879969623755f994d7f95def933858f1ebd5 in 
DEBUG: JX_LOG_LEVEL=error LC_ALL=C git log --format=%H%x1f%an%x1f%ae%x1f%cn%x1f%ce%x1f%s%n%b%x1e 7ce50ebd6a239540c93aa944fd8e8f75fbcc91dc..HEAD
Merged SHA 84f7879969623755f994d7f95def933858f1ebd5 with commit message 'chore: Promote search-service to version 0.0.86' into base branch master

Showing logs for build [32msimonjamesrowe-environment-simo-j7t4n-1[0m stage [32mfrom-build-pack[0m and container [32mstep-build-helm-build[0m
WARNING: No $CHART_REPOSITORY defined so using the default value of: http://jenkins-x-chartmuseum:8080
Adding missing Helm repo: storage.googleapis.com https://storage.googleapis.com/chartmuseum.jenkins-x.io
Successfully added Helm repository storage.googleapis.com.
Adding missing Helm repo: jenkins-x-chartmuseum http://jenkins-x-chartmuseum:8080
Successfully added Helm repository jenkins-x-chartmuseum.
WARNING: No $CHART_REPOSITORY defined so using the default value of: http://jenkins-x-chartmuseum:8080
Adding missing Helm repo: chartmuseum.jenkins-x.io http://chartmuseum.jenkins-x.io
Successfully added Helm repository chartmuseum.jenkins-x.io.
