
Showing logs for build [32msimonjamesrowe-environment-simo-skhzp-1[0m stage [32mfrom-build-pack[0m and container [32mcredential-initializer[0m
{"level":"info","ts":1616788359.8343537,"caller":"creds-init/main.go:44","msg":"Credentials initialized."}

Showing logs for build [32msimonjamesrowe-environment-simo-skhzp-1[0m stage [32mfrom-build-pack[0m and container [32mworking-dir-initializer[0m

Showing logs for build [32msimonjamesrowe-environment-simo-skhzp-1[0m stage [32mfrom-build-pack[0m and container [32mplace-tools[0m

Showing logs for build [32msimonjamesrowe-environment-simo-skhzp-1[0m stage [32mfrom-build-pack[0m and container [32mstep-git-source-simonjamesrowe-environment-simo-skhzp-snx95[0m
{"level":"info","ts":1616788366.2222157,"caller":"git/git.go:105","msg":"Successfully cloned https://github.com/simonjamesrowe/environment-simonjamesrowe-staging.git @ master in path /workspace/source"}
{"level":"warn","ts":1616788366.2223058,"caller":"git/git.go:152","msg":"Unexpected error: creating symlink: symlink /tekton/home/.ssh /****/.ssh: file exists"}
{"level":"info","ts":1616788366.2911115,"caller":"git/git.go:133","msg":"Successfully initialized and updated submodules in path /workspace/source"}

Showing logs for build [32msimonjamesrowe-environment-simo-skhzp-1[0m stage [32mfrom-build-pack[0m and container [32mstep-setup-builder-home[0m

Showing logs for build [32msimonjamesrowe-environment-simo-skhzp-1[0m stage [32mfrom-build-pack[0m and container [32mstep-git-merge[0m
Using SHAs from PULL_REFS=master:ee6227649cc19c0f050a28f655cd9f742b01bb19,126:c698d4fd530911ab05fc01f75cc5410aa8966f1f
DEBUG: LC_ALL=C JX_LOG_LEVEL=error git fetch origin --unshallow c698d4fd530911ab05fc01f75cc5410aa8966f1f: ee6227649cc19c0f050a28f655cd9f742b01bb19:
DEBUG: ran git fetch --unshallow origin c698d4fd530911ab05fc01f75cc5410aa8966f1f: ee6227649cc19c0f050a28f655cd9f742b01bb19: in 
DEBUG: LC_ALL=C JX_LOG_LEVEL=error git branch
DEBUG: JX_LOG_LEVEL=error LC_ALL=C git checkout master
DEBUG: ran git checkout master in 
DEBUG: LC_ALL=C JX_LOG_LEVEL=error git reset --hard ee6227649cc19c0f050a28f655cd9f742b01bb19
DEBUG: ran git reset --hard ee6227649cc19c0f050a28f655cd9f742b01bb19 in 
DEBUG: LC_ALL=C JX_LOG_LEVEL=error git clean -fd .
DEBUG: ran clean --force -d . in 
DEBUG: LC_ALL=C JX_LOG_LEVEL=error git merge c698d4fd530911ab05fc01f75cc5410aa8966f1f
DEBUG: ran git merge c698d4fd530911ab05fc01f75cc5410aa8966f1f in 
DEBUG: LC_ALL=C JX_LOG_LEVEL=error git log --format=%H%x1f%an%x1f%ae%x1f%cn%x1f%ce%x1f%s%n%b%x1e ee6227649cc19c0f050a28f655cd9f742b01bb19..HEAD
Merged SHA c698d4fd530911ab05fc01f75cc5410aa8966f1f with commit message 'chore: Promote search-service to version 0.0.91' into base branch master

Showing logs for build [32msimonjamesrowe-environment-simo-skhzp-1[0m stage [32mfrom-build-pack[0m and container [32mstep-build-helm-build[0m
WARNING: No $CHART_REPOSITORY defined so using the default value of: http://jenkins-x-chartmuseum:8080
Adding missing Helm repo: storage.googleapis.com https://storage.googleapis.com/chartmuseum.jenkins-x.io
Successfully added Helm repository storage.googleapis.com.
Adding missing Helm repo: jenkins-x-chartmuseum http://jenkins-x-chartmuseum:8080
Successfully added Helm repository jenkins-x-chartmuseum.
WARNING: No $CHART_REPOSITORY defined so using the default value of: http://jenkins-x-chartmuseum:8080
Adding missing Helm repo: chartmuseum.jenkins-x.io http://chartmuseum.jenkins-x.io
Successfully added Helm repository chartmuseum.jenkins-x.io.
