
Showing logs for build [32msimonjamesrowe-environment-simo-g99jf-1[0m stage [32mfrom-build-pack[0m and container [32mcredential-initializer[0m
{"level":"info","ts":1610918100.9377427,"caller":"creds-init/main.go:44","msg":"Credentials initialized."}

Showing logs for build [32msimonjamesrowe-environment-simo-g99jf-1[0m stage [32mfrom-build-pack[0m and container [32mworking-dir-initializer[0m

Showing logs for build [32msimonjamesrowe-environment-simo-g99jf-1[0m stage [32mfrom-build-pack[0m and container [32mplace-tools[0m

Showing logs for build [32msimonjamesrowe-environment-simo-g99jf-1[0m stage [32mfrom-build-pack[0m and container [32mstep-git-source-simonjamesrowe-environment-simo-g99jf-t469p[0m
{"level":"info","ts":1610918109.264787,"caller":"git/git.go:105","msg":"Successfully cloned https://github.com/simonjamesrowe/environment-simonjamesrowe-staging.git @ master in path /workspace/source"}
{"level":"warn","ts":1610918109.2649121,"caller":"git/git.go:152","msg":"Unexpected error: creating symlink: symlink /tekton/home/.ssh /****/.ssh: file exists"}
{"level":"info","ts":1610918109.332601,"caller":"git/git.go:133","msg":"Successfully initialized and updated submodules in path /workspace/source"}

Showing logs for build [32msimonjamesrowe-environment-simo-g99jf-1[0m stage [32mfrom-build-pack[0m and container [32mstep-setup-builder-home[0m

Showing logs for build [32msimonjamesrowe-environment-simo-g99jf-1[0m stage [32mfrom-build-pack[0m and container [32mstep-git-merge[0m
Using SHAs from PULL_REFS=master:0682b6978aed81f664be283782903fef86d9f089,30:788b7a224def2ad7ac3fd021edf576baca3d2cb4
DEBUG: LC_ALL=C JX_LOG_LEVEL=error git fetch origin --unshallow 788b7a224def2ad7ac3fd021edf576baca3d2cb4: 0682b6978aed81f664be283782903fef86d9f089:
DEBUG: ran git fetch --unshallow origin 788b7a224def2ad7ac3fd021edf576baca3d2cb4: 0682b6978aed81f664be283782903fef86d9f089: in 
DEBUG: LC_ALL=C JX_LOG_LEVEL=error git branch
DEBUG: LC_ALL=C JX_LOG_LEVEL=error git checkout master
DEBUG: ran git checkout master in 
DEBUG: LC_ALL=C JX_LOG_LEVEL=error git reset --hard 0682b6978aed81f664be283782903fef86d9f089
DEBUG: ran git reset --hard 0682b6978aed81f664be283782903fef86d9f089 in 
DEBUG: LC_ALL=C JX_LOG_LEVEL=error git clean -fd .
DEBUG: ran clean --force -d . in 
DEBUG: LC_ALL=C JX_LOG_LEVEL=error git merge 788b7a224def2ad7ac3fd021edf576baca3d2cb4
DEBUG: ran git merge 788b7a224def2ad7ac3fd021edf576baca3d2cb4 in 
DEBUG: LC_ALL=C JX_LOG_LEVEL=error git log --format=%H%x1f%an%x1f%ae%x1f%cn%x1f%ce%x1f%s%n%b%x1e 0682b6978aed81f664be283782903fef86d9f089..HEAD
Merged SHA 788b7a224def2ad7ac3fd021edf576baca3d2cb4 with commit message 'chore: Promote api-gateway to version 0.0.13' into base branch master

Showing logs for build [32msimonjamesrowe-environment-simo-g99jf-1[0m stage [32mfrom-build-pack[0m and container [32mstep-build-helm-build[0m
WARNING: No $CHART_REPOSITORY defined so using the default value of: http://jenkins-x-chartmuseum:8080
Adding missing Helm repo: storage.googleapis.com https://storage.googleapis.com/chartmuseum.jenkins-x.io
Successfully added Helm repository storage.googleapis.com.
Adding missing Helm repo: jenkins-x-chartmuseum http://jenkins-x-chartmuseum:8080
Successfully added Helm repository jenkins-x-chartmuseum.
WARNING: No $CHART_REPOSITORY defined so using the default value of: http://jenkins-x-chartmuseum:8080
Adding missing Helm repo: chartmuseum.jenkins-x.io http://chartmuseum.jenkins-x.io
Successfully added Helm repository chartmuseum.jenkins-x.io.
