
Showing logs for build [32msimonjamesrowe-environment-simo-n765l-1[0m stage [32mfrom-build-pack[0m and container [32mcredential-initializer[0m
{"level":"info","ts":1615630895.8769128,"caller":"creds-init/main.go:44","msg":"Credentials initialized."}

Showing logs for build [32msimonjamesrowe-environment-simo-n765l-1[0m stage [32mfrom-build-pack[0m and container [32mworking-dir-initializer[0m

Showing logs for build [32msimonjamesrowe-environment-simo-n765l-1[0m stage [32mfrom-build-pack[0m and container [32mplace-tools[0m

Showing logs for build [32msimonjamesrowe-environment-simo-n765l-1[0m stage [32mfrom-build-pack[0m and container [32mstep-git-source-simonjamesrowe-environment-simo-n765l-zhc2s[0m
{"level":"info","ts":1615630902.4327962,"caller":"git/git.go:105","msg":"Successfully cloned https://github.com/simonjamesrowe/environment-simonjamesrowe-staging.git @ master in path /workspace/source"}
{"level":"warn","ts":1615630902.4329453,"caller":"git/git.go:152","msg":"Unexpected error: creating symlink: symlink /tekton/home/.ssh /****/.ssh: file exists"}
{"level":"info","ts":1615630902.4961627,"caller":"git/git.go:133","msg":"Successfully initialized and updated submodules in path /workspace/source"}

Showing logs for build [32msimonjamesrowe-environment-simo-n765l-1[0m stage [32mfrom-build-pack[0m and container [32mstep-setup-builder-home[0m

Showing logs for build [32msimonjamesrowe-environment-simo-n765l-1[0m stage [32mfrom-build-pack[0m and container [32mstep-git-merge[0m
Using SHAs from PULL_REFS=master:ebe02ab6b5271162b040a462346bec6d74e77eb0,99:f31fbb48a39c45a5eca0f59764fda4a90a6ff281
DEBUG: LC_ALL=C JX_LOG_LEVEL=error git fetch origin --unshallow f31fbb48a39c45a5eca0f59764fda4a90a6ff281: ebe02ab6b5271162b040a462346bec6d74e77eb0:
DEBUG: ran git fetch --unshallow origin f31fbb48a39c45a5eca0f59764fda4a90a6ff281: ebe02ab6b5271162b040a462346bec6d74e77eb0: in 
DEBUG: LC_ALL=C JX_LOG_LEVEL=error git branch
DEBUG: LC_ALL=C JX_LOG_LEVEL=error git checkout master
DEBUG: ran git checkout master in 
DEBUG: LC_ALL=C JX_LOG_LEVEL=error git reset --hard ebe02ab6b5271162b040a462346bec6d74e77eb0
DEBUG: ran git reset --hard ebe02ab6b5271162b040a462346bec6d74e77eb0 in 
DEBUG: LC_ALL=C JX_LOG_LEVEL=error git clean -fd .
DEBUG: ran clean --force -d . in 
DEBUG: LC_ALL=C JX_LOG_LEVEL=error git merge f31fbb48a39c45a5eca0f59764fda4a90a6ff281
DEBUG: ran git merge f31fbb48a39c45a5eca0f59764fda4a90a6ff281 in 
DEBUG: LC_ALL=C JX_LOG_LEVEL=error git log --format=%H%x1f%an%x1f%ae%x1f%cn%x1f%ce%x1f%s%n%b%x1e ebe02ab6b5271162b040a462346bec6d74e77eb0..HEAD
Merged SHA f31fbb48a39c45a5eca0f59764fda4a90a6ff281 with commit message 'chore: Promote search-service to version 0.0.39' into base branch master

Showing logs for build [32msimonjamesrowe-environment-simo-n765l-1[0m stage [32mfrom-build-pack[0m and container [32mstep-build-helm-build[0m
WARNING: No $CHART_REPOSITORY defined so using the default value of: http://jenkins-x-chartmuseum:8080
Adding missing Helm repo: storage.googleapis.com https://storage.googleapis.com/chartmuseum.jenkins-x.io
Successfully added Helm repository storage.googleapis.com.
Adding missing Helm repo: jenkins-x-chartmuseum http://jenkins-x-chartmuseum:8080
Successfully added Helm repository jenkins-x-chartmuseum.
WARNING: No $CHART_REPOSITORY defined so using the default value of: http://jenkins-x-chartmuseum:8080
Adding missing Helm repo: chartmuseum.jenkins-x.io http://chartmuseum.jenkins-x.io
Successfully added Helm repository chartmuseum.jenkins-x.io.
