
Showing logs for build [32msimonjamesrowe-environment-simo-jjtj9-1[0m stage [32mfrom-build-pack[0m and container [32mcredential-initializer[0m
{"level":"info","ts":1612165303.7994478,"caller":"creds-init/main.go:44","msg":"Credentials initialized."}

Showing logs for build [32msimonjamesrowe-environment-simo-jjtj9-1[0m stage [32mfrom-build-pack[0m and container [32mworking-dir-initializer[0m

Showing logs for build [32msimonjamesrowe-environment-simo-jjtj9-1[0m stage [32mfrom-build-pack[0m and container [32mplace-tools[0m

Showing logs for build [32msimonjamesrowe-environment-simo-jjtj9-1[0m stage [32mfrom-build-pack[0m and container [32mstep-git-source-simonjamesrowe-environment-simo-jjtj9-msd9v[0m
{"level":"info","ts":1612165310.905017,"caller":"git/git.go:105","msg":"Successfully cloned https://github.com/simonjamesrowe/environment-simonjamesrowe-staging.git @ master in path /workspace/source"}
{"level":"warn","ts":1612165310.9051552,"caller":"git/git.go:152","msg":"Unexpected error: creating symlink: symlink /tekton/home/.ssh /****/.ssh: file exists"}
{"level":"info","ts":1612165310.95464,"caller":"git/git.go:133","msg":"Successfully initialized and updated submodules in path /workspace/source"}

Showing logs for build [32msimonjamesrowe-environment-simo-jjtj9-1[0m stage [32mfrom-build-pack[0m and container [32mstep-setup-builder-home[0m

Showing logs for build [32msimonjamesrowe-environment-simo-jjtj9-1[0m stage [32mfrom-build-pack[0m and container [32mstep-git-merge[0m
Using SHAs from PULL_REFS=master:4db38a3de69afb1821f89e8a745b36c8078319ac,43:e8948d0588f0930446cbfb8d33a88fb7d897e40f
DEBUG: JX_LOG_LEVEL=error LC_ALL=C git fetch origin --unshallow e8948d0588f0930446cbfb8d33a88fb7d897e40f: 4db38a3de69afb1821f89e8a745b36c8078319ac:
DEBUG: ran git fetch --unshallow origin e8948d0588f0930446cbfb8d33a88fb7d897e40f: 4db38a3de69afb1821f89e8a745b36c8078319ac: in 
DEBUG: LC_ALL=C JX_LOG_LEVEL=error git branch
DEBUG: JX_LOG_LEVEL=error LC_ALL=C git checkout master
DEBUG: ran git checkout master in 
DEBUG: LC_ALL=C JX_LOG_LEVEL=error git reset --hard 4db38a3de69afb1821f89e8a745b36c8078319ac
DEBUG: ran git reset --hard 4db38a3de69afb1821f89e8a745b36c8078319ac in 
DEBUG: LC_ALL=C JX_LOG_LEVEL=error git clean -fd .
DEBUG: ran clean --force -d . in 
DEBUG: LC_ALL=C JX_LOG_LEVEL=error git merge e8948d0588f0930446cbfb8d33a88fb7d897e40f
DEBUG: ran git merge e8948d0588f0930446cbfb8d33a88fb7d897e40f in 
DEBUG: LC_ALL=C JX_LOG_LEVEL=error git log --format=%H%x1f%an%x1f%ae%x1f%cn%x1f%ce%x1f%s%n%b%x1e 4db38a3de69afb1821f89e8a745b36c8078319ac..HEAD
Merged SHA e8948d0588f0930446cbfb8d33a88fb7d897e40f with commit message 'chore: Promote search-service to version 0.0.19' into base branch master

Showing logs for build [32msimonjamesrowe-environment-simo-jjtj9-1[0m stage [32mfrom-build-pack[0m and container [32mstep-build-helm-build[0m
WARNING: No $CHART_REPOSITORY defined so using the default value of: http://jenkins-x-chartmuseum:8080
Adding missing Helm repo: storage.googleapis.com https://storage.googleapis.com/chartmuseum.jenkins-x.io
Successfully added Helm repository storage.googleapis.com.
Adding missing Helm repo: jenkins-x-chartmuseum http://jenkins-x-chartmuseum:8080
Successfully added Helm repository jenkins-x-chartmuseum.
WARNING: No $CHART_REPOSITORY defined so using the default value of: http://jenkins-x-chartmuseum:8080
Adding missing Helm repo: chartmuseum.jenkins-x.io http://chartmuseum.jenkins-x.io
Successfully added Helm repository chartmuseum.jenkins-x.io.
