
Showing logs for build [32msimonjamesrowe-environment-simo-4k7mn-1[0m stage [32mfrom-build-pack[0m and container [32mcredential-initializer[0m
{"level":"info","ts":1612604168.7581851,"caller":"creds-init/main.go:44","msg":"Credentials initialized."}

Showing logs for build [32msimonjamesrowe-environment-simo-4k7mn-1[0m stage [32mfrom-build-pack[0m and container [32mworking-dir-initializer[0m

Showing logs for build [32msimonjamesrowe-environment-simo-4k7mn-1[0m stage [32mfrom-build-pack[0m and container [32mplace-tools[0m

Showing logs for build [32msimonjamesrowe-environment-simo-4k7mn-1[0m stage [32mfrom-build-pack[0m and container [32mstep-git-source-simonjamesrowe-environment-simo-4k7mn-sz9sx[0m
{"level":"info","ts":1612604176.0133104,"caller":"git/git.go:105","msg":"Successfully cloned https://github.com/simonjamesrowe/environment-simonjamesrowe-staging.git @ master in path /workspace/source"}
{"level":"warn","ts":1612604176.0134702,"caller":"git/git.go:152","msg":"Unexpected error: creating symlink: symlink /tekton/home/.ssh /****/.ssh: file exists"}
{"level":"info","ts":1612604176.0776944,"caller":"git/git.go:133","msg":"Successfully initialized and updated submodules in path /workspace/source"}

Showing logs for build [32msimonjamesrowe-environment-simo-4k7mn-1[0m stage [32mfrom-build-pack[0m and container [32mstep-setup-builder-home[0m

Showing logs for build [32msimonjamesrowe-environment-simo-4k7mn-1[0m stage [32mfrom-build-pack[0m and container [32mstep-git-merge[0m
Using SHAs from PULL_REFS=master:30d62449066fe34c02c07cb1f2ef3aaa7a0dc38e,48:199e322603e9c26b686704273b7d885f939ee435
DEBUG: LC_ALL=C JX_LOG_LEVEL=error git fetch origin --unshallow 199e322603e9c26b686704273b7d885f939ee435: 30d62449066fe34c02c07cb1f2ef3aaa7a0dc38e:
DEBUG: ran git fetch --unshallow origin 199e322603e9c26b686704273b7d885f939ee435: 30d62449066fe34c02c07cb1f2ef3aaa7a0dc38e: in 
DEBUG: LC_ALL=C JX_LOG_LEVEL=error git branch
DEBUG: LC_ALL=C JX_LOG_LEVEL=error git checkout master
DEBUG: ran git checkout master in 
DEBUG: LC_ALL=C JX_LOG_LEVEL=error git reset --hard 30d62449066fe34c02c07cb1f2ef3aaa7a0dc38e
DEBUG: ran git reset --hard 30d62449066fe34c02c07cb1f2ef3aaa7a0dc38e in 
DEBUG: LC_ALL=C JX_LOG_LEVEL=error git clean -fd .
DEBUG: ran clean --force -d . in 
DEBUG: LC_ALL=C JX_LOG_LEVEL=error git merge 199e322603e9c26b686704273b7d885f939ee435
DEBUG: ran git merge 199e322603e9c26b686704273b7d885f939ee435 in 
DEBUG: LC_ALL=C JX_LOG_LEVEL=error git log --format=%H%x1f%an%x1f%ae%x1f%cn%x1f%ce%x1f%s%n%b%x1e 30d62449066fe34c02c07cb1f2ef3aaa7a0dc38e..HEAD
Merged SHA 199e322603e9c26b686704273b7d885f939ee435 with commit message 'chore: Promote search-service to version 0.0.24' into base branch master

Showing logs for build [32msimonjamesrowe-environment-simo-4k7mn-1[0m stage [32mfrom-build-pack[0m and container [32mstep-build-helm-build[0m
WARNING: No $CHART_REPOSITORY defined so using the default value of: http://jenkins-x-chartmuseum:8080
Adding missing Helm repo: storage.googleapis.com https://storage.googleapis.com/chartmuseum.jenkins-x.io
Successfully added Helm repository storage.googleapis.com.
Adding missing Helm repo: jenkins-x-chartmuseum http://jenkins-x-chartmuseum:8080
Successfully added Helm repository jenkins-x-chartmuseum.
WARNING: No $CHART_REPOSITORY defined so using the default value of: http://jenkins-x-chartmuseum:8080
Adding missing Helm repo: chartmuseum.jenkins-x.io http://chartmuseum.jenkins-x.io
Successfully added Helm repository chartmuseum.jenkins-x.io.
