
Showing logs for build [32msimonjamesrowe-environment-simo-6xxfq-1[0m stage [32mfrom-build-pack[0m and container [32mcredential-initializer[0m
{"level":"info","ts":1615051884.704449,"caller":"creds-init/main.go:44","msg":"Credentials initialized."}

Showing logs for build [32msimonjamesrowe-environment-simo-6xxfq-1[0m stage [32mfrom-build-pack[0m and container [32mworking-dir-initializer[0m

Showing logs for build [32msimonjamesrowe-environment-simo-6xxfq-1[0m stage [32mfrom-build-pack[0m and container [32mplace-tools[0m

Showing logs for build [32msimonjamesrowe-environment-simo-6xxfq-1[0m stage [32mfrom-build-pack[0m and container [32mstep-git-source-simonjamesrowe-environment-simo-6xxfq-z9gtc[0m
{"level":"info","ts":1615051891.1512487,"caller":"git/git.go:105","msg":"Successfully cloned https://github.com/simonjamesrowe/environment-simonjamesrowe-staging.git @ master in path /workspace/source"}
{"level":"warn","ts":1615051891.1514385,"caller":"git/git.go:152","msg":"Unexpected error: creating symlink: symlink /tekton/home/.ssh /****/.ssh: file exists"}
{"level":"info","ts":1615051891.2752166,"caller":"git/git.go:133","msg":"Successfully initialized and updated submodules in path /workspace/source"}

Showing logs for build [32msimonjamesrowe-environment-simo-6xxfq-1[0m stage [32mfrom-build-pack[0m and container [32mstep-setup-builder-home[0m

Showing logs for build [32msimonjamesrowe-environment-simo-6xxfq-1[0m stage [32mfrom-build-pack[0m and container [32mstep-git-merge[0m
Using SHAs from PULL_REFS=master:21704cadc22e9290d4464bf2322621579089eb54,85:9c6212b02b18c7089860127cc7c235b00855f146
DEBUG: LC_ALL=C JX_LOG_LEVEL=error git fetch origin --unshallow 9c6212b02b18c7089860127cc7c235b00855f146: 21704cadc22e9290d4464bf2322621579089eb54:
DEBUG: ran git fetch --unshallow origin 9c6212b02b18c7089860127cc7c235b00855f146: 21704cadc22e9290d4464bf2322621579089eb54: in 
DEBUG: LC_ALL=C JX_LOG_LEVEL=error git branch
DEBUG: LC_ALL=C JX_LOG_LEVEL=error git checkout master
DEBUG: ran git checkout master in 
DEBUG: LC_ALL=C JX_LOG_LEVEL=error git reset --hard 21704cadc22e9290d4464bf2322621579089eb54
DEBUG: ran git reset --hard 21704cadc22e9290d4464bf2322621579089eb54 in 
DEBUG: LC_ALL=C JX_LOG_LEVEL=error git clean -fd .
DEBUG: ran clean --force -d . in 
DEBUG: LC_ALL=C JX_LOG_LEVEL=error git merge 9c6212b02b18c7089860127cc7c235b00855f146
DEBUG: ran git merge 9c6212b02b18c7089860127cc7c235b00855f146 in 
DEBUG: LC_ALL=C JX_LOG_LEVEL=error git log --format=%H%x1f%an%x1f%ae%x1f%cn%x1f%ce%x1f%s%n%b%x1e 21704cadc22e9290d4464bf2322621579089eb54..HEAD
Merged SHA 9c6212b02b18c7089860127cc7c235b00855f146 with commit message 'chore: Promote api-gateway to version 0.0.40' into base branch master

Showing logs for build [32msimonjamesrowe-environment-simo-6xxfq-1[0m stage [32mfrom-build-pack[0m and container [32mstep-build-helm-build[0m
WARNING: No $CHART_REPOSITORY defined so using the default value of: http://jenkins-x-chartmuseum:8080
Adding missing Helm repo: storage.googleapis.com https://storage.googleapis.com/chartmuseum.jenkins-x.io
Successfully added Helm repository storage.googleapis.com.
Adding missing Helm repo: jenkins-x-chartmuseum http://jenkins-x-chartmuseum:8080
Successfully added Helm repository jenkins-x-chartmuseum.
WARNING: No $CHART_REPOSITORY defined so using the default value of: http://jenkins-x-chartmuseum:8080
Adding missing Helm repo: chartmuseum.jenkins-x.io http://chartmuseum.jenkins-x.io
Successfully added Helm repository chartmuseum.jenkins-x.io.
