
Showing logs for build [32msimonjamesrowe-environment-simo-9vk7s-1[0m stage [32mfrom-build-pack[0m and container [32mcredential-initializer[0m
{"level":"info","ts":1615117840.0407743,"caller":"creds-init/main.go:44","msg":"Credentials initialized."}

Showing logs for build [32msimonjamesrowe-environment-simo-9vk7s-1[0m stage [32mfrom-build-pack[0m and container [32mworking-dir-initializer[0m

Showing logs for build [32msimonjamesrowe-environment-simo-9vk7s-1[0m stage [32mfrom-build-pack[0m and container [32mplace-tools[0m

Showing logs for build [32msimonjamesrowe-environment-simo-9vk7s-1[0m stage [32mfrom-build-pack[0m and container [32mstep-git-source-simonjamesrowe-environment-simo-9vk7s-c6vrm[0m
{"level":"info","ts":1615117846.360725,"caller":"git/git.go:105","msg":"Successfully cloned https://github.com/simonjamesrowe/environment-simonjamesrowe-staging.git @ master in path /workspace/source"}
{"level":"warn","ts":1615117846.3608587,"caller":"git/git.go:152","msg":"Unexpected error: creating symlink: symlink /tekton/home/.ssh /****/.ssh: file exists"}
{"level":"info","ts":1615117846.4129024,"caller":"git/git.go:133","msg":"Successfully initialized and updated submodules in path /workspace/source"}

Showing logs for build [32msimonjamesrowe-environment-simo-9vk7s-1[0m stage [32mfrom-build-pack[0m and container [32mstep-setup-builder-home[0m

Showing logs for build [32msimonjamesrowe-environment-simo-9vk7s-1[0m stage [32mfrom-build-pack[0m and container [32mstep-git-merge[0m
Using SHAs from PULL_REFS=master:d6594d2205b919f3312c08e940eb4a1a3782fdfc,97:3db0110b3bb2f16cf9cdb199008b8dabe17badc0
DEBUG: LC_ALL=C JX_LOG_LEVEL=error git fetch origin --unshallow 3db0110b3bb2f16cf9cdb199008b8dabe17badc0: d6594d2205b919f3312c08e940eb4a1a3782fdfc:
DEBUG: ran git fetch --unshallow origin 3db0110b3bb2f16cf9cdb199008b8dabe17badc0: d6594d2205b919f3312c08e940eb4a1a3782fdfc: in 
DEBUG: LC_ALL=C JX_LOG_LEVEL=error git branch
DEBUG: LC_ALL=C JX_LOG_LEVEL=error git checkout master
DEBUG: ran git checkout master in 
DEBUG: LC_ALL=C JX_LOG_LEVEL=error git reset --hard d6594d2205b919f3312c08e940eb4a1a3782fdfc
DEBUG: ran git reset --hard d6594d2205b919f3312c08e940eb4a1a3782fdfc in 
DEBUG: LC_ALL=C JX_LOG_LEVEL=error git clean -fd .
DEBUG: ran clean --force -d . in 
DEBUG: LC_ALL=C JX_LOG_LEVEL=error git merge 3db0110b3bb2f16cf9cdb199008b8dabe17badc0
DEBUG: ran git merge 3db0110b3bb2f16cf9cdb199008b8dabe17badc0 in 
DEBUG: LC_ALL=C JX_LOG_LEVEL=error git log --format=%H%x1f%an%x1f%ae%x1f%cn%x1f%ce%x1f%s%n%b%x1e d6594d2205b919f3312c08e940eb4a1a3782fdfc..HEAD
Merged SHA 3db0110b3bb2f16cf9cdb199008b8dabe17badc0 with commit message 'chore: Promote react-ui to version 0.0.68' into base branch master

Showing logs for build [32msimonjamesrowe-environment-simo-9vk7s-1[0m stage [32mfrom-build-pack[0m and container [32mstep-build-helm-build[0m
WARNING: No $CHART_REPOSITORY defined so using the default value of: http://jenkins-x-chartmuseum:8080
Adding missing Helm repo: storage.googleapis.com https://storage.googleapis.com/chartmuseum.jenkins-x.io
Successfully added Helm repository storage.googleapis.com.
Adding missing Helm repo: jenkins-x-chartmuseum http://jenkins-x-chartmuseum:8080
Successfully added Helm repository jenkins-x-chartmuseum.
WARNING: No $CHART_REPOSITORY defined so using the default value of: http://jenkins-x-chartmuseum:8080
Adding missing Helm repo: chartmuseum.jenkins-x.io http://chartmuseum.jenkins-x.io
Successfully added Helm repository chartmuseum.jenkins-x.io.
