
Showing logs for build [32msimonjamesrowe-environment-simo-dpsxb-1[0m stage [32mfrom-build-pack[0m and container [32mcredential-initializer[0m
{"level":"info","ts":1610670454.8681438,"caller":"creds-init/main.go:44","msg":"Credentials initialized."}

Showing logs for build [32msimonjamesrowe-environment-simo-dpsxb-1[0m stage [32mfrom-build-pack[0m and container [32mworking-dir-initializer[0m

Showing logs for build [32msimonjamesrowe-environment-simo-dpsxb-1[0m stage [32mfrom-build-pack[0m and container [32mplace-tools[0m

Showing logs for build [32msimonjamesrowe-environment-simo-dpsxb-1[0m stage [32mfrom-build-pack[0m and container [32mstep-git-source-simonjamesrowe-environment-simo-dpsxb-j58fl[0m
{"level":"info","ts":1610670460.8951478,"caller":"git/git.go:105","msg":"Successfully cloned https://github.com/simonjamesrowe/environment-simonjamesrowe-staging.git @ master in path /workspace/source"}
{"level":"warn","ts":1610670460.8952746,"caller":"git/git.go:152","msg":"Unexpected error: creating symlink: symlink /tekton/home/.ssh /****/.ssh: file exists"}
{"level":"info","ts":1610670460.9437478,"caller":"git/git.go:133","msg":"Successfully initialized and updated submodules in path /workspace/source"}

Showing logs for build [32msimonjamesrowe-environment-simo-dpsxb-1[0m stage [32mfrom-build-pack[0m and container [32mstep-setup-builder-home[0m

Showing logs for build [32msimonjamesrowe-environment-simo-dpsxb-1[0m stage [32mfrom-build-pack[0m and container [32mstep-git-merge[0m
Using SHAs from PULL_REFS=master:137e11cd1900f8d787011f6a20cf201a43fc6fee,22:8c4077c9164a4c9f8e03e9994e85e36c98841764
DEBUG: JX_LOG_LEVEL=error LC_ALL=C git fetch origin --unshallow 8c4077c9164a4c9f8e03e9994e85e36c98841764: 137e11cd1900f8d787011f6a20cf201a43fc6fee:
DEBUG: ran git fetch --unshallow origin 8c4077c9164a4c9f8e03e9994e85e36c98841764: 137e11cd1900f8d787011f6a20cf201a43fc6fee: in 
DEBUG: JX_LOG_LEVEL=error LC_ALL=C git branch
DEBUG: LC_ALL=C JX_LOG_LEVEL=error git checkout master
DEBUG: ran git checkout master in 
DEBUG: LC_ALL=C JX_LOG_LEVEL=error git reset --hard 137e11cd1900f8d787011f6a20cf201a43fc6fee
DEBUG: ran git reset --hard 137e11cd1900f8d787011f6a20cf201a43fc6fee in 
DEBUG: LC_ALL=C JX_LOG_LEVEL=error git clean -fd .
DEBUG: ran clean --force -d . in 
DEBUG: LC_ALL=C JX_LOG_LEVEL=error git merge 8c4077c9164a4c9f8e03e9994e85e36c98841764
DEBUG: ran git merge 8c4077c9164a4c9f8e03e9994e85e36c98841764 in 
DEBUG: LC_ALL=C JX_LOG_LEVEL=error git log --format=%H%x1f%an%x1f%ae%x1f%cn%x1f%ce%x1f%s%n%b%x1e 137e11cd1900f8d787011f6a20cf201a43fc6fee..HEAD
Merged SHA 8c4077c9164a4c9f8e03e9994e85e36c98841764 with commit message 'chore: Promote search-service to version 0.0.5' into base branch master

Showing logs for build [32msimonjamesrowe-environment-simo-dpsxb-1[0m stage [32mfrom-build-pack[0m and container [32mstep-build-helm-build[0m
WARNING: No $CHART_REPOSITORY defined so using the default value of: http://jenkins-x-chartmuseum:8080
Adding missing Helm repo: storage.googleapis.com https://storage.googleapis.com/chartmuseum.jenkins-x.io
Successfully added Helm repository storage.googleapis.com.
Adding missing Helm repo: jenkins-x-chartmuseum http://jenkins-x-chartmuseum:8080
Successfully added Helm repository jenkins-x-chartmuseum.
WARNING: No $CHART_REPOSITORY defined so using the default value of: http://jenkins-x-chartmuseum:8080
Adding missing Helm repo: chartmuseum.jenkins-x.io http://chartmuseum.jenkins-x.io
Successfully added Helm repository chartmuseum.jenkins-x.io.
