
Showing logs for build [32msimonjamesrowe-environment-simo-nxx9h-1[0m stage [32mfrom-build-pack[0m and container [32mcredential-initializer[0m
{"level":"info","ts":1609262562.8099835,"caller":"creds-init/main.go:44","msg":"Credentials initialized."}

Showing logs for build [32msimonjamesrowe-environment-simo-nxx9h-1[0m stage [32mfrom-build-pack[0m and container [32mworking-dir-initializer[0m

Showing logs for build [32msimonjamesrowe-environment-simo-nxx9h-1[0m stage [32mfrom-build-pack[0m and container [32mplace-tools[0m

Showing logs for build [32msimonjamesrowe-environment-simo-nxx9h-1[0m stage [32mfrom-build-pack[0m and container [32mstep-git-source-simonjamesrowe-environment-simo-nxx9h-kzb8r[0m
{"level":"info","ts":1609262569.5944324,"caller":"git/git.go:105","msg":"Successfully cloned https://github.com/simonjamesrowe/environment-simonjamesrowe-staging.git @ master in path /workspace/source"}
{"level":"warn","ts":1609262569.5945795,"caller":"git/git.go:152","msg":"Unexpected error: creating symlink: symlink /tekton/home/.ssh /****/.ssh: file exists"}
{"level":"info","ts":1609262569.6589158,"caller":"git/git.go:133","msg":"Successfully initialized and updated submodules in path /workspace/source"}

Showing logs for build [32msimonjamesrowe-environment-simo-nxx9h-1[0m stage [32mfrom-build-pack[0m and container [32mstep-setup-builder-home[0m

Showing logs for build [32msimonjamesrowe-environment-simo-nxx9h-1[0m stage [32mfrom-build-pack[0m and container [32mstep-git-merge[0m
Using SHAs from PULL_REFS=master:5749a2e327ccfd0dd6017ee0a97c0df6080c4aff,3:bb32f183437c7fc58ed2a7fa5b8236aa3f8faa5d
DEBUG: LC_ALL=C JX_LOG_LEVEL=error git fetch origin --unshallow bb32f183437c7fc58ed2a7fa5b8236aa3f8faa5d: 5749a2e327ccfd0dd6017ee0a97c0df6080c4aff:
DEBUG: ran git fetch --unshallow origin bb32f183437c7fc58ed2a7fa5b8236aa3f8faa5d: 5749a2e327ccfd0dd6017ee0a97c0df6080c4aff: in 
DEBUG: LC_ALL=C JX_LOG_LEVEL=error git branch
DEBUG: JX_LOG_LEVEL=error LC_ALL=C git checkout master
DEBUG: ran git checkout master in 
DEBUG: LC_ALL=C JX_LOG_LEVEL=error git reset --hard 5749a2e327ccfd0dd6017ee0a97c0df6080c4aff
DEBUG: ran git reset --hard 5749a2e327ccfd0dd6017ee0a97c0df6080c4aff in 
DEBUG: LC_ALL=C JX_LOG_LEVEL=error git clean -fd .
DEBUG: ran clean --force -d . in 
DEBUG: JX_LOG_LEVEL=error LC_ALL=C git merge bb32f183437c7fc58ed2a7fa5b8236aa3f8faa5d
DEBUG: ran git merge bb32f183437c7fc58ed2a7fa5b8236aa3f8faa5d in 
DEBUG: LC_ALL=C JX_LOG_LEVEL=error git log --format=%H%x1f%an%x1f%ae%x1f%cn%x1f%ce%x1f%s%n%b%x1e 5749a2e327ccfd0dd6017ee0a97c0df6080c4aff..HEAD
Merged SHA bb32f183437c7fc58ed2a7fa5b8236aa3f8faa5d with commit message 'chore: Promote start.spring.io to version 0.0.12' into base branch master

Showing logs for build [32msimonjamesrowe-environment-simo-nxx9h-1[0m stage [32mfrom-build-pack[0m and container [32mstep-build-helm-build[0m
WARNING: No $CHART_REPOSITORY defined so using the default value of: http://jenkins-x-chartmuseum:8080
Adding missing Helm repo: storage.googleapis.com https://storage.googleapis.com/chartmuseum.jenkins-x.io
Successfully added Helm repository storage.googleapis.com.
Adding missing Helm repo: jenkins-x-chartmuseum http://jenkins-x-chartmuseum:8080
Successfully added Helm repository jenkins-x-chartmuseum.
WARNING: No $CHART_REPOSITORY defined so using the default value of: http://jenkins-x-chartmuseum:8080
Adding missing Helm repo: chartmuseum.jenkins-x.io http://chartmuseum.jenkins-x.io
Successfully added Helm repository chartmuseum.jenkins-x.io.
error: failed to lint the chart '.': failed to run 'helm lint --set tags.**-lint=true --set global.**Lint=true --set-string global.**TypeEnv=lint --values values.yaml' command in directory '.', output: '==> Linting .
[ERROR] templates/: render error in "env/charts/start.spring.io/templates/service.yaml": template: env/charts/start.spring.io/templates/service.yaml:4:14: executing "env/charts/start.spring.io/templates/service.yaml" at <.Values.service.name>: nil pointer evaluating interface {}.name

Error: 1 chart(s) linted, 1 chart(s) failed'
[31m
Pipeline failed on stage 'from-build-pack' : container 'step-build-helm-build'. The execution of the pipeline has stopped.[0m
