
Showing logs for build [32msimonjamesrowe-environment-simo-dsx9x-1[0m stage [32mfrom-build-pack[0m and container [32mcredential-initializer[0m
{"level":"info","ts":1614030068.6190913,"caller":"creds-init/main.go:44","msg":"Credentials initialized."}

Showing logs for build [32msimonjamesrowe-environment-simo-dsx9x-1[0m stage [32mfrom-build-pack[0m and container [32mworking-dir-initializer[0m

Showing logs for build [32msimonjamesrowe-environment-simo-dsx9x-1[0m stage [32mfrom-build-pack[0m and container [32mplace-tools[0m

Showing logs for build [32msimonjamesrowe-environment-simo-dsx9x-1[0m stage [32mfrom-build-pack[0m and container [32mstep-git-source-simonjamesrowe-environment-simo-dsx9x-svmf5[0m
{"level":"info","ts":1614030074.705856,"caller":"git/git.go:105","msg":"Successfully cloned https://github.com/simonjamesrowe/environment-simonjamesrowe-staging.git @ master in path /workspace/source"}
{"level":"warn","ts":1614030074.7061207,"caller":"git/git.go:152","msg":"Unexpected error: creating symlink: symlink /tekton/home/.ssh /****/.ssh: file exists"}
{"level":"info","ts":1614030074.783463,"caller":"git/git.go:133","msg":"Successfully initialized and updated submodules in path /workspace/source"}

Showing logs for build [32msimonjamesrowe-environment-simo-dsx9x-1[0m stage [32mfrom-build-pack[0m and container [32mstep-setup-builder-home[0m

Showing logs for build [32msimonjamesrowe-environment-simo-dsx9x-1[0m stage [32mfrom-build-pack[0m and container [32mstep-git-merge[0m
Using SHAs from PULL_REFS=master:5487a827df7dc4d6708730daad75a308ed62bec0,74:1fd0d936a8663c4fe4dbc7ea190a34d1b338be06
DEBUG: LC_ALL=C JX_LOG_LEVEL=error git fetch origin --unshallow 1fd0d936a8663c4fe4dbc7ea190a34d1b338be06: 5487a827df7dc4d6708730daad75a308ed62bec0:
DEBUG: ran git fetch --unshallow origin 1fd0d936a8663c4fe4dbc7ea190a34d1b338be06: 5487a827df7dc4d6708730daad75a308ed62bec0: in 
DEBUG: LC_ALL=C JX_LOG_LEVEL=error git branch
DEBUG: LC_ALL=C JX_LOG_LEVEL=error git checkout master
DEBUG: ran git checkout master in 
DEBUG: LC_ALL=C JX_LOG_LEVEL=error git reset --hard 5487a827df7dc4d6708730daad75a308ed62bec0
DEBUG: ran git reset --hard 5487a827df7dc4d6708730daad75a308ed62bec0 in 
DEBUG: LC_ALL=C JX_LOG_LEVEL=error git clean -fd .
DEBUG: ran clean --force -d . in 
DEBUG: LC_ALL=C JX_LOG_LEVEL=error git merge 1fd0d936a8663c4fe4dbc7ea190a34d1b338be06
DEBUG: ran git merge 1fd0d936a8663c4fe4dbc7ea190a34d1b338be06 in 
DEBUG: LC_ALL=C JX_LOG_LEVEL=error git log --format=%H%x1f%an%x1f%ae%x1f%cn%x1f%ce%x1f%s%n%b%x1e 5487a827df7dc4d6708730daad75a308ed62bec0..HEAD
Merged SHA 1fd0d936a8663c4fe4dbc7ea190a34d1b338be06 with commit message 'chore: Promote api-gateway to version 0.0.35' into base branch master

Showing logs for build [32msimonjamesrowe-environment-simo-dsx9x-1[0m stage [32mfrom-build-pack[0m and container [32mstep-build-helm-build[0m
WARNING: No $CHART_REPOSITORY defined so using the default value of: http://jenkins-x-chartmuseum:8080
Adding missing Helm repo: storage.googleapis.com https://storage.googleapis.com/chartmuseum.jenkins-x.io
Successfully added Helm repository storage.googleapis.com.
Adding missing Helm repo: jenkins-x-chartmuseum http://jenkins-x-chartmuseum:8080
Successfully added Helm repository jenkins-x-chartmuseum.
WARNING: No $CHART_REPOSITORY defined so using the default value of: http://jenkins-x-chartmuseum:8080
Adding missing Helm repo: chartmuseum.jenkins-x.io http://chartmuseum.jenkins-x.io
Successfully added Helm repository chartmuseum.jenkins-x.io.
