
Showing logs for build [32msimonjamesrowe-environment-simo-sfm9q-1[0m stage [32mfrom-build-pack[0m and container [32mcredential-initializer[0m
{"level":"info","ts":1612129043.1982517,"caller":"creds-init/main.go:44","msg":"Credentials initialized."}

Showing logs for build [32msimonjamesrowe-environment-simo-sfm9q-1[0m stage [32mfrom-build-pack[0m and container [32mworking-dir-initializer[0m

Showing logs for build [32msimonjamesrowe-environment-simo-sfm9q-1[0m stage [32mfrom-build-pack[0m and container [32mplace-tools[0m

Showing logs for build [32msimonjamesrowe-environment-simo-sfm9q-1[0m stage [32mfrom-build-pack[0m and container [32mstep-git-source-simonjamesrowe-environment-simo-sfm9q-4lwn6[0m
{"level":"info","ts":1612129050.4424121,"caller":"git/git.go:105","msg":"Successfully cloned https://github.com/simonjamesrowe/environment-simonjamesrowe-staging.git @ master in path /workspace/source"}
{"level":"warn","ts":1612129050.4426358,"caller":"git/git.go:152","msg":"Unexpected error: creating symlink: symlink /tekton/home/.ssh /****/.ssh: file exists"}
{"level":"info","ts":1612129050.5092828,"caller":"git/git.go:133","msg":"Successfully initialized and updated submodules in path /workspace/source"}

Showing logs for build [32msimonjamesrowe-environment-simo-sfm9q-1[0m stage [32mfrom-build-pack[0m and container [32mstep-setup-builder-home[0m

Showing logs for build [32msimonjamesrowe-environment-simo-sfm9q-1[0m stage [32mfrom-build-pack[0m and container [32mstep-git-merge[0m
Using SHAs from PULL_REFS=master:986aee4b77db6280c0f2ebcead2fb9b202d48502,40:a58d2bdeac3cd8a85ca84f25aa1b755e4d59e059
DEBUG: LC_ALL=C JX_LOG_LEVEL=error git fetch origin --unshallow a58d2bdeac3cd8a85ca84f25aa1b755e4d59e059: 986aee4b77db6280c0f2ebcead2fb9b202d48502:
DEBUG: ran git fetch --unshallow origin a58d2bdeac3cd8a85ca84f25aa1b755e4d59e059: 986aee4b77db6280c0f2ebcead2fb9b202d48502: in 
DEBUG: LC_ALL=C JX_LOG_LEVEL=error git branch
DEBUG: JX_LOG_LEVEL=error LC_ALL=C git checkout master
DEBUG: ran git checkout master in 
DEBUG: LC_ALL=C JX_LOG_LEVEL=error git reset --hard 986aee4b77db6280c0f2ebcead2fb9b202d48502
DEBUG: ran git reset --hard 986aee4b77db6280c0f2ebcead2fb9b202d48502 in 
DEBUG: LC_ALL=C JX_LOG_LEVEL=error git clean -fd .
DEBUG: ran clean --force -d . in 
DEBUG: LC_ALL=C JX_LOG_LEVEL=error git merge a58d2bdeac3cd8a85ca84f25aa1b755e4d59e059
DEBUG: ran git merge a58d2bdeac3cd8a85ca84f25aa1b755e4d59e059 in 
DEBUG: LC_ALL=C JX_LOG_LEVEL=error git log --format=%H%x1f%an%x1f%ae%x1f%cn%x1f%ce%x1f%s%n%b%x1e 986aee4b77db6280c0f2ebcead2fb9b202d48502..HEAD
Merged SHA a58d2bdeac3cd8a85ca84f25aa1b755e4d59e059 with commit message 'chore: Promote search-service to version 0.0.16' into base branch master

Showing logs for build [32msimonjamesrowe-environment-simo-sfm9q-1[0m stage [32mfrom-build-pack[0m and container [32mstep-build-helm-build[0m
WARNING: No $CHART_REPOSITORY defined so using the default value of: http://jenkins-x-chartmuseum:8080
Adding missing Helm repo: storage.googleapis.com https://storage.googleapis.com/chartmuseum.jenkins-x.io
Successfully added Helm repository storage.googleapis.com.
Adding missing Helm repo: jenkins-x-chartmuseum http://jenkins-x-chartmuseum:8080
Successfully added Helm repository jenkins-x-chartmuseum.
WARNING: No $CHART_REPOSITORY defined so using the default value of: http://jenkins-x-chartmuseum:8080
Adding missing Helm repo: chartmuseum.jenkins-x.io http://chartmuseum.jenkins-x.io
Successfully added Helm repository chartmuseum.jenkins-x.io.
