
Showing logs for build [32msimonjamesrowe-environment-simo-rvdn2-1[0m stage [32mfrom-build-pack[0m and container [32mcredential-initializer[0m
{"level":"info","ts":1616246705.2007825,"caller":"creds-init/main.go:44","msg":"Credentials initialized."}

Showing logs for build [32msimonjamesrowe-environment-simo-rvdn2-1[0m stage [32mfrom-build-pack[0m and container [32mworking-dir-initializer[0m

Showing logs for build [32msimonjamesrowe-environment-simo-rvdn2-1[0m stage [32mfrom-build-pack[0m and container [32mplace-tools[0m

Showing logs for build [32msimonjamesrowe-environment-simo-rvdn2-1[0m stage [32mfrom-build-pack[0m and container [32mstep-git-source-simonjamesrowe-environment-simo-rvdn2-fbrz9[0m
{"level":"info","ts":1616246711.6176605,"caller":"git/git.go:105","msg":"Successfully cloned https://github.com/simonjamesrowe/environment-simonjamesrowe-staging.git @ master in path /workspace/source"}
{"level":"warn","ts":1616246711.6178038,"caller":"git/git.go:152","msg":"Unexpected error: creating symlink: symlink /tekton/home/.ssh /****/.ssh: file exists"}
{"level":"info","ts":1616246711.720884,"caller":"git/git.go:133","msg":"Successfully initialized and updated submodules in path /workspace/source"}

Showing logs for build [32msimonjamesrowe-environment-simo-rvdn2-1[0m stage [32mfrom-build-pack[0m and container [32mstep-setup-builder-home[0m

Showing logs for build [32msimonjamesrowe-environment-simo-rvdn2-1[0m stage [32mfrom-build-pack[0m and container [32mstep-git-merge[0m
Using SHAs from PULL_REFS=master:03e51ae8cb8be995a6c0ec64f920324acae95874,104:c03490f7bae4376d8ed2f49432643ebba669f23a
DEBUG: LC_ALL=C JX_LOG_LEVEL=error git fetch origin --unshallow c03490f7bae4376d8ed2f49432643ebba669f23a: 03e51ae8cb8be995a6c0ec64f920324acae95874:
DEBUG: ran git fetch --unshallow origin c03490f7bae4376d8ed2f49432643ebba669f23a: 03e51ae8cb8be995a6c0ec64f920324acae95874: in 
DEBUG: LC_ALL=C JX_LOG_LEVEL=error git branch
DEBUG: LC_ALL=C JX_LOG_LEVEL=error git checkout master
DEBUG: ran git checkout master in 
DEBUG: LC_ALL=C JX_LOG_LEVEL=error git reset --hard 03e51ae8cb8be995a6c0ec64f920324acae95874
DEBUG: ran git reset --hard 03e51ae8cb8be995a6c0ec64f920324acae95874 in 
DEBUG: LC_ALL=C JX_LOG_LEVEL=error git clean -fd .
DEBUG: ran clean --force -d . in 
DEBUG: LC_ALL=C JX_LOG_LEVEL=error git merge c03490f7bae4376d8ed2f49432643ebba669f23a
DEBUG: ran git merge c03490f7bae4376d8ed2f49432643ebba669f23a in 
DEBUG: LC_ALL=C JX_LOG_LEVEL=error git log --format=%H%x1f%an%x1f%ae%x1f%cn%x1f%ce%x1f%s%n%b%x1e 03e51ae8cb8be995a6c0ec64f920324acae95874..HEAD
Merged SHA c03490f7bae4376d8ed2f49432643ebba669f23a with commit message 'chore: Promote api-gateway to version 0.0.51' into base branch master

Showing logs for build [32msimonjamesrowe-environment-simo-rvdn2-1[0m stage [32mfrom-build-pack[0m and container [32mstep-build-helm-build[0m
WARNING: No $CHART_REPOSITORY defined so using the default value of: http://jenkins-x-chartmuseum:8080
Adding missing Helm repo: storage.googleapis.com https://storage.googleapis.com/chartmuseum.jenkins-x.io
Successfully added Helm repository storage.googleapis.com.
Adding missing Helm repo: jenkins-x-chartmuseum http://jenkins-x-chartmuseum:8080
Successfully added Helm repository jenkins-x-chartmuseum.
WARNING: No $CHART_REPOSITORY defined so using the default value of: http://jenkins-x-chartmuseum:8080
Adding missing Helm repo: chartmuseum.jenkins-x.io http://chartmuseum.jenkins-x.io
Successfully added Helm repository chartmuseum.jenkins-x.io.
