
Showing logs for build [32msimonjamesrowe-environment-simo-6nw9z-1[0m stage [32mfrom-build-pack[0m and container [32mcredential-initializer[0m
{"level":"info","ts":1615108852.6479,"caller":"creds-init/main.go:44","msg":"Credentials initialized."}

Showing logs for build [32msimonjamesrowe-environment-simo-6nw9z-1[0m stage [32mfrom-build-pack[0m and container [32mworking-dir-initializer[0m

Showing logs for build [32msimonjamesrowe-environment-simo-6nw9z-1[0m stage [32mfrom-build-pack[0m and container [32mplace-tools[0m

Showing logs for build [32msimonjamesrowe-environment-simo-6nw9z-1[0m stage [32mfrom-build-pack[0m and container [32mstep-git-source-simonjamesrowe-environment-simo-6nw9z-85ttl[0m
{"level":"info","ts":1615108858.0227785,"caller":"git/git.go:105","msg":"Successfully cloned https://github.com/simonjamesrowe/environment-simonjamesrowe-staging.git @ master in path /workspace/source"}
{"level":"warn","ts":1615108858.0228896,"caller":"git/git.go:152","msg":"Unexpected error: creating symlink: symlink /tekton/home/.ssh /****/.ssh: file exists"}
{"level":"info","ts":1615108858.0888658,"caller":"git/git.go:133","msg":"Successfully initialized and updated submodules in path /workspace/source"}

Showing logs for build [32msimonjamesrowe-environment-simo-6nw9z-1[0m stage [32mfrom-build-pack[0m and container [32mstep-setup-builder-home[0m

Showing logs for build [32msimonjamesrowe-environment-simo-6nw9z-1[0m stage [32mfrom-build-pack[0m and container [32mstep-git-merge[0m
Using SHAs from PULL_REFS=master:516e9e7db3ebabf890b358ffe77de0dd2d0e7ef2,95:308647c010e80a5e98913f92d0e144dc5357ab86
DEBUG: LC_ALL=C JX_LOG_LEVEL=error git fetch origin --unshallow 308647c010e80a5e98913f92d0e144dc5357ab86: 516e9e7db3ebabf890b358ffe77de0dd2d0e7ef2:
DEBUG: ran git fetch --unshallow origin 308647c010e80a5e98913f92d0e144dc5357ab86: 516e9e7db3ebabf890b358ffe77de0dd2d0e7ef2: in 
DEBUG: LC_ALL=C JX_LOG_LEVEL=error git branch
DEBUG: LC_ALL=C JX_LOG_LEVEL=error git checkout master
DEBUG: ran git checkout master in 
DEBUG: LC_ALL=C JX_LOG_LEVEL=error git reset --hard 516e9e7db3ebabf890b358ffe77de0dd2d0e7ef2
DEBUG: ran git reset --hard 516e9e7db3ebabf890b358ffe77de0dd2d0e7ef2 in 
DEBUG: LC_ALL=C JX_LOG_LEVEL=error git clean -fd .
DEBUG: ran clean --force -d . in 
DEBUG: LC_ALL=C JX_LOG_LEVEL=error git merge 308647c010e80a5e98913f92d0e144dc5357ab86
DEBUG: ran git merge 308647c010e80a5e98913f92d0e144dc5357ab86 in 
DEBUG: LC_ALL=C JX_LOG_LEVEL=error git log --format=%H%x1f%an%x1f%ae%x1f%cn%x1f%ce%x1f%s%n%b%x1e 516e9e7db3ebabf890b358ffe77de0dd2d0e7ef2..HEAD
Merged SHA 308647c010e80a5e98913f92d0e144dc5357ab86 with commit message 'chore: Promote react-ui to version 0.0.67' into base branch master

Showing logs for build [32msimonjamesrowe-environment-simo-6nw9z-1[0m stage [32mfrom-build-pack[0m and container [32mstep-build-helm-build[0m
WARNING: No $CHART_REPOSITORY defined so using the default value of: http://jenkins-x-chartmuseum:8080
Adding missing Helm repo: storage.googleapis.com https://storage.googleapis.com/chartmuseum.jenkins-x.io
Successfully added Helm repository storage.googleapis.com.
Adding missing Helm repo: jenkins-x-chartmuseum http://jenkins-x-chartmuseum:8080
Successfully added Helm repository jenkins-x-chartmuseum.
WARNING: No $CHART_REPOSITORY defined so using the default value of: http://jenkins-x-chartmuseum:8080
Adding missing Helm repo: chartmuseum.jenkins-x.io http://chartmuseum.jenkins-x.io
Successfully added Helm repository chartmuseum.jenkins-x.io.
