
Showing logs for build [32msimonjamesrowe-environment-simo-q8sjq-1[0m stage [32mfrom-build-pack[0m and container [32mcredential-initializer[0m
{"level":"info","ts":1610916542.9863405,"caller":"creds-init/main.go:44","msg":"Credentials initialized."}

Showing logs for build [32msimonjamesrowe-environment-simo-q8sjq-1[0m stage [32mfrom-build-pack[0m and container [32mworking-dir-initializer[0m

Showing logs for build [32msimonjamesrowe-environment-simo-q8sjq-1[0m stage [32mfrom-build-pack[0m and container [32mplace-tools[0m

Showing logs for build [32msimonjamesrowe-environment-simo-q8sjq-1[0m stage [32mfrom-build-pack[0m and container [32mstep-git-source-simonjamesrowe-environment-simo-q8sjq-6n446[0m
{"level":"info","ts":1610916550.9723225,"caller":"git/git.go:105","msg":"Successfully cloned https://github.com/simonjamesrowe/environment-simonjamesrowe-staging.git @ master in path /workspace/source"}
{"level":"warn","ts":1610916550.972459,"caller":"git/git.go:152","msg":"Unexpected error: creating symlink: symlink /tekton/home/.ssh /****/.ssh: file exists"}
{"level":"info","ts":1610916551.0255089,"caller":"git/git.go:133","msg":"Successfully initialized and updated submodules in path /workspace/source"}

Showing logs for build [32msimonjamesrowe-environment-simo-q8sjq-1[0m stage [32mfrom-build-pack[0m and container [32mstep-setup-builder-home[0m

Showing logs for build [32msimonjamesrowe-environment-simo-q8sjq-1[0m stage [32mfrom-build-pack[0m and container [32mstep-git-merge[0m
Using SHAs from PULL_REFS=master:3e7ce32c09da94e8e23d3dd4bf0f421d820d4376,29:c04f8ff087f188b821f78a65f15388f98621f3a5
DEBUG: LC_ALL=C JX_LOG_LEVEL=error git fetch origin --unshallow c04f8ff087f188b821f78a65f15388f98621f3a5: 3e7ce32c09da94e8e23d3dd4bf0f421d820d4376:
DEBUG: ran git fetch --unshallow origin c04f8ff087f188b821f78a65f15388f98621f3a5: 3e7ce32c09da94e8e23d3dd4bf0f421d820d4376: in 
DEBUG: LC_ALL=C JX_LOG_LEVEL=error git branch
DEBUG: LC_ALL=C JX_LOG_LEVEL=error git checkout master
DEBUG: ran git checkout master in 
DEBUG: LC_ALL=C JX_LOG_LEVEL=error git reset --hard 3e7ce32c09da94e8e23d3dd4bf0f421d820d4376
DEBUG: ran git reset --hard 3e7ce32c09da94e8e23d3dd4bf0f421d820d4376 in 
DEBUG: LC_ALL=C JX_LOG_LEVEL=error git clean -fd .
DEBUG: ran clean --force -d . in 
DEBUG: JX_LOG_LEVEL=error LC_ALL=C git merge c04f8ff087f188b821f78a65f15388f98621f3a5
DEBUG: ran git merge c04f8ff087f188b821f78a65f15388f98621f3a5 in 
DEBUG: JX_LOG_LEVEL=error LC_ALL=C git log --format=%H%x1f%an%x1f%ae%x1f%cn%x1f%ce%x1f%s%n%b%x1e 3e7ce32c09da94e8e23d3dd4bf0f421d820d4376..HEAD
Merged SHA c04f8ff087f188b821f78a65f15388f98621f3a5 with commit message 'chore: Promote search-service to version 0.0.12' into base branch master

Showing logs for build [32msimonjamesrowe-environment-simo-q8sjq-1[0m stage [32mfrom-build-pack[0m and container [32mstep-build-helm-build[0m
WARNING: No $CHART_REPOSITORY defined so using the default value of: http://jenkins-x-chartmuseum:8080
Adding missing Helm repo: storage.googleapis.com https://storage.googleapis.com/chartmuseum.jenkins-x.io
Successfully added Helm repository storage.googleapis.com.
Adding missing Helm repo: jenkins-x-chartmuseum http://jenkins-x-chartmuseum:8080
Successfully added Helm repository jenkins-x-chartmuseum.
WARNING: No $CHART_REPOSITORY defined so using the default value of: http://jenkins-x-chartmuseum:8080
Adding missing Helm repo: chartmuseum.jenkins-x.io http://chartmuseum.jenkins-x.io
Successfully added Helm repository chartmuseum.jenkins-x.io.
