
Showing logs for build [32msimonjamesrowe-environment-simo-g6thc-1[0m stage [32mfrom-build-pack[0m and container [32mcredential-initializer[0m
{"level":"info","ts":1611436369.599376,"caller":"creds-init/main.go:44","msg":"Credentials initialized."}

Showing logs for build [32msimonjamesrowe-environment-simo-g6thc-1[0m stage [32mfrom-build-pack[0m and container [32mworking-dir-initializer[0m

Showing logs for build [32msimonjamesrowe-environment-simo-g6thc-1[0m stage [32mfrom-build-pack[0m and container [32mplace-tools[0m

Showing logs for build [32msimonjamesrowe-environment-simo-g6thc-1[0m stage [32mfrom-build-pack[0m and container [32mstep-git-source-simonjamesrowe-environment-simo-g6thc-bzhth[0m
{"level":"info","ts":1611436376.8424225,"caller":"git/git.go:105","msg":"Successfully cloned https://github.com/simonjamesrowe/environment-simonjamesrowe-staging.git @ master in path /workspace/source"}
{"level":"warn","ts":1611436376.8426118,"caller":"git/git.go:152","msg":"Unexpected error: creating symlink: symlink /tekton/home/.ssh /****/.ssh: file exists"}
{"level":"info","ts":1611436376.9002068,"caller":"git/git.go:133","msg":"Successfully initialized and updated submodules in path /workspace/source"}

Showing logs for build [32msimonjamesrowe-environment-simo-g6thc-1[0m stage [32mfrom-build-pack[0m and container [32mstep-setup-builder-home[0m

Showing logs for build [32msimonjamesrowe-environment-simo-g6thc-1[0m stage [32mfrom-build-pack[0m and container [32mstep-git-merge[0m
Using SHAs from PULL_REFS=master:511cd2995f9db79b6e8c2f30ae64c61c60721b01,31:f0c51da3bbca2e799447001352b1de52bc4ce0e8
DEBUG: LC_ALL=C JX_LOG_LEVEL=error git fetch origin --unshallow f0c51da3bbca2e799447001352b1de52bc4ce0e8: 511cd2995f9db79b6e8c2f30ae64c61c60721b01:
DEBUG: ran git fetch --unshallow origin f0c51da3bbca2e799447001352b1de52bc4ce0e8: 511cd2995f9db79b6e8c2f30ae64c61c60721b01: in 
DEBUG: LC_ALL=C JX_LOG_LEVEL=error git branch
DEBUG: LC_ALL=C JX_LOG_LEVEL=error git checkout master
DEBUG: ran git checkout master in 
DEBUG: LC_ALL=C JX_LOG_LEVEL=error git reset --hard 511cd2995f9db79b6e8c2f30ae64c61c60721b01
DEBUG: ran git reset --hard 511cd2995f9db79b6e8c2f30ae64c61c60721b01 in 
DEBUG: LC_ALL=C JX_LOG_LEVEL=error git clean -fd .
DEBUG: ran clean --force -d . in 
DEBUG: LC_ALL=C JX_LOG_LEVEL=error git merge f0c51da3bbca2e799447001352b1de52bc4ce0e8
DEBUG: ran git merge f0c51da3bbca2e799447001352b1de52bc4ce0e8 in 
DEBUG: LC_ALL=C JX_LOG_LEVEL=error git log --format=%H%x1f%an%x1f%ae%x1f%cn%x1f%ce%x1f%s%n%b%x1e 511cd2995f9db79b6e8c2f30ae64c61c60721b01..HEAD
Merged SHA f0c51da3bbca2e799447001352b1de52bc4ce0e8 with commit message 'chore: Promote api-gateway to version 0.0.14' into base branch master

Showing logs for build [32msimonjamesrowe-environment-simo-g6thc-1[0m stage [32mfrom-build-pack[0m and container [32mstep-build-helm-build[0m
WARNING: No $CHART_REPOSITORY defined so using the default value of: http://jenkins-x-chartmuseum:8080
Adding missing Helm repo: storage.googleapis.com https://storage.googleapis.com/chartmuseum.jenkins-x.io
Successfully added Helm repository storage.googleapis.com.
Adding missing Helm repo: jenkins-x-chartmuseum http://jenkins-x-chartmuseum:8080
Successfully added Helm repository jenkins-x-chartmuseum.
WARNING: No $CHART_REPOSITORY defined so using the default value of: http://jenkins-x-chartmuseum:8080
Adding missing Helm repo: chartmuseum.jenkins-x.io http://chartmuseum.jenkins-x.io
Successfully added Helm repository chartmuseum.jenkins-x.io.
