
Showing logs for build [32msimonjamesrowe-environment-simo-x2hwn-1[0m stage [32mfrom-build-pack[0m and container [32mcredential-initializer[0m
{"level":"info","ts":1613915576.489663,"caller":"creds-init/main.go:44","msg":"Credentials initialized."}

Showing logs for build [32msimonjamesrowe-environment-simo-x2hwn-1[0m stage [32mfrom-build-pack[0m and container [32mworking-dir-initializer[0m

Showing logs for build [32msimonjamesrowe-environment-simo-x2hwn-1[0m stage [32mfrom-build-pack[0m and container [32mplace-tools[0m

Showing logs for build [32msimonjamesrowe-environment-simo-x2hwn-1[0m stage [32mfrom-build-pack[0m and container [32mstep-git-source-simonjamesrowe-environment-simo-x2hwn-whqh2[0m
{"level":"info","ts":1613915582.3757303,"caller":"git/git.go:105","msg":"Successfully cloned https://github.com/simonjamesrowe/environment-simonjamesrowe-staging.git @ master in path /workspace/source"}
{"level":"warn","ts":1613915582.3758433,"caller":"git/git.go:152","msg":"Unexpected error: creating symlink: symlink /tekton/home/.ssh /****/.ssh: file exists"}
{"level":"info","ts":1613915582.4260058,"caller":"git/git.go:133","msg":"Successfully initialized and updated submodules in path /workspace/source"}

Showing logs for build [32msimonjamesrowe-environment-simo-x2hwn-1[0m stage [32mfrom-build-pack[0m and container [32mstep-setup-builder-home[0m

Showing logs for build [32msimonjamesrowe-environment-simo-x2hwn-1[0m stage [32mfrom-build-pack[0m and container [32mstep-git-merge[0m
Using SHAs from PULL_REFS=master:099f7a385ad372940bb257727b8bdc2e0489ef50,70:e18ee929f8801485da4f34cc5c47ddb88af8b8e9
DEBUG: LC_ALL=C JX_LOG_LEVEL=error git fetch origin --unshallow e18ee929f8801485da4f34cc5c47ddb88af8b8e9: 099f7a385ad372940bb257727b8bdc2e0489ef50:
DEBUG: ran git fetch --unshallow origin e18ee929f8801485da4f34cc5c47ddb88af8b8e9: 099f7a385ad372940bb257727b8bdc2e0489ef50: in 
DEBUG: LC_ALL=C JX_LOG_LEVEL=error git branch
DEBUG: LC_ALL=C JX_LOG_LEVEL=error git checkout master
DEBUG: ran git checkout master in 
DEBUG: LC_ALL=C JX_LOG_LEVEL=error git reset --hard 099f7a385ad372940bb257727b8bdc2e0489ef50
DEBUG: ran git reset --hard 099f7a385ad372940bb257727b8bdc2e0489ef50 in 
DEBUG: LC_ALL=C JX_LOG_LEVEL=error git clean -fd .
DEBUG: ran clean --force -d . in 
DEBUG: LC_ALL=C JX_LOG_LEVEL=error git merge e18ee929f8801485da4f34cc5c47ddb88af8b8e9
DEBUG: ran git merge e18ee929f8801485da4f34cc5c47ddb88af8b8e9 in 
DEBUG: LC_ALL=C JX_LOG_LEVEL=error git log --format=%H%x1f%an%x1f%ae%x1f%cn%x1f%ce%x1f%s%n%b%x1e 099f7a385ad372940bb257727b8bdc2e0489ef50..HEAD
Merged SHA e18ee929f8801485da4f34cc5c47ddb88af8b8e9 with commit message 'chore: Promote react-ui to version 0.0.63' into base branch master

Showing logs for build [32msimonjamesrowe-environment-simo-x2hwn-1[0m stage [32mfrom-build-pack[0m and container [32mstep-build-helm-build[0m
WARNING: No $CHART_REPOSITORY defined so using the default value of: http://jenkins-x-chartmuseum:8080
Adding missing Helm repo: storage.googleapis.com https://storage.googleapis.com/chartmuseum.jenkins-x.io
Successfully added Helm repository storage.googleapis.com.
Adding missing Helm repo: jenkins-x-chartmuseum http://jenkins-x-chartmuseum:8080
Successfully added Helm repository jenkins-x-chartmuseum.
WARNING: No $CHART_REPOSITORY defined so using the default value of: http://jenkins-x-chartmuseum:8080
Adding missing Helm repo: chartmuseum.jenkins-x.io http://chartmuseum.jenkins-x.io
Successfully added Helm repository chartmuseum.jenkins-x.io.
