
Showing logs for build [32msimonjamesrowe-environment-simo-q4mkf-1[0m stage [32mfrom-build-pack[0m and container [32mcredential-initializer[0m
{"level":"info","ts":1616626884.2063994,"caller":"creds-init/main.go:44","msg":"Credentials initialized."}

Showing logs for build [32msimonjamesrowe-environment-simo-q4mkf-1[0m stage [32mfrom-build-pack[0m and container [32mworking-dir-initializer[0m

Showing logs for build [32msimonjamesrowe-environment-simo-q4mkf-1[0m stage [32mfrom-build-pack[0m and container [32mplace-tools[0m

Showing logs for build [32msimonjamesrowe-environment-simo-q4mkf-1[0m stage [32mfrom-build-pack[0m and container [32mstep-git-source-simonjamesrowe-environment-simo-q4mkf-wmq7n[0m
{"level":"info","ts":1616626890.5227,"caller":"git/git.go:105","msg":"Successfully cloned https://github.com/simonjamesrowe/environment-simonjamesrowe-staging.git @ master in path /workspace/source"}
{"level":"warn","ts":1616626890.522939,"caller":"git/git.go:152","msg":"Unexpected error: creating symlink: symlink /tekton/home/.ssh /****/.ssh: file exists"}
{"level":"info","ts":1616626890.5911684,"caller":"git/git.go:133","msg":"Successfully initialized and updated submodules in path /workspace/source"}

Showing logs for build [32msimonjamesrowe-environment-simo-q4mkf-1[0m stage [32mfrom-build-pack[0m and container [32mstep-setup-builder-home[0m

Showing logs for build [32msimonjamesrowe-environment-simo-q4mkf-1[0m stage [32mfrom-build-pack[0m and container [32mstep-git-merge[0m
Using SHAs from PULL_REFS=master:f4f9b035ab7c732901caa8405fb21c0fbd18f7eb,111:9bfd8b3bbc244f84e4fc47b9c6e81b22200db20c
DEBUG: LC_ALL=C JX_LOG_LEVEL=error git fetch origin --unshallow 9bfd8b3bbc244f84e4fc47b9c6e81b22200db20c: f4f9b035ab7c732901caa8405fb21c0fbd18f7eb:
DEBUG: ran git fetch --unshallow origin 9bfd8b3bbc244f84e4fc47b9c6e81b22200db20c: f4f9b035ab7c732901caa8405fb21c0fbd18f7eb: in 
DEBUG: LC_ALL=C JX_LOG_LEVEL=error git branch
DEBUG: JX_LOG_LEVEL=error LC_ALL=C git checkout master
DEBUG: ran git checkout master in 
DEBUG: JX_LOG_LEVEL=error LC_ALL=C git reset --hard f4f9b035ab7c732901caa8405fb21c0fbd18f7eb
DEBUG: ran git reset --hard f4f9b035ab7c732901caa8405fb21c0fbd18f7eb in 
DEBUG: JX_LOG_LEVEL=error LC_ALL=C git clean -fd .
DEBUG: ran clean --force -d . in 
DEBUG: LC_ALL=C JX_LOG_LEVEL=error git merge 9bfd8b3bbc244f84e4fc47b9c6e81b22200db20c
DEBUG: ran git merge 9bfd8b3bbc244f84e4fc47b9c6e81b22200db20c in 
DEBUG: LC_ALL=C JX_LOG_LEVEL=error git log --format=%H%x1f%an%x1f%ae%x1f%cn%x1f%ce%x1f%s%n%b%x1e f4f9b035ab7c732901caa8405fb21c0fbd18f7eb..HEAD
Merged SHA 9bfd8b3bbc244f84e4fc47b9c6e81b22200db20c with commit message 'chore: Promote search-service to version 0.0.74' into base branch master

Showing logs for build [32msimonjamesrowe-environment-simo-q4mkf-1[0m stage [32mfrom-build-pack[0m and container [32mstep-build-helm-build[0m
WARNING: No $CHART_REPOSITORY defined so using the default value of: http://jenkins-x-chartmuseum:8080
Adding missing Helm repo: storage.googleapis.com https://storage.googleapis.com/chartmuseum.jenkins-x.io
Successfully added Helm repository storage.googleapis.com.
Adding missing Helm repo: jenkins-x-chartmuseum http://jenkins-x-chartmuseum:8080
Successfully added Helm repository jenkins-x-chartmuseum.
WARNING: No $CHART_REPOSITORY defined so using the default value of: http://jenkins-x-chartmuseum:8080
Adding missing Helm repo: chartmuseum.jenkins-x.io http://chartmuseum.jenkins-x.io
Successfully added Helm repository chartmuseum.jenkins-x.io.
