
Showing logs for build [32msimonjamesrowe-environment-simo-5987s-1[0m stage [32mfrom-build-pack[0m and container [32mcredential-initializer[0m
{"level":"info","ts":1613764030.995112,"caller":"creds-init/main.go:44","msg":"Credentials initialized."}

Showing logs for build [32msimonjamesrowe-environment-simo-5987s-1[0m stage [32mfrom-build-pack[0m and container [32mworking-dir-initializer[0m

Showing logs for build [32msimonjamesrowe-environment-simo-5987s-1[0m stage [32mfrom-build-pack[0m and container [32mplace-tools[0m

Showing logs for build [32msimonjamesrowe-environment-simo-5987s-1[0m stage [32mfrom-build-pack[0m and container [32mstep-git-source-simonjamesrowe-environment-simo-5987s-79f86[0m
{"level":"info","ts":1613764036.893991,"caller":"git/git.go:105","msg":"Successfully cloned https://github.com/simonjamesrowe/environment-simonjamesrowe-staging.git @ master in path /workspace/source"}
{"level":"warn","ts":1613764036.8941128,"caller":"git/git.go:152","msg":"Unexpected error: creating symlink: symlink /tekton/home/.ssh /****/.ssh: file exists"}
{"level":"info","ts":1613764036.950222,"caller":"git/git.go:133","msg":"Successfully initialized and updated submodules in path /workspace/source"}

Showing logs for build [32msimonjamesrowe-environment-simo-5987s-1[0m stage [32mfrom-build-pack[0m and container [32mstep-setup-builder-home[0m

Showing logs for build [32msimonjamesrowe-environment-simo-5987s-1[0m stage [32mfrom-build-pack[0m and container [32mstep-git-merge[0m
Using SHAs from PULL_REFS=master:eb2ea8bfac87641bf33893f518b98915a02e17e7,65:080fe66c8eaae27614ef38694b23a1cb7810d4d7
DEBUG: LC_ALL=C JX_LOG_LEVEL=error git fetch origin --unshallow 080fe66c8eaae27614ef38694b23a1cb7810d4d7: eb2ea8bfac87641bf33893f518b98915a02e17e7:
DEBUG: ran git fetch --unshallow origin 080fe66c8eaae27614ef38694b23a1cb7810d4d7: eb2ea8bfac87641bf33893f518b98915a02e17e7: in 
DEBUG: LC_ALL=C JX_LOG_LEVEL=error git branch
DEBUG: LC_ALL=C JX_LOG_LEVEL=error git checkout master
DEBUG: ran git checkout master in 
DEBUG: LC_ALL=C JX_LOG_LEVEL=error git reset --hard eb2ea8bfac87641bf33893f518b98915a02e17e7
DEBUG: ran git reset --hard eb2ea8bfac87641bf33893f518b98915a02e17e7 in 
DEBUG: LC_ALL=C JX_LOG_LEVEL=error git clean -fd .
DEBUG: ran clean --force -d . in 
DEBUG: LC_ALL=C JX_LOG_LEVEL=error git merge 080fe66c8eaae27614ef38694b23a1cb7810d4d7
DEBUG: ran git merge 080fe66c8eaae27614ef38694b23a1cb7810d4d7 in 
DEBUG: LC_ALL=C JX_LOG_LEVEL=error git log --format=%H%x1f%an%x1f%ae%x1f%cn%x1f%ce%x1f%s%n%b%x1e eb2ea8bfac87641bf33893f518b98915a02e17e7..HEAD
Merged SHA 080fe66c8eaae27614ef38694b23a1cb7810d4d7 with commit message 'chore: Promote strapi-cms to version 0.0.19' into base branch master

Showing logs for build [32msimonjamesrowe-environment-simo-5987s-1[0m stage [32mfrom-build-pack[0m and container [32mstep-build-helm-build[0m
WARNING: No $CHART_REPOSITORY defined so using the default value of: http://jenkins-x-chartmuseum:8080
Adding missing Helm repo: storage.googleapis.com https://storage.googleapis.com/chartmuseum.jenkins-x.io
Successfully added Helm repository storage.googleapis.com.
Adding missing Helm repo: jenkins-x-chartmuseum http://jenkins-x-chartmuseum:8080
Successfully added Helm repository jenkins-x-chartmuseum.
WARNING: No $CHART_REPOSITORY defined so using the default value of: http://jenkins-x-chartmuseum:8080
Adding missing Helm repo: chartmuseum.jenkins-x.io http://chartmuseum.jenkins-x.io
Successfully added Helm repository chartmuseum.jenkins-x.io.
