
Showing logs for build [32msimonjamesrowe-environment-simo-bfzh8-1[0m stage [32mfrom-build-pack[0m and container [32mcredential-initializer[0m
{"level":"info","ts":1616786628.4411197,"caller":"creds-init/main.go:44","msg":"Credentials initialized."}

Showing logs for build [32msimonjamesrowe-environment-simo-bfzh8-1[0m stage [32mfrom-build-pack[0m and container [32mworking-dir-initializer[0m

Showing logs for build [32msimonjamesrowe-environment-simo-bfzh8-1[0m stage [32mfrom-build-pack[0m and container [32mplace-tools[0m

Showing logs for build [32msimonjamesrowe-environment-simo-bfzh8-1[0m stage [32mfrom-build-pack[0m and container [32mstep-git-source-simonjamesrowe-environment-simo-bfzh8-9xm4s[0m
{"level":"info","ts":1616786635.4769394,"caller":"git/git.go:105","msg":"Successfully cloned https://github.com/simonjamesrowe/environment-simonjamesrowe-staging.git @ master in path /workspace/source"}
{"level":"warn","ts":1616786635.4771097,"caller":"git/git.go:152","msg":"Unexpected error: creating symlink: symlink /tekton/home/.ssh /****/.ssh: file exists"}
{"level":"info","ts":1616786635.571469,"caller":"git/git.go:133","msg":"Successfully initialized and updated submodules in path /workspace/source"}

Showing logs for build [32msimonjamesrowe-environment-simo-bfzh8-1[0m stage [32mfrom-build-pack[0m and container [32mstep-setup-builder-home[0m

Showing logs for build [32msimonjamesrowe-environment-simo-bfzh8-1[0m stage [32mfrom-build-pack[0m and container [32mstep-git-merge[0m
Using SHAs from PULL_REFS=master:04c82c0b5ca71d8a797bea77820fa09763fd67b6,125:8742b63117f66360c0130d31b928242b486232ae
DEBUG: LC_ALL=C JX_LOG_LEVEL=error git fetch origin --unshallow 8742b63117f66360c0130d31b928242b486232ae: 04c82c0b5ca71d8a797bea77820fa09763fd67b6:
DEBUG: ran git fetch --unshallow origin 8742b63117f66360c0130d31b928242b486232ae: 04c82c0b5ca71d8a797bea77820fa09763fd67b6: in 
DEBUG: LC_ALL=C JX_LOG_LEVEL=error git branch
DEBUG: LC_ALL=C JX_LOG_LEVEL=error git checkout master
DEBUG: ran git checkout master in 
DEBUG: LC_ALL=C JX_LOG_LEVEL=error git reset --hard 04c82c0b5ca71d8a797bea77820fa09763fd67b6
DEBUG: ran git reset --hard 04c82c0b5ca71d8a797bea77820fa09763fd67b6 in 
DEBUG: LC_ALL=C JX_LOG_LEVEL=error git clean -fd .
DEBUG: ran clean --force -d . in 
DEBUG: LC_ALL=C JX_LOG_LEVEL=error git merge 8742b63117f66360c0130d31b928242b486232ae
DEBUG: ran git merge 8742b63117f66360c0130d31b928242b486232ae in 
DEBUG: LC_ALL=C JX_LOG_LEVEL=error git log --format=%H%x1f%an%x1f%ae%x1f%cn%x1f%ce%x1f%s%n%b%x1e 04c82c0b5ca71d8a797bea77820fa09763fd67b6..HEAD
Merged SHA 8742b63117f66360c0130d31b928242b486232ae with commit message 'chore: Promote search-service to version 0.0.90' into base branch master

Showing logs for build [32msimonjamesrowe-environment-simo-bfzh8-1[0m stage [32mfrom-build-pack[0m and container [32mstep-build-helm-build[0m
WARNING: No $CHART_REPOSITORY defined so using the default value of: http://jenkins-x-chartmuseum:8080
Adding missing Helm repo: storage.googleapis.com https://storage.googleapis.com/chartmuseum.jenkins-x.io
Successfully added Helm repository storage.googleapis.com.
Adding missing Helm repo: jenkins-x-chartmuseum http://jenkins-x-chartmuseum:8080
Successfully added Helm repository jenkins-x-chartmuseum.
WARNING: No $CHART_REPOSITORY defined so using the default value of: http://jenkins-x-chartmuseum:8080
Adding missing Helm repo: chartmuseum.jenkins-x.io http://chartmuseum.jenkins-x.io
Successfully added Helm repository chartmuseum.jenkins-x.io.
