
Showing logs for build [32msimonjamesrowe-environment-simo-rb2tm-1[0m stage [32mfrom-build-pack[0m and container [32mcredential-initializer[0m
{"level":"info","ts":1610839518.5077717,"caller":"creds-init/main.go:44","msg":"Credentials initialized."}

Showing logs for build [32msimonjamesrowe-environment-simo-rb2tm-1[0m stage [32mfrom-build-pack[0m and container [32mworking-dir-initializer[0m

Showing logs for build [32msimonjamesrowe-environment-simo-rb2tm-1[0m stage [32mfrom-build-pack[0m and container [32mplace-tools[0m

Showing logs for build [32msimonjamesrowe-environment-simo-rb2tm-1[0m stage [32mfrom-build-pack[0m and container [32mstep-git-source-simonjamesrowe-environment-simo-rb2tm-cdzqb[0m
{"level":"info","ts":1610839524.259388,"caller":"git/git.go:105","msg":"Successfully cloned https://github.com/simonjamesrowe/environment-simonjamesrowe-staging.git @ master in path /workspace/source"}
{"level":"warn","ts":1610839524.2594929,"caller":"git/git.go:152","msg":"Unexpected error: creating symlink: symlink /tekton/home/.ssh /****/.ssh: file exists"}
{"level":"info","ts":1610839524.312667,"caller":"git/git.go:133","msg":"Successfully initialized and updated submodules in path /workspace/source"}

Showing logs for build [32msimonjamesrowe-environment-simo-rb2tm-1[0m stage [32mfrom-build-pack[0m and container [32mstep-setup-builder-home[0m

Showing logs for build [32msimonjamesrowe-environment-simo-rb2tm-1[0m stage [32mfrom-build-pack[0m and container [32mstep-git-merge[0m
Using SHAs from PULL_REFS=master:de24abe5e4a79c2bb2cc6423c58d2ac49d1e6294,27:b2fe24d24d495fdfdb63bff682b49762ccc9834e
DEBUG: LC_ALL=C JX_LOG_LEVEL=error git fetch origin --unshallow b2fe24d24d495fdfdb63bff682b49762ccc9834e: de24abe5e4a79c2bb2cc6423c58d2ac49d1e6294:
DEBUG: ran git fetch --unshallow origin b2fe24d24d495fdfdb63bff682b49762ccc9834e: de24abe5e4a79c2bb2cc6423c58d2ac49d1e6294: in 
DEBUG: LC_ALL=C JX_LOG_LEVEL=error git branch
DEBUG: JX_LOG_LEVEL=error LC_ALL=C git checkout master
DEBUG: ran git checkout master in 
DEBUG: LC_ALL=C JX_LOG_LEVEL=error git reset --hard de24abe5e4a79c2bb2cc6423c58d2ac49d1e6294
DEBUG: ran git reset --hard de24abe5e4a79c2bb2cc6423c58d2ac49d1e6294 in 
DEBUG: JX_LOG_LEVEL=error LC_ALL=C git clean -fd .
DEBUG: ran clean --force -d . in 
DEBUG: JX_LOG_LEVEL=error LC_ALL=C git merge b2fe24d24d495fdfdb63bff682b49762ccc9834e
DEBUG: ran git merge b2fe24d24d495fdfdb63bff682b49762ccc9834e in 
DEBUG: JX_LOG_LEVEL=error LC_ALL=C git log --format=%H%x1f%an%x1f%ae%x1f%cn%x1f%ce%x1f%s%n%b%x1e de24abe5e4a79c2bb2cc6423c58d2ac49d1e6294..HEAD
Merged SHA b2fe24d24d495fdfdb63bff682b49762ccc9834e with commit message 'chore: Promote search-service to version 0.0.10' into base branch master

Showing logs for build [32msimonjamesrowe-environment-simo-rb2tm-1[0m stage [32mfrom-build-pack[0m and container [32mstep-build-helm-build[0m
WARNING: No $CHART_REPOSITORY defined so using the default value of: http://jenkins-x-chartmuseum:8080
Adding missing Helm repo: storage.googleapis.com https://storage.googleapis.com/chartmuseum.jenkins-x.io
Successfully added Helm repository storage.googleapis.com.
Adding missing Helm repo: jenkins-x-chartmuseum http://jenkins-x-chartmuseum:8080
Successfully added Helm repository jenkins-x-chartmuseum.
WARNING: No $CHART_REPOSITORY defined so using the default value of: http://jenkins-x-chartmuseum:8080
Adding missing Helm repo: chartmuseum.jenkins-x.io http://chartmuseum.jenkins-x.io
Successfully added Helm repository chartmuseum.jenkins-x.io.
