
Showing logs for build [32msimonjamesrowe-environment-simo-llcbl-1[0m stage [32mfrom-build-pack[0m and container [32mcredential-initializer[0m
{"level":"info","ts":1612104183.782246,"caller":"creds-init/main.go:44","msg":"Credentials initialized."}

Showing logs for build [32msimonjamesrowe-environment-simo-llcbl-1[0m stage [32mfrom-build-pack[0m and container [32mworking-dir-initializer[0m

Showing logs for build [32msimonjamesrowe-environment-simo-llcbl-1[0m stage [32mfrom-build-pack[0m and container [32mplace-tools[0m

Showing logs for build [32msimonjamesrowe-environment-simo-llcbl-1[0m stage [32mfrom-build-pack[0m and container [32mstep-git-source-simonjamesrowe-environment-simo-llcbl-wsw68[0m
{"level":"info","ts":1612104191.071065,"caller":"git/git.go:105","msg":"Successfully cloned https://github.com/simonjamesrowe/environment-simonjamesrowe-staging.git @ master in path /workspace/source"}
{"level":"warn","ts":1612104191.0713813,"caller":"git/git.go:152","msg":"Unexpected error: creating symlink: symlink /tekton/home/.ssh /****/.ssh: file exists"}
{"level":"info","ts":1612104191.1289356,"caller":"git/git.go:133","msg":"Successfully initialized and updated submodules in path /workspace/source"}

Showing logs for build [32msimonjamesrowe-environment-simo-llcbl-1[0m stage [32mfrom-build-pack[0m and container [32mstep-setup-builder-home[0m

Showing logs for build [32msimonjamesrowe-environment-simo-llcbl-1[0m stage [32mfrom-build-pack[0m and container [32mstep-git-merge[0m
Using SHAs from PULL_REFS=master:69508481a43584d24a41fed203346e1c2d4b58e9,39:dfae6125e9b734ef50b428ee173981ca20c4f763
DEBUG: JX_LOG_LEVEL=error LC_ALL=C git fetch origin --unshallow dfae6125e9b734ef50b428ee173981ca20c4f763: 69508481a43584d24a41fed203346e1c2d4b58e9:
DEBUG: ran git fetch --unshallow origin dfae6125e9b734ef50b428ee173981ca20c4f763: 69508481a43584d24a41fed203346e1c2d4b58e9: in 
DEBUG: LC_ALL=C JX_LOG_LEVEL=error git branch
DEBUG: LC_ALL=C JX_LOG_LEVEL=error git checkout master
DEBUG: ran git checkout master in 
DEBUG: LC_ALL=C JX_LOG_LEVEL=error git reset --hard 69508481a43584d24a41fed203346e1c2d4b58e9
DEBUG: ran git reset --hard 69508481a43584d24a41fed203346e1c2d4b58e9 in 
DEBUG: LC_ALL=C JX_LOG_LEVEL=error git clean -fd .
DEBUG: ran clean --force -d . in 
DEBUG: LC_ALL=C JX_LOG_LEVEL=error git merge dfae6125e9b734ef50b428ee173981ca20c4f763
DEBUG: ran git merge dfae6125e9b734ef50b428ee173981ca20c4f763 in 
DEBUG: LC_ALL=C JX_LOG_LEVEL=error git log --format=%H%x1f%an%x1f%ae%x1f%cn%x1f%ce%x1f%s%n%b%x1e 69508481a43584d24a41fed203346e1c2d4b58e9..HEAD
Merged SHA dfae6125e9b734ef50b428ee173981ca20c4f763 with commit message 'chore: Promote react-ui to version 0.0.49' into base branch master

Showing logs for build [32msimonjamesrowe-environment-simo-llcbl-1[0m stage [32mfrom-build-pack[0m and container [32mstep-build-helm-build[0m
WARNING: No $CHART_REPOSITORY defined so using the default value of: http://jenkins-x-chartmuseum:8080
Adding missing Helm repo: storage.googleapis.com https://storage.googleapis.com/chartmuseum.jenkins-x.io
Successfully added Helm repository storage.googleapis.com.
Adding missing Helm repo: jenkins-x-chartmuseum http://jenkins-x-chartmuseum:8080
Successfully added Helm repository jenkins-x-chartmuseum.
WARNING: No $CHART_REPOSITORY defined so using the default value of: http://jenkins-x-chartmuseum:8080
Adding missing Helm repo: chartmuseum.jenkins-x.io http://chartmuseum.jenkins-x.io
Successfully added Helm repository chartmuseum.jenkins-x.io.
