
Showing logs for build [32msimonjamesrowe-environment-simo-t85pc-1[0m stage [32mfrom-build-pack[0m and container [32mcredential-initializer[0m
{"level":"info","ts":1612336456.5822132,"caller":"creds-init/main.go:44","msg":"Credentials initialized."}

Showing logs for build [32msimonjamesrowe-environment-simo-t85pc-1[0m stage [32mfrom-build-pack[0m and container [32mworking-dir-initializer[0m

Showing logs for build [32msimonjamesrowe-environment-simo-t85pc-1[0m stage [32mfrom-build-pack[0m and container [32mplace-tools[0m

Showing logs for build [32msimonjamesrowe-environment-simo-t85pc-1[0m stage [32mfrom-build-pack[0m and container [32mstep-git-source-simonjamesrowe-environment-simo-t85pc-nx85t[0m
{"level":"info","ts":1612336464.7319732,"caller":"git/git.go:105","msg":"Successfully cloned https://github.com/simonjamesrowe/environment-simonjamesrowe-staging.git @ master in path /workspace/source"}
{"level":"warn","ts":1612336464.7320986,"caller":"git/git.go:152","msg":"Unexpected error: creating symlink: symlink /tekton/home/.ssh /****/.ssh: file exists"}
{"level":"info","ts":1612336464.7843492,"caller":"git/git.go:133","msg":"Successfully initialized and updated submodules in path /workspace/source"}

Showing logs for build [32msimonjamesrowe-environment-simo-t85pc-1[0m stage [32mfrom-build-pack[0m and container [32mstep-setup-builder-home[0m

Showing logs for build [32msimonjamesrowe-environment-simo-t85pc-1[0m stage [32mfrom-build-pack[0m and container [32mstep-git-merge[0m
Using SHAs from PULL_REFS=master:37843c94bd16fc21d3a39438d07cf82e4b018634,44:83bff942ff0b70070bb80545ad30e833c4871642
DEBUG: LC_ALL=C JX_LOG_LEVEL=error git fetch origin --unshallow 83bff942ff0b70070bb80545ad30e833c4871642: 37843c94bd16fc21d3a39438d07cf82e4b018634:
DEBUG: ran git fetch --unshallow origin 83bff942ff0b70070bb80545ad30e833c4871642: 37843c94bd16fc21d3a39438d07cf82e4b018634: in 
DEBUG: LC_ALL=C JX_LOG_LEVEL=error git branch
DEBUG: LC_ALL=C JX_LOG_LEVEL=error git checkout master
DEBUG: ran git checkout master in 
DEBUG: LC_ALL=C JX_LOG_LEVEL=error git reset --hard 37843c94bd16fc21d3a39438d07cf82e4b018634
DEBUG: ran git reset --hard 37843c94bd16fc21d3a39438d07cf82e4b018634 in 
DEBUG: LC_ALL=C JX_LOG_LEVEL=error git clean -fd .
DEBUG: ran clean --force -d . in 
DEBUG: LC_ALL=C JX_LOG_LEVEL=error git merge 83bff942ff0b70070bb80545ad30e833c4871642
DEBUG: ran git merge 83bff942ff0b70070bb80545ad30e833c4871642 in 
DEBUG: LC_ALL=C JX_LOG_LEVEL=error git log --format=%H%x1f%an%x1f%ae%x1f%cn%x1f%ce%x1f%s%n%b%x1e 37843c94bd16fc21d3a39438d07cf82e4b018634..HEAD
Merged SHA 83bff942ff0b70070bb80545ad30e833c4871642 with commit message 'chore: Promote search-service to version 0.0.20' into base branch master

Showing logs for build [32msimonjamesrowe-environment-simo-t85pc-1[0m stage [32mfrom-build-pack[0m and container [32mstep-build-helm-build[0m
WARNING: No $CHART_REPOSITORY defined so using the default value of: http://jenkins-x-chartmuseum:8080
Adding missing Helm repo: storage.googleapis.com https://storage.googleapis.com/chartmuseum.jenkins-x.io
Successfully added Helm repository storage.googleapis.com.
Adding missing Helm repo: jenkins-x-chartmuseum http://jenkins-x-chartmuseum:8080
Successfully added Helm repository jenkins-x-chartmuseum.
WARNING: No $CHART_REPOSITORY defined so using the default value of: http://jenkins-x-chartmuseum:8080
Adding missing Helm repo: chartmuseum.jenkins-x.io http://chartmuseum.jenkins-x.io
Successfully added Helm repository chartmuseum.jenkins-x.io.
