
Showing logs for build [32msimonjamesrowe-environment-simo-mxrd5-1[0m stage [32mfrom-build-pack[0m and container [32mcredential-initializer[0m
{"level":"info","ts":1609975350.8452172,"caller":"creds-init/main.go:44","msg":"Credentials initialized."}

Showing logs for build [32msimonjamesrowe-environment-simo-mxrd5-1[0m stage [32mfrom-build-pack[0m and container [32mworking-dir-initializer[0m

Showing logs for build [32msimonjamesrowe-environment-simo-mxrd5-1[0m stage [32mfrom-build-pack[0m and container [32mplace-tools[0m

Showing logs for build [32msimonjamesrowe-environment-simo-mxrd5-1[0m stage [32mfrom-build-pack[0m and container [32mstep-git-source-simonjamesrowe-environment-simo-mxrd5-f62wx[0m
{"level":"info","ts":1609975357.177492,"caller":"git/git.go:105","msg":"Successfully cloned https://github.com/simonjamesrowe/environment-simonjamesrowe-staging.git @ master in path /workspace/source"}
{"level":"warn","ts":1609975357.1776726,"caller":"git/git.go:152","msg":"Unexpected error: creating symlink: symlink /tekton/home/.ssh /****/.ssh: file exists"}
{"level":"info","ts":1609975357.2355037,"caller":"git/git.go:133","msg":"Successfully initialized and updated submodules in path /workspace/source"}

Showing logs for build [32msimonjamesrowe-environment-simo-mxrd5-1[0m stage [32mfrom-build-pack[0m and container [32mstep-setup-builder-home[0m

Showing logs for build [32msimonjamesrowe-environment-simo-mxrd5-1[0m stage [32mfrom-build-pack[0m and container [32mstep-git-merge[0m
Using SHAs from PULL_REFS=master:0f59aae47f81b4f7da3ca808a4df557101966ebe,12:99446c6f144d64896ee9b26d5399ecdeebb03579
DEBUG: LC_ALL=C JX_LOG_LEVEL=error git fetch origin --unshallow 99446c6f144d64896ee9b26d5399ecdeebb03579: 0f59aae47f81b4f7da3ca808a4df557101966ebe:
DEBUG: ran git fetch --unshallow origin 99446c6f144d64896ee9b26d5399ecdeebb03579: 0f59aae47f81b4f7da3ca808a4df557101966ebe: in 
DEBUG: LC_ALL=C JX_LOG_LEVEL=error git branch
DEBUG: LC_ALL=C JX_LOG_LEVEL=error git checkout master
DEBUG: ran git checkout master in 
DEBUG: LC_ALL=C JX_LOG_LEVEL=error git reset --hard 0f59aae47f81b4f7da3ca808a4df557101966ebe
DEBUG: ran git reset --hard 0f59aae47f81b4f7da3ca808a4df557101966ebe in 
DEBUG: LC_ALL=C JX_LOG_LEVEL=error git clean -fd .
DEBUG: ran clean --force -d . in 
DEBUG: LC_ALL=C JX_LOG_LEVEL=error git merge 99446c6f144d64896ee9b26d5399ecdeebb03579
DEBUG: ran git merge 99446c6f144d64896ee9b26d5399ecdeebb03579 in 
DEBUG: LC_ALL=C JX_LOG_LEVEL=error git log --format=%H%x1f%an%x1f%ae%x1f%cn%x1f%ce%x1f%s%n%b%x1e 0f59aae47f81b4f7da3ca808a4df557101966ebe..HEAD
Merged SHA 99446c6f144d64896ee9b26d5399ecdeebb03579 with commit message 'chore: Promote api-gateway to version 0.0.9' into base branch master

Showing logs for build [32msimonjamesrowe-environment-simo-mxrd5-1[0m stage [32mfrom-build-pack[0m and container [32mstep-build-helm-build[0m
WARNING: No $CHART_REPOSITORY defined so using the default value of: http://jenkins-x-chartmuseum:8080
Adding missing Helm repo: storage.googleapis.com https://storage.googleapis.com/chartmuseum.jenkins-x.io
Successfully added Helm repository storage.googleapis.com.
Adding missing Helm repo: jenkins-x-chartmuseum http://jenkins-x-chartmuseum:8080
Successfully added Helm repository jenkins-x-chartmuseum.
WARNING: No $CHART_REPOSITORY defined so using the default value of: http://jenkins-x-chartmuseum:8080
Adding missing Helm repo: chartmuseum.jenkins-x.io http://chartmuseum.jenkins-x.io
Successfully added Helm repository chartmuseum.jenkins-x.io.
