
Showing logs for build [32msimonjamesrowe-environment-simo-djsmk-1[0m stage [32mfrom-build-pack[0m and container [32mcredential-initializer[0m
{"level":"info","ts":1617409451.3366416,"caller":"creds-init/main.go:44","msg":"Credentials initialized."}

Showing logs for build [32msimonjamesrowe-environment-simo-djsmk-1[0m stage [32mfrom-build-pack[0m and container [32mworking-dir-initializer[0m

Showing logs for build [32msimonjamesrowe-environment-simo-djsmk-1[0m stage [32mfrom-build-pack[0m and container [32mplace-tools[0m

Showing logs for build [32msimonjamesrowe-environment-simo-djsmk-1[0m stage [32mfrom-build-pack[0m and container [32mstep-git-source-simonjamesrowe-environment-simo-djsmk-q248h[0m
{"level":"info","ts":1617409459.5387993,"caller":"git/git.go:105","msg":"Successfully cloned https://github.com/simonjamesrowe/environment-simonjamesrowe-staging.git @ master in path /workspace/source"}
{"level":"warn","ts":1617409459.5389018,"caller":"git/git.go:152","msg":"Unexpected error: creating symlink: symlink /tekton/home/.ssh /****/.ssh: file exists"}
{"level":"info","ts":1617409459.6381893,"caller":"git/git.go:133","msg":"Successfully initialized and updated submodules in path /workspace/source"}

Showing logs for build [32msimonjamesrowe-environment-simo-djsmk-1[0m stage [32mfrom-build-pack[0m and container [32mstep-setup-builder-home[0m

Showing logs for build [32msimonjamesrowe-environment-simo-djsmk-1[0m stage [32mfrom-build-pack[0m and container [32mstep-git-merge[0m
Using SHAs from PULL_REFS=master:0a735fdbfac46a860fa7e80479e529d424867d27,143:d385cf4b3f0e8b43c7830e51caa19c4369a75213
DEBUG: LC_ALL=C JX_LOG_LEVEL=error git fetch origin --unshallow d385cf4b3f0e8b43c7830e51caa19c4369a75213: 0a735fdbfac46a860fa7e80479e529d424867d27:
DEBUG: ran git fetch --unshallow origin d385cf4b3f0e8b43c7830e51caa19c4369a75213: 0a735fdbfac46a860fa7e80479e529d424867d27: in 
DEBUG: LC_ALL=C JX_LOG_LEVEL=error git branch
DEBUG: LC_ALL=C JX_LOG_LEVEL=error git checkout master
DEBUG: ran git checkout master in 
DEBUG: LC_ALL=C JX_LOG_LEVEL=error git reset --hard 0a735fdbfac46a860fa7e80479e529d424867d27
DEBUG: ran git reset --hard 0a735fdbfac46a860fa7e80479e529d424867d27 in 
DEBUG: LC_ALL=C JX_LOG_LEVEL=error git clean -fd .
DEBUG: ran clean --force -d . in 
DEBUG: LC_ALL=C JX_LOG_LEVEL=error git merge d385cf4b3f0e8b43c7830e51caa19c4369a75213
DEBUG: ran git merge d385cf4b3f0e8b43c7830e51caa19c4369a75213 in 
DEBUG: JX_LOG_LEVEL=error LC_ALL=C git log --format=%H%x1f%an%x1f%ae%x1f%cn%x1f%ce%x1f%s%n%b%x1e 0a735fdbfac46a860fa7e80479e529d424867d27..HEAD
Merged SHA d385cf4b3f0e8b43c7830e51caa19c4369a75213 with commit message 'chore: Promote search-service to version 0.0.130' into base branch master

Showing logs for build [32msimonjamesrowe-environment-simo-djsmk-1[0m stage [32mfrom-build-pack[0m and container [32mstep-build-helm-build[0m
WARNING: No $CHART_REPOSITORY defined so using the default value of: http://jenkins-x-chartmuseum:8080
Adding missing Helm repo: storage.googleapis.com https://storage.googleapis.com/chartmuseum.jenkins-x.io
Successfully added Helm repository storage.googleapis.com.
Adding missing Helm repo: jenkins-x-chartmuseum http://jenkins-x-chartmuseum:8080
Successfully added Helm repository jenkins-x-chartmuseum.
WARNING: No $CHART_REPOSITORY defined so using the default value of: http://jenkins-x-chartmuseum:8080
Adding missing Helm repo: chartmuseum.jenkins-x.io http://chartmuseum.jenkins-x.io
Successfully added Helm repository chartmuseum.jenkins-x.io.
