
Showing logs for build [32msimonjamesrowe-environment-simo-nmjh8-1[0m stage [32mfrom-build-pack[0m and container [32mcredential-initializer[0m
{"level":"info","ts":1613936258.3073542,"caller":"creds-init/main.go:44","msg":"Credentials initialized."}

Showing logs for build [32msimonjamesrowe-environment-simo-nmjh8-1[0m stage [32mfrom-build-pack[0m and container [32mworking-dir-initializer[0m

Showing logs for build [32msimonjamesrowe-environment-simo-nmjh8-1[0m stage [32mfrom-build-pack[0m and container [32mplace-tools[0m

Showing logs for build [32msimonjamesrowe-environment-simo-nmjh8-1[0m stage [32mfrom-build-pack[0m and container [32mstep-git-source-simonjamesrowe-environment-simo-nmjh8-xdgxr[0m
{"level":"info","ts":1613936264.3193922,"caller":"git/git.go:105","msg":"Successfully cloned https://github.com/simonjamesrowe/environment-simonjamesrowe-staging.git @ master in path /workspace/source"}
{"level":"warn","ts":1613936264.3195891,"caller":"git/git.go:152","msg":"Unexpected error: creating symlink: symlink /tekton/home/.ssh /****/.ssh: file exists"}
{"level":"info","ts":1613936264.3740706,"caller":"git/git.go:133","msg":"Successfully initialized and updated submodules in path /workspace/source"}

Showing logs for build [32msimonjamesrowe-environment-simo-nmjh8-1[0m stage [32mfrom-build-pack[0m and container [32mstep-setup-builder-home[0m

Showing logs for build [32msimonjamesrowe-environment-simo-nmjh8-1[0m stage [32mfrom-build-pack[0m and container [32mstep-git-merge[0m
Using SHAs from PULL_REFS=master:de3b4923951b828d8ea626f606a4d5a967e3facb,71:2830115f626354fcfc4199ad496a74d33ded6142
DEBUG: LC_ALL=C JX_LOG_LEVEL=error git fetch origin --unshallow 2830115f626354fcfc4199ad496a74d33ded6142: de3b4923951b828d8ea626f606a4d5a967e3facb:
DEBUG: ran git fetch --unshallow origin 2830115f626354fcfc4199ad496a74d33ded6142: de3b4923951b828d8ea626f606a4d5a967e3facb: in 
DEBUG: LC_ALL=C JX_LOG_LEVEL=error git branch
DEBUG: LC_ALL=C JX_LOG_LEVEL=error git checkout master
DEBUG: ran git checkout master in 
DEBUG: LC_ALL=C JX_LOG_LEVEL=error git reset --hard de3b4923951b828d8ea626f606a4d5a967e3facb
DEBUG: ran git reset --hard de3b4923951b828d8ea626f606a4d5a967e3facb in 
DEBUG: LC_ALL=C JX_LOG_LEVEL=error git clean -fd .
DEBUG: ran clean --force -d . in 
DEBUG: JX_LOG_LEVEL=error LC_ALL=C git merge 2830115f626354fcfc4199ad496a74d33ded6142
DEBUG: ran git merge 2830115f626354fcfc4199ad496a74d33ded6142 in 
DEBUG: LC_ALL=C JX_LOG_LEVEL=error git log --format=%H%x1f%an%x1f%ae%x1f%cn%x1f%ce%x1f%s%n%b%x1e de3b4923951b828d8ea626f606a4d5a967e3facb..HEAD
Merged SHA 2830115f626354fcfc4199ad496a74d33ded6142 with commit message 'chore: Promote react-ui to version 0.0.64' into base branch master

Showing logs for build [32msimonjamesrowe-environment-simo-nmjh8-1[0m stage [32mfrom-build-pack[0m and container [32mstep-build-helm-build[0m
WARNING: No $CHART_REPOSITORY defined so using the default value of: http://jenkins-x-chartmuseum:8080
Adding missing Helm repo: storage.googleapis.com https://storage.googleapis.com/chartmuseum.jenkins-x.io
Successfully added Helm repository storage.googleapis.com.
Adding missing Helm repo: jenkins-x-chartmuseum http://jenkins-x-chartmuseum:8080
Successfully added Helm repository jenkins-x-chartmuseum.
WARNING: No $CHART_REPOSITORY defined so using the default value of: http://jenkins-x-chartmuseum:8080
Adding missing Helm repo: chartmuseum.jenkins-x.io http://chartmuseum.jenkins-x.io
Successfully added Helm repository chartmuseum.jenkins-x.io.
