
Showing logs for build [32msimonjamesrowe-environment-simo-x8dpw-1[0m stage [32mfrom-build-pack[0m and container [32mcredential-initializer[0m
{"level":"info","ts":1610305324.1808193,"caller":"creds-init/main.go:44","msg":"Credentials initialized."}

Showing logs for build [32msimonjamesrowe-environment-simo-x8dpw-1[0m stage [32mfrom-build-pack[0m and container [32mworking-dir-initializer[0m

Showing logs for build [32msimonjamesrowe-environment-simo-x8dpw-1[0m stage [32mfrom-build-pack[0m and container [32mplace-tools[0m

Showing logs for build [32msimonjamesrowe-environment-simo-x8dpw-1[0m stage [32mfrom-build-pack[0m and container [32mstep-git-source-simonjamesrowe-environment-simo-x8dpw-422f4[0m
{"level":"info","ts":1610305329.9054687,"caller":"git/git.go:105","msg":"Successfully cloned https://github.com/simonjamesrowe/environment-simonjamesrowe-staging.git @ master in path /workspace/source"}
{"level":"warn","ts":1610305329.9055884,"caller":"git/git.go:152","msg":"Unexpected error: creating symlink: symlink /tekton/home/.ssh /****/.ssh: file exists"}
{"level":"info","ts":1610305329.9539568,"caller":"git/git.go:133","msg":"Successfully initialized and updated submodules in path /workspace/source"}

Showing logs for build [32msimonjamesrowe-environment-simo-x8dpw-1[0m stage [32mfrom-build-pack[0m and container [32mstep-setup-builder-home[0m

Showing logs for build [32msimonjamesrowe-environment-simo-x8dpw-1[0m stage [32mfrom-build-pack[0m and container [32mstep-git-merge[0m
Using SHAs from PULL_REFS=master:8a4d36d6e63e7b0229981399896ede6552e1cee1,18:1fdd91ff052fcf504c70cca95d0d0dfeaadab3b2
DEBUG: LC_ALL=C JX_LOG_LEVEL=error git fetch origin --unshallow 1fdd91ff052fcf504c70cca95d0d0dfeaadab3b2: 8a4d36d6e63e7b0229981399896ede6552e1cee1:
DEBUG: ran git fetch --unshallow origin 1fdd91ff052fcf504c70cca95d0d0dfeaadab3b2: 8a4d36d6e63e7b0229981399896ede6552e1cee1: in 
DEBUG: LC_ALL=C JX_LOG_LEVEL=error git branch
DEBUG: LC_ALL=C JX_LOG_LEVEL=error git checkout master
DEBUG: ran git checkout master in 
DEBUG: LC_ALL=C JX_LOG_LEVEL=error git reset --hard 8a4d36d6e63e7b0229981399896ede6552e1cee1
DEBUG: ran git reset --hard 8a4d36d6e63e7b0229981399896ede6552e1cee1 in 
DEBUG: LC_ALL=C JX_LOG_LEVEL=error git clean -fd .
DEBUG: ran clean --force -d . in 
DEBUG: LC_ALL=C JX_LOG_LEVEL=error git merge 1fdd91ff052fcf504c70cca95d0d0dfeaadab3b2
DEBUG: ran git merge 1fdd91ff052fcf504c70cca95d0d0dfeaadab3b2 in 
DEBUG: JX_LOG_LEVEL=error LC_ALL=C git log --format=%H%x1f%an%x1f%ae%x1f%cn%x1f%ce%x1f%s%n%b%x1e 8a4d36d6e63e7b0229981399896ede6552e1cee1..HEAD
Merged SHA 1fdd91ff052fcf504c70cca95d0d0dfeaadab3b2 with commit message 'chore: Promote search-service to version 0.0.3' into base branch master

Showing logs for build [32msimonjamesrowe-environment-simo-x8dpw-1[0m stage [32mfrom-build-pack[0m and container [32mstep-build-helm-build[0m
WARNING: No $CHART_REPOSITORY defined so using the default value of: http://jenkins-x-chartmuseum:8080
Adding missing Helm repo: storage.googleapis.com https://storage.googleapis.com/chartmuseum.jenkins-x.io
Successfully added Helm repository storage.googleapis.com.
Adding missing Helm repo: jenkins-x-chartmuseum http://jenkins-x-chartmuseum:8080
Successfully added Helm repository jenkins-x-chartmuseum.
WARNING: No $CHART_REPOSITORY defined so using the default value of: http://jenkins-x-chartmuseum:8080
Adding missing Helm repo: chartmuseum.jenkins-x.io http://chartmuseum.jenkins-x.io
Successfully added Helm repository chartmuseum.jenkins-x.io.
