
Showing logs for build [32msimonjamesrowe-environment-simo-drcb6-1[0m stage [32mfrom-build-pack[0m and container [32mcredential-initializer[0m
{"level":"info","ts":1614586549.9987483,"caller":"creds-init/main.go:44","msg":"Credentials initialized."}

Showing logs for build [32msimonjamesrowe-environment-simo-drcb6-1[0m stage [32mfrom-build-pack[0m and container [32mworking-dir-initializer[0m

Showing logs for build [32msimonjamesrowe-environment-simo-drcb6-1[0m stage [32mfrom-build-pack[0m and container [32mplace-tools[0m

Showing logs for build [32msimonjamesrowe-environment-simo-drcb6-1[0m stage [32mfrom-build-pack[0m and container [32mstep-git-source-simonjamesrowe-environment-simo-drcb6-t545v[0m
{"level":"info","ts":1614586556.852435,"caller":"git/git.go:105","msg":"Successfully cloned https://github.com/simonjamesrowe/environment-simonjamesrowe-staging.git @ master in path /workspace/source"}
{"level":"warn","ts":1614586556.852613,"caller":"git/git.go:152","msg":"Unexpected error: creating symlink: symlink /tekton/home/.ssh /****/.ssh: file exists"}
{"level":"info","ts":1614586556.9469416,"caller":"git/git.go:133","msg":"Successfully initialized and updated submodules in path /workspace/source"}

Showing logs for build [32msimonjamesrowe-environment-simo-drcb6-1[0m stage [32mfrom-build-pack[0m and container [32mstep-setup-builder-home[0m

Showing logs for build [32msimonjamesrowe-environment-simo-drcb6-1[0m stage [32mfrom-build-pack[0m and container [32mstep-git-merge[0m
Using SHAs from PULL_REFS=master:ea449ad5751a655b4b41c32d4fc3670324555418,84:1cf2e02330e2bde501583b82528643ad2fa700c9
DEBUG: LC_ALL=C JX_LOG_LEVEL=error git fetch origin --unshallow 1cf2e02330e2bde501583b82528643ad2fa700c9: ea449ad5751a655b4b41c32d4fc3670324555418:
DEBUG: ran git fetch --unshallow origin 1cf2e02330e2bde501583b82528643ad2fa700c9: ea449ad5751a655b4b41c32d4fc3670324555418: in 
DEBUG: LC_ALL=C JX_LOG_LEVEL=error git branch
DEBUG: JX_LOG_LEVEL=error LC_ALL=C git checkout master
DEBUG: ran git checkout master in 
DEBUG: JX_LOG_LEVEL=error LC_ALL=C git reset --hard ea449ad5751a655b4b41c32d4fc3670324555418
DEBUG: ran git reset --hard ea449ad5751a655b4b41c32d4fc3670324555418 in 
DEBUG: LC_ALL=C JX_LOG_LEVEL=error git clean -fd .
DEBUG: ran clean --force -d . in 
DEBUG: LC_ALL=C JX_LOG_LEVEL=error git merge 1cf2e02330e2bde501583b82528643ad2fa700c9
DEBUG: ran git merge 1cf2e02330e2bde501583b82528643ad2fa700c9 in 
DEBUG: LC_ALL=C JX_LOG_LEVEL=error git log --format=%H%x1f%an%x1f%ae%x1f%cn%x1f%ce%x1f%s%n%b%x1e ea449ad5751a655b4b41c32d4fc3670324555418..HEAD
Merged SHA 1cf2e02330e2bde501583b82528643ad2fa700c9 with commit message 'chore: Promote start to version 0.0.25' into base branch master

Showing logs for build [32msimonjamesrowe-environment-simo-drcb6-1[0m stage [32mfrom-build-pack[0m and container [32mstep-build-helm-build[0m
WARNING: No $CHART_REPOSITORY defined so using the default value of: http://jenkins-x-chartmuseum:8080
Adding missing Helm repo: storage.googleapis.com https://storage.googleapis.com/chartmuseum.jenkins-x.io
Successfully added Helm repository storage.googleapis.com.
Adding missing Helm repo: jenkins-x-chartmuseum http://jenkins-x-chartmuseum:8080
Successfully added Helm repository jenkins-x-chartmuseum.
WARNING: No $CHART_REPOSITORY defined so using the default value of: http://jenkins-x-chartmuseum:8080
Adding missing Helm repo: chartmuseum.jenkins-x.io http://chartmuseum.jenkins-x.io
Successfully added Helm repository chartmuseum.jenkins-x.io.
