
Showing logs for build [32msimonjamesrowe-environment-simo-h9t2f-1[0m stage [32mfrom-build-pack[0m and container [32mcredential-initializer[0m
{"level":"info","ts":1617558928.2987325,"caller":"creds-init/main.go:44","msg":"Credentials initialized."}

Showing logs for build [32msimonjamesrowe-environment-simo-h9t2f-1[0m stage [32mfrom-build-pack[0m and container [32mworking-dir-initializer[0m

Showing logs for build [32msimonjamesrowe-environment-simo-h9t2f-1[0m stage [32mfrom-build-pack[0m and container [32mplace-tools[0m

Showing logs for build [32msimonjamesrowe-environment-simo-h9t2f-1[0m stage [32mfrom-build-pack[0m and container [32mstep-git-source-simonjamesrowe-environment-simo-h9t2f-7nfwb[0m
{"level":"info","ts":1617558935.233474,"caller":"git/git.go:105","msg":"Successfully cloned https://github.com/simonjamesrowe/environment-simonjamesrowe-staging.git @ master in path /workspace/source"}
{"level":"warn","ts":1617558935.2336369,"caller":"git/git.go:152","msg":"Unexpected error: creating symlink: symlink /tekton/home/.ssh /****/.ssh: file exists"}
{"level":"info","ts":1617558935.2961376,"caller":"git/git.go:133","msg":"Successfully initialized and updated submodules in path /workspace/source"}

Showing logs for build [32msimonjamesrowe-environment-simo-h9t2f-1[0m stage [32mfrom-build-pack[0m and container [32mstep-setup-builder-home[0m

Showing logs for build [32msimonjamesrowe-environment-simo-h9t2f-1[0m stage [32mfrom-build-pack[0m and container [32mstep-git-merge[0m
Using SHAs from PULL_REFS=master:a81a9f9fe2723e4de66524be253ac9a9af8eae24,146:bf0ae195f38a1f67e5cdd823c233cbb70ea61358
DEBUG: LC_ALL=C JX_LOG_LEVEL=error git fetch origin --unshallow bf0ae195f38a1f67e5cdd823c233cbb70ea61358: a81a9f9fe2723e4de66524be253ac9a9af8eae24:
DEBUG: ran git fetch --unshallow origin bf0ae195f38a1f67e5cdd823c233cbb70ea61358: a81a9f9fe2723e4de66524be253ac9a9af8eae24: in 
DEBUG: LC_ALL=C JX_LOG_LEVEL=error git branch
DEBUG: LC_ALL=C JX_LOG_LEVEL=error git checkout master
DEBUG: ran git checkout master in 
DEBUG: LC_ALL=C JX_LOG_LEVEL=error git reset --hard a81a9f9fe2723e4de66524be253ac9a9af8eae24
DEBUG: ran git reset --hard a81a9f9fe2723e4de66524be253ac9a9af8eae24 in 
DEBUG: LC_ALL=C JX_LOG_LEVEL=error git clean -fd .
DEBUG: ran clean --force -d . in 
DEBUG: LC_ALL=C JX_LOG_LEVEL=error git merge bf0ae195f38a1f67e5cdd823c233cbb70ea61358
DEBUG: ran git merge bf0ae195f38a1f67e5cdd823c233cbb70ea61358 in 
DEBUG: JX_LOG_LEVEL=error LC_ALL=C git log --format=%H%x1f%an%x1f%ae%x1f%cn%x1f%ce%x1f%s%n%b%x1e a81a9f9fe2723e4de66524be253ac9a9af8eae24..HEAD
Merged SHA bf0ae195f38a1f67e5cdd823c233cbb70ea61358 with commit message 'chore: Promote search-service to version 0.0.135' into base branch master

Showing logs for build [32msimonjamesrowe-environment-simo-h9t2f-1[0m stage [32mfrom-build-pack[0m and container [32mstep-build-helm-build[0m
WARNING: No $CHART_REPOSITORY defined so using the default value of: http://jenkins-x-chartmuseum:8080
Adding missing Helm repo: storage.googleapis.com https://storage.googleapis.com/chartmuseum.jenkins-x.io
Successfully added Helm repository storage.googleapis.com.
Adding missing Helm repo: jenkins-x-chartmuseum http://jenkins-x-chartmuseum:8080
Successfully added Helm repository jenkins-x-chartmuseum.
WARNING: No $CHART_REPOSITORY defined so using the default value of: http://jenkins-x-chartmuseum:8080
Adding missing Helm repo: chartmuseum.jenkins-x.io http://chartmuseum.jenkins-x.io
Successfully added Helm repository chartmuseum.jenkins-x.io.
