
Showing logs for build [32msimonjamesrowe-environment-simo-4rh7c-1[0m stage [32mfrom-build-pack[0m and container [32mcredential-initializer[0m
{"level":"info","ts":1616334940.2642565,"caller":"creds-init/main.go:44","msg":"Credentials initialized."}

Showing logs for build [32msimonjamesrowe-environment-simo-4rh7c-1[0m stage [32mfrom-build-pack[0m and container [32mworking-dir-initializer[0m

Showing logs for build [32msimonjamesrowe-environment-simo-4rh7c-1[0m stage [32mfrom-build-pack[0m and container [32mplace-tools[0m

Showing logs for build [32msimonjamesrowe-environment-simo-4rh7c-1[0m stage [32mfrom-build-pack[0m and container [32mstep-git-source-simonjamesrowe-environment-simo-4rh7c-59zbp[0m
{"level":"info","ts":1616334947.354827,"caller":"git/git.go:105","msg":"Successfully cloned https://github.com/simonjamesrowe/environment-simonjamesrowe-staging.git @ master in path /workspace/source"}
{"level":"warn","ts":1616334947.3550146,"caller":"git/git.go:152","msg":"Unexpected error: creating symlink: symlink /tekton/home/.ssh /****/.ssh: file exists"}
{"level":"info","ts":1616334947.4426043,"caller":"git/git.go:133","msg":"Successfully initialized and updated submodules in path /workspace/source"}

Showing logs for build [32msimonjamesrowe-environment-simo-4rh7c-1[0m stage [32mfrom-build-pack[0m and container [32mstep-setup-builder-home[0m

Showing logs for build [32msimonjamesrowe-environment-simo-4rh7c-1[0m stage [32mfrom-build-pack[0m and container [32mstep-git-merge[0m
Using SHAs from PULL_REFS=master:c7f49a96a50ac4edc73e48c00ea317225435c5dc,105:cb9885ddd1a31cfd4b736567cb50bd5f667ec910
DEBUG: LC_ALL=C JX_LOG_LEVEL=error git fetch origin --unshallow cb9885ddd1a31cfd4b736567cb50bd5f667ec910: c7f49a96a50ac4edc73e48c00ea317225435c5dc:
DEBUG: ran git fetch --unshallow origin cb9885ddd1a31cfd4b736567cb50bd5f667ec910: c7f49a96a50ac4edc73e48c00ea317225435c5dc: in 
DEBUG: LC_ALL=C JX_LOG_LEVEL=error git branch
DEBUG: JX_LOG_LEVEL=error LC_ALL=C git checkout master
DEBUG: ran git checkout master in 
DEBUG: LC_ALL=C JX_LOG_LEVEL=error git reset --hard c7f49a96a50ac4edc73e48c00ea317225435c5dc
DEBUG: ran git reset --hard c7f49a96a50ac4edc73e48c00ea317225435c5dc in 
DEBUG: LC_ALL=C JX_LOG_LEVEL=error git clean -fd .
DEBUG: ran clean --force -d . in 
DEBUG: LC_ALL=C JX_LOG_LEVEL=error git merge cb9885ddd1a31cfd4b736567cb50bd5f667ec910
DEBUG: ran git merge cb9885ddd1a31cfd4b736567cb50bd5f667ec910 in 
DEBUG: JX_LOG_LEVEL=error LC_ALL=C git log --format=%H%x1f%an%x1f%ae%x1f%cn%x1f%ce%x1f%s%n%b%x1e c7f49a96a50ac4edc73e48c00ea317225435c5dc..HEAD
Merged SHA cb9885ddd1a31cfd4b736567cb50bd5f667ec910 with commit message 'chore: Promote search-service to version 0.0.46' into base branch master

Showing logs for build [32msimonjamesrowe-environment-simo-4rh7c-1[0m stage [32mfrom-build-pack[0m and container [32mstep-build-helm-build[0m
WARNING: No $CHART_REPOSITORY defined so using the default value of: http://jenkins-x-chartmuseum:8080
Adding missing Helm repo: storage.googleapis.com https://storage.googleapis.com/chartmuseum.jenkins-x.io
Successfully added Helm repository storage.googleapis.com.
Adding missing Helm repo: jenkins-x-chartmuseum http://jenkins-x-chartmuseum:8080
Successfully added Helm repository jenkins-x-chartmuseum.
WARNING: No $CHART_REPOSITORY defined so using the default value of: http://jenkins-x-chartmuseum:8080
Adding missing Helm repo: chartmuseum.jenkins-x.io http://chartmuseum.jenkins-x.io
Successfully added Helm repository chartmuseum.jenkins-x.io.
