
Showing logs for build [32msimonjamesrowe-environment-simo-qxksd-1[0m stage [32mfrom-build-pack[0m and container [32mcredential-initializer[0m
{"level":"info","ts":1610217424.8142624,"caller":"creds-init/main.go:44","msg":"Credentials initialized."}

Showing logs for build [32msimonjamesrowe-environment-simo-qxksd-1[0m stage [32mfrom-build-pack[0m and container [32mworking-dir-initializer[0m

Showing logs for build [32msimonjamesrowe-environment-simo-qxksd-1[0m stage [32mfrom-build-pack[0m and container [32mplace-tools[0m

Showing logs for build [32msimonjamesrowe-environment-simo-qxksd-1[0m stage [32mfrom-build-pack[0m and container [32mstep-git-source-simonjamesrowe-environment-simo-qxksd-6xbcp[0m
{"level":"info","ts":1610217430.6899571,"caller":"git/git.go:105","msg":"Successfully cloned https://github.com/simonjamesrowe/environment-simonjamesrowe-staging.git @ master in path /workspace/source"}
{"level":"warn","ts":1610217430.6901019,"caller":"git/git.go:152","msg":"Unexpected error: creating symlink: symlink /tekton/home/.ssh /****/.ssh: file exists"}
{"level":"info","ts":1610217430.776796,"caller":"git/git.go:133","msg":"Successfully initialized and updated submodules in path /workspace/source"}

Showing logs for build [32msimonjamesrowe-environment-simo-qxksd-1[0m stage [32mfrom-build-pack[0m and container [32mstep-setup-builder-home[0m

Showing logs for build [32msimonjamesrowe-environment-simo-qxksd-1[0m stage [32mfrom-build-pack[0m and container [32mstep-git-merge[0m
Using SHAs from PULL_REFS=master:31ee98b8e6c0b75879cc315e6c1d566ffef0bf53,16:6b13bc2d0abe20668a23bac16378ce3b8c9fb25c
DEBUG: LC_ALL=C JX_LOG_LEVEL=error git fetch origin --unshallow 6b13bc2d0abe20668a23bac16378ce3b8c9fb25c: 31ee98b8e6c0b75879cc315e6c1d566ffef0bf53:
DEBUG: ran git fetch --unshallow origin 6b13bc2d0abe20668a23bac16378ce3b8c9fb25c: 31ee98b8e6c0b75879cc315e6c1d566ffef0bf53: in 
DEBUG: LC_ALL=C JX_LOG_LEVEL=error git branch
DEBUG: LC_ALL=C JX_LOG_LEVEL=error git checkout master
DEBUG: ran git checkout master in 
DEBUG: LC_ALL=C JX_LOG_LEVEL=error git reset --hard 31ee98b8e6c0b75879cc315e6c1d566ffef0bf53
DEBUG: ran git reset --hard 31ee98b8e6c0b75879cc315e6c1d566ffef0bf53 in 
DEBUG: LC_ALL=C JX_LOG_LEVEL=error git clean -fd .
DEBUG: ran clean --force -d . in 
DEBUG: LC_ALL=C JX_LOG_LEVEL=error git merge 6b13bc2d0abe20668a23bac16378ce3b8c9fb25c
DEBUG: ran git merge 6b13bc2d0abe20668a23bac16378ce3b8c9fb25c in 
DEBUG: LC_ALL=C JX_LOG_LEVEL=error git log --format=%H%x1f%an%x1f%ae%x1f%cn%x1f%ce%x1f%s%n%b%x1e 31ee98b8e6c0b75879cc315e6c1d566ffef0bf53..HEAD
Merged SHA 6b13bc2d0abe20668a23bac16378ce3b8c9fb25c with commit message 'chore: Promote start to version 0.0.22' into base branch master

Showing logs for build [32msimonjamesrowe-environment-simo-qxksd-1[0m stage [32mfrom-build-pack[0m and container [32mstep-build-helm-build[0m
WARNING: No $CHART_REPOSITORY defined so using the default value of: http://jenkins-x-chartmuseum:8080
Adding missing Helm repo: storage.googleapis.com https://storage.googleapis.com/chartmuseum.jenkins-x.io
Successfully added Helm repository storage.googleapis.com.
Adding missing Helm repo: jenkins-x-chartmuseum http://jenkins-x-chartmuseum:8080
Successfully added Helm repository jenkins-x-chartmuseum.
WARNING: No $CHART_REPOSITORY defined so using the default value of: http://jenkins-x-chartmuseum:8080
Adding missing Helm repo: chartmuseum.jenkins-x.io http://chartmuseum.jenkins-x.io
Successfully added Helm repository chartmuseum.jenkins-x.io.
