
Showing logs for build [32msimonjamesrowe-environment-simo-fff5b-1[0m stage [32mfrom-build-pack[0m and container [32mcredential-initializer[0m
{"level":"info","ts":1617376596.319157,"caller":"creds-init/main.go:44","msg":"Credentials initialized."}

Showing logs for build [32msimonjamesrowe-environment-simo-fff5b-1[0m stage [32mfrom-build-pack[0m and container [32mworking-dir-initializer[0m

Showing logs for build [32msimonjamesrowe-environment-simo-fff5b-1[0m stage [32mfrom-build-pack[0m and container [32mplace-tools[0m

Showing logs for build [32msimonjamesrowe-environment-simo-fff5b-1[0m stage [32mfrom-build-pack[0m and container [32mstep-git-source-simonjamesrowe-environment-simo-fff5b-pbddg[0m
{"level":"info","ts":1617376602.3806002,"caller":"git/git.go:105","msg":"Successfully cloned https://github.com/simonjamesrowe/environment-simonjamesrowe-staging.git @ master in path /workspace/source"}
{"level":"warn","ts":1617376602.38091,"caller":"git/git.go:152","msg":"Unexpected error: creating symlink: symlink /tekton/home/.ssh /****/.ssh: file exists"}
{"level":"info","ts":1617376602.44101,"caller":"git/git.go:133","msg":"Successfully initialized and updated submodules in path /workspace/source"}

Showing logs for build [32msimonjamesrowe-environment-simo-fff5b-1[0m stage [32mfrom-build-pack[0m and container [32mstep-setup-builder-home[0m

Showing logs for build [32msimonjamesrowe-environment-simo-fff5b-1[0m stage [32mfrom-build-pack[0m and container [32mstep-git-merge[0m
Using SHAs from PULL_REFS=master:599181bdbe9dd7ffe2227e0b0714b32e47d6ab6e,141:3f25caed7905f709f1eaf3ebc6b76a340e9c30e3
DEBUG: LC_ALL=C JX_LOG_LEVEL=error git fetch origin --unshallow 3f25caed7905f709f1eaf3ebc6b76a340e9c30e3: 599181bdbe9dd7ffe2227e0b0714b32e47d6ab6e:
DEBUG: ran git fetch --unshallow origin 3f25caed7905f709f1eaf3ebc6b76a340e9c30e3: 599181bdbe9dd7ffe2227e0b0714b32e47d6ab6e: in 
DEBUG: LC_ALL=C JX_LOG_LEVEL=error git branch
DEBUG: LC_ALL=C JX_LOG_LEVEL=error git checkout master
DEBUG: ran git checkout master in 
DEBUG: LC_ALL=C JX_LOG_LEVEL=error git reset --hard 599181bdbe9dd7ffe2227e0b0714b32e47d6ab6e
DEBUG: ran git reset --hard 599181bdbe9dd7ffe2227e0b0714b32e47d6ab6e in 
DEBUG: JX_LOG_LEVEL=error LC_ALL=C git clean -fd .
DEBUG: ran clean --force -d . in 
DEBUG: LC_ALL=C JX_LOG_LEVEL=error git merge 3f25caed7905f709f1eaf3ebc6b76a340e9c30e3
DEBUG: ran git merge 3f25caed7905f709f1eaf3ebc6b76a340e9c30e3 in 
DEBUG: JX_LOG_LEVEL=error LC_ALL=C git log --format=%H%x1f%an%x1f%ae%x1f%cn%x1f%ce%x1f%s%n%b%x1e 599181bdbe9dd7ffe2227e0b0714b32e47d6ab6e..HEAD
Merged SHA 3f25caed7905f709f1eaf3ebc6b76a340e9c30e3 with commit message 'chore: Promote search-service to version 0.0.124' into base branch master

Showing logs for build [32msimonjamesrowe-environment-simo-fff5b-1[0m stage [32mfrom-build-pack[0m and container [32mstep-build-helm-build[0m
WARNING: No $CHART_REPOSITORY defined so using the default value of: http://jenkins-x-chartmuseum:8080
Adding missing Helm repo: storage.googleapis.com https://storage.googleapis.com/chartmuseum.jenkins-x.io
Successfully added Helm repository storage.googleapis.com.
Adding missing Helm repo: jenkins-x-chartmuseum http://jenkins-x-chartmuseum:8080
Successfully added Helm repository jenkins-x-chartmuseum.
WARNING: No $CHART_REPOSITORY defined so using the default value of: http://jenkins-x-chartmuseum:8080
Adding missing Helm repo: chartmuseum.jenkins-x.io http://chartmuseum.jenkins-x.io
Successfully added Helm repository chartmuseum.jenkins-x.io.
