
Showing logs for build [32msimonjamesrowe-environment-simo-x7hnq-1[0m stage [32mfrom-build-pack[0m and container [32mcredential-initializer[0m
{"level":"info","ts":1616689905.1319761,"caller":"creds-init/main.go:44","msg":"Credentials initialized."}

Showing logs for build [32msimonjamesrowe-environment-simo-x7hnq-1[0m stage [32mfrom-build-pack[0m and container [32mworking-dir-initializer[0m

Showing logs for build [32msimonjamesrowe-environment-simo-x7hnq-1[0m stage [32mfrom-build-pack[0m and container [32mplace-tools[0m

Showing logs for build [32msimonjamesrowe-environment-simo-x7hnq-1[0m stage [32mfrom-build-pack[0m and container [32mstep-git-source-simonjamesrowe-environment-simo-x7hnq-kpqqr[0m
{"level":"info","ts":1616689911.6388752,"caller":"git/git.go:105","msg":"Successfully cloned https://github.com/simonjamesrowe/environment-simonjamesrowe-staging.git @ master in path /workspace/source"}
{"level":"warn","ts":1616689911.6390204,"caller":"git/git.go:152","msg":"Unexpected error: creating symlink: symlink /tekton/home/.ssh /****/.ssh: file exists"}
{"level":"info","ts":1616689911.7281559,"caller":"git/git.go:133","msg":"Successfully initialized and updated submodules in path /workspace/source"}

Showing logs for build [32msimonjamesrowe-environment-simo-x7hnq-1[0m stage [32mfrom-build-pack[0m and container [32mstep-setup-builder-home[0m

Showing logs for build [32msimonjamesrowe-environment-simo-x7hnq-1[0m stage [32mfrom-build-pack[0m and container [32mstep-git-merge[0m
Using SHAs from PULL_REFS=master:b0bf4e784cf798a1fd532d091c12cd7ddcb8e86c,114:ff9f3806dbbee52f46f04b3121c51a5b076398d6
DEBUG: LC_ALL=C JX_LOG_LEVEL=error git fetch origin --unshallow ff9f3806dbbee52f46f04b3121c51a5b076398d6: b0bf4e784cf798a1fd532d091c12cd7ddcb8e86c:
DEBUG: ran git fetch --unshallow origin ff9f3806dbbee52f46f04b3121c51a5b076398d6: b0bf4e784cf798a1fd532d091c12cd7ddcb8e86c: in 
DEBUG: LC_ALL=C JX_LOG_LEVEL=error git branch
DEBUG: LC_ALL=C JX_LOG_LEVEL=error git checkout master
DEBUG: ran git checkout master in 
DEBUG: LC_ALL=C JX_LOG_LEVEL=error git reset --hard b0bf4e784cf798a1fd532d091c12cd7ddcb8e86c
DEBUG: ran git reset --hard b0bf4e784cf798a1fd532d091c12cd7ddcb8e86c in 
DEBUG: LC_ALL=C JX_LOG_LEVEL=error git clean -fd .
DEBUG: ran clean --force -d . in 
DEBUG: LC_ALL=C JX_LOG_LEVEL=error git merge ff9f3806dbbee52f46f04b3121c51a5b076398d6
DEBUG: ran git merge ff9f3806dbbee52f46f04b3121c51a5b076398d6 in 
DEBUG: LC_ALL=C JX_LOG_LEVEL=error git log --format=%H%x1f%an%x1f%ae%x1f%cn%x1f%ce%x1f%s%n%b%x1e b0bf4e784cf798a1fd532d091c12cd7ddcb8e86c..HEAD
Merged SHA ff9f3806dbbee52f46f04b3121c51a5b076398d6 with commit message 'chore: Promote search-service to version 0.0.78' into base branch master

Showing logs for build [32msimonjamesrowe-environment-simo-x7hnq-1[0m stage [32mfrom-build-pack[0m and container [32mstep-build-helm-build[0m
WARNING: No $CHART_REPOSITORY defined so using the default value of: http://jenkins-x-chartmuseum:8080
Adding missing Helm repo: storage.googleapis.com https://storage.googleapis.com/chartmuseum.jenkins-x.io
Successfully added Helm repository storage.googleapis.com.
Adding missing Helm repo: jenkins-x-chartmuseum http://jenkins-x-chartmuseum:8080
Successfully added Helm repository jenkins-x-chartmuseum.
WARNING: No $CHART_REPOSITORY defined so using the default value of: http://jenkins-x-chartmuseum:8080
Adding missing Helm repo: chartmuseum.jenkins-x.io http://chartmuseum.jenkins-x.io
Successfully added Helm repository chartmuseum.jenkins-x.io.
