
Showing logs for build [32msimonjamesrowe-environment-simo-kvkfv-1[0m stage [32mfrom-build-pack[0m and container [32mcredential-initializer[0m
{"level":"info","ts":1616595960.991431,"caller":"creds-init/main.go:44","msg":"Credentials initialized."}

Showing logs for build [32msimonjamesrowe-environment-simo-kvkfv-1[0m stage [32mfrom-build-pack[0m and container [32mworking-dir-initializer[0m

Showing logs for build [32msimonjamesrowe-environment-simo-kvkfv-1[0m stage [32mfrom-build-pack[0m and container [32mplace-tools[0m

Showing logs for build [32msimonjamesrowe-environment-simo-kvkfv-1[0m stage [32mfrom-build-pack[0m and container [32mstep-git-source-simonjamesrowe-environment-simo-kvkfv-d9lwx[0m
{"level":"info","ts":1616595968.8132849,"caller":"git/git.go:105","msg":"Successfully cloned https://github.com/simonjamesrowe/environment-simonjamesrowe-staging.git @ master in path /workspace/source"}
{"level":"warn","ts":1616595968.813548,"caller":"git/git.go:152","msg":"Unexpected error: creating symlink: symlink /tekton/home/.ssh /****/.ssh: file exists"}
{"level":"info","ts":1616595968.856952,"caller":"git/git.go:133","msg":"Successfully initialized and updated submodules in path /workspace/source"}

Showing logs for build [32msimonjamesrowe-environment-simo-kvkfv-1[0m stage [32mfrom-build-pack[0m and container [32mstep-setup-builder-home[0m

Showing logs for build [32msimonjamesrowe-environment-simo-kvkfv-1[0m stage [32mfrom-build-pack[0m and container [32mstep-git-merge[0m
Using SHAs from PULL_REFS=master:2d0d2998de635df8a8deb09aba0f7850d8b5868c,108:1c1c4d6650a912e2b691de780fdbb61d1151dcf2
DEBUG: LC_ALL=C JX_LOG_LEVEL=error git fetch origin --unshallow 1c1c4d6650a912e2b691de780fdbb61d1151dcf2: 2d0d2998de635df8a8deb09aba0f7850d8b5868c:
DEBUG: ran git fetch --unshallow origin 1c1c4d6650a912e2b691de780fdbb61d1151dcf2: 2d0d2998de635df8a8deb09aba0f7850d8b5868c: in 
DEBUG: LC_ALL=C JX_LOG_LEVEL=error git branch
DEBUG: LC_ALL=C JX_LOG_LEVEL=error git checkout master
DEBUG: ran git checkout master in 
DEBUG: LC_ALL=C JX_LOG_LEVEL=error git reset --hard 2d0d2998de635df8a8deb09aba0f7850d8b5868c
DEBUG: ran git reset --hard 2d0d2998de635df8a8deb09aba0f7850d8b5868c in 
DEBUG: LC_ALL=C JX_LOG_LEVEL=error git clean -fd .
DEBUG: ran clean --force -d . in 
DEBUG: LC_ALL=C JX_LOG_LEVEL=error git merge 1c1c4d6650a912e2b691de780fdbb61d1151dcf2
DEBUG: ran git merge 1c1c4d6650a912e2b691de780fdbb61d1151dcf2 in 
DEBUG: LC_ALL=C JX_LOG_LEVEL=error git log --format=%H%x1f%an%x1f%ae%x1f%cn%x1f%ce%x1f%s%n%b%x1e 2d0d2998de635df8a8deb09aba0f7850d8b5868c..HEAD
Merged SHA 1c1c4d6650a912e2b691de780fdbb61d1151dcf2 with commit message 'chore: Promote search-service to version 0.0.70' into base branch master

Showing logs for build [32msimonjamesrowe-environment-simo-kvkfv-1[0m stage [32mfrom-build-pack[0m and container [32mstep-build-helm-build[0m
WARNING: No $CHART_REPOSITORY defined so using the default value of: http://jenkins-x-chartmuseum:8080
Adding missing Helm repo: storage.googleapis.com https://storage.googleapis.com/chartmuseum.jenkins-x.io
Successfully added Helm repository storage.googleapis.com.
Adding missing Helm repo: jenkins-x-chartmuseum http://jenkins-x-chartmuseum:8080
Successfully added Helm repository jenkins-x-chartmuseum.
WARNING: No $CHART_REPOSITORY defined so using the default value of: http://jenkins-x-chartmuseum:8080
Adding missing Helm repo: chartmuseum.jenkins-x.io http://chartmuseum.jenkins-x.io
Successfully added Helm repository chartmuseum.jenkins-x.io.
