
Showing logs for build [32msimonjamesrowe-environment-simo-5wqg7-1[0m stage [32mfrom-build-pack[0m and container [32mcredential-initializer[0m
{"level":"info","ts":1612618057.8297467,"caller":"creds-init/main.go:44","msg":"Credentials initialized."}

Showing logs for build [32msimonjamesrowe-environment-simo-5wqg7-1[0m stage [32mfrom-build-pack[0m and container [32mworking-dir-initializer[0m

Showing logs for build [32msimonjamesrowe-environment-simo-5wqg7-1[0m stage [32mfrom-build-pack[0m and container [32mplace-tools[0m

Showing logs for build [32msimonjamesrowe-environment-simo-5wqg7-1[0m stage [32mfrom-build-pack[0m and container [32mstep-git-source-simonjamesrowe-environment-simo-5wqg7-wtfd8[0m
{"level":"info","ts":1612618063.9898748,"caller":"git/git.go:105","msg":"Successfully cloned https://github.com/simonjamesrowe/environment-simonjamesrowe-staging.git @ master in path /workspace/source"}
{"level":"warn","ts":1612618063.990029,"caller":"git/git.go:152","msg":"Unexpected error: creating symlink: symlink /tekton/home/.ssh /****/.ssh: file exists"}
{"level":"info","ts":1612618064.0417657,"caller":"git/git.go:133","msg":"Successfully initialized and updated submodules in path /workspace/source"}

Showing logs for build [32msimonjamesrowe-environment-simo-5wqg7-1[0m stage [32mfrom-build-pack[0m and container [32mstep-setup-builder-home[0m

Showing logs for build [32msimonjamesrowe-environment-simo-5wqg7-1[0m stage [32mfrom-build-pack[0m and container [32mstep-git-merge[0m
Using SHAs from PULL_REFS=master:bdfa7ced31267b36c89d4499561e90f401e1267f,50:5e6e177aaf134873aad9347b05d01a962d6c8dbe
DEBUG: JX_LOG_LEVEL=error LC_ALL=C git fetch origin --unshallow 5e6e177aaf134873aad9347b05d01a962d6c8dbe: bdfa7ced31267b36c89d4499561e90f401e1267f:
DEBUG: ran git fetch --unshallow origin 5e6e177aaf134873aad9347b05d01a962d6c8dbe: bdfa7ced31267b36c89d4499561e90f401e1267f: in 
DEBUG: LC_ALL=C JX_LOG_LEVEL=error git branch
DEBUG: LC_ALL=C JX_LOG_LEVEL=error git checkout master
DEBUG: ran git checkout master in 
DEBUG: LC_ALL=C JX_LOG_LEVEL=error git reset --hard bdfa7ced31267b36c89d4499561e90f401e1267f
DEBUG: ran git reset --hard bdfa7ced31267b36c89d4499561e90f401e1267f in 
DEBUG: LC_ALL=C JX_LOG_LEVEL=error git clean -fd .
DEBUG: ran clean --force -d . in 
DEBUG: LC_ALL=C JX_LOG_LEVEL=error git merge 5e6e177aaf134873aad9347b05d01a962d6c8dbe
DEBUG: ran git merge 5e6e177aaf134873aad9347b05d01a962d6c8dbe in 
DEBUG: LC_ALL=C JX_LOG_LEVEL=error git log --format=%H%x1f%an%x1f%ae%x1f%cn%x1f%ce%x1f%s%n%b%x1e bdfa7ced31267b36c89d4499561e90f401e1267f..HEAD
Merged SHA 5e6e177aaf134873aad9347b05d01a962d6c8dbe with commit message 'chore: Promote search-service to version 0.0.25' into base branch master

Showing logs for build [32msimonjamesrowe-environment-simo-5wqg7-1[0m stage [32mfrom-build-pack[0m and container [32mstep-build-helm-build[0m
WARNING: No $CHART_REPOSITORY defined so using the default value of: http://jenkins-x-chartmuseum:8080
Adding missing Helm repo: storage.googleapis.com https://storage.googleapis.com/chartmuseum.jenkins-x.io
Successfully added Helm repository storage.googleapis.com.
Adding missing Helm repo: jenkins-x-chartmuseum http://jenkins-x-chartmuseum:8080
Successfully added Helm repository jenkins-x-chartmuseum.
WARNING: No $CHART_REPOSITORY defined so using the default value of: http://jenkins-x-chartmuseum:8080
Adding missing Helm repo: chartmuseum.jenkins-x.io http://chartmuseum.jenkins-x.io
Successfully added Helm repository chartmuseum.jenkins-x.io.
