
Showing logs for build [32msimonjamesrowe-environment-simo-c88rz-1[0m stage [32mfrom-build-pack[0m and container [32mcredential-initializer[0m
{"level":"info","ts":1611437637.6371515,"caller":"creds-init/main.go:44","msg":"Credentials initialized."}

Showing logs for build [32msimonjamesrowe-environment-simo-c88rz-1[0m stage [32mfrom-build-pack[0m and container [32mworking-dir-initializer[0m

Showing logs for build [32msimonjamesrowe-environment-simo-c88rz-1[0m stage [32mfrom-build-pack[0m and container [32mplace-tools[0m

Showing logs for build [32msimonjamesrowe-environment-simo-c88rz-1[0m stage [32mfrom-build-pack[0m and container [32mstep-git-source-simonjamesrowe-environment-simo-c88rz-wnkps[0m
{"level":"info","ts":1611437644.9835937,"caller":"git/git.go:105","msg":"Successfully cloned https://github.com/simonjamesrowe/environment-simonjamesrowe-staging.git @ master in path /workspace/source"}
{"level":"warn","ts":1611437644.9837644,"caller":"git/git.go:152","msg":"Unexpected error: creating symlink: symlink /tekton/home/.ssh /****/.ssh: file exists"}
{"level":"info","ts":1611437645.034452,"caller":"git/git.go:133","msg":"Successfully initialized and updated submodules in path /workspace/source"}

Showing logs for build [32msimonjamesrowe-environment-simo-c88rz-1[0m stage [32mfrom-build-pack[0m and container [32mstep-setup-builder-home[0m

Showing logs for build [32msimonjamesrowe-environment-simo-c88rz-1[0m stage [32mfrom-build-pack[0m and container [32mstep-git-merge[0m
Using SHAs from PULL_REFS=master:3283bd213879acf64e5b98aa6d9750fbb3dd9b20,32:8659547add96b982970ef965040b76005ee6a121
DEBUG: JX_LOG_LEVEL=error LC_ALL=C git fetch origin --unshallow 8659547add96b982970ef965040b76005ee6a121: 3283bd213879acf64e5b98aa6d9750fbb3dd9b20:
DEBUG: ran git fetch --unshallow origin 8659547add96b982970ef965040b76005ee6a121: 3283bd213879acf64e5b98aa6d9750fbb3dd9b20: in 
DEBUG: LC_ALL=C JX_LOG_LEVEL=error git branch
DEBUG: LC_ALL=C JX_LOG_LEVEL=error git checkout master
DEBUG: ran git checkout master in 
DEBUG: LC_ALL=C JX_LOG_LEVEL=error git reset --hard 3283bd213879acf64e5b98aa6d9750fbb3dd9b20
DEBUG: ran git reset --hard 3283bd213879acf64e5b98aa6d9750fbb3dd9b20 in 
DEBUG: LC_ALL=C JX_LOG_LEVEL=error git clean -fd .
DEBUG: ran clean --force -d . in 
DEBUG: LC_ALL=C JX_LOG_LEVEL=error git merge 8659547add96b982970ef965040b76005ee6a121
DEBUG: ran git merge 8659547add96b982970ef965040b76005ee6a121 in 
DEBUG: JX_LOG_LEVEL=error LC_ALL=C git log --format=%H%x1f%an%x1f%ae%x1f%cn%x1f%ce%x1f%s%n%b%x1e 3283bd213879acf64e5b98aa6d9750fbb3dd9b20..HEAD
Merged SHA 8659547add96b982970ef965040b76005ee6a121 with commit message 'chore: Promote api-gateway to version 0.0.16' into base branch master

Showing logs for build [32msimonjamesrowe-environment-simo-c88rz-1[0m stage [32mfrom-build-pack[0m and container [32mstep-build-helm-build[0m
WARNING: No $CHART_REPOSITORY defined so using the default value of: http://jenkins-x-chartmuseum:8080
Adding missing Helm repo: storage.googleapis.com https://storage.googleapis.com/chartmuseum.jenkins-x.io
Successfully added Helm repository storage.googleapis.com.
Adding missing Helm repo: jenkins-x-chartmuseum http://jenkins-x-chartmuseum:8080
Successfully added Helm repository jenkins-x-chartmuseum.
WARNING: No $CHART_REPOSITORY defined so using the default value of: http://jenkins-x-chartmuseum:8080
Adding missing Helm repo: chartmuseum.jenkins-x.io http://chartmuseum.jenkins-x.io
Successfully added Helm repository chartmuseum.jenkins-x.io.
