
Showing logs for build [32msimonjamesrowe-environment-simo-bz6cl-1[0m stage [32mfrom-build-pack[0m and container [32mcredential-initializer[0m
{"level":"info","ts":1617650336.7830372,"caller":"creds-init/main.go:44","msg":"Credentials initialized."}

Showing logs for build [32msimonjamesrowe-environment-simo-bz6cl-1[0m stage [32mfrom-build-pack[0m and container [32mworking-dir-initializer[0m

Showing logs for build [32msimonjamesrowe-environment-simo-bz6cl-1[0m stage [32mfrom-build-pack[0m and container [32mplace-tools[0m

Showing logs for build [32msimonjamesrowe-environment-simo-bz6cl-1[0m stage [32mfrom-build-pack[0m and container [32mstep-git-source-simonjamesrowe-environment-simo-bz6cl-8zlqq[0m
{"level":"info","ts":1617650343.2669528,"caller":"git/git.go:105","msg":"Successfully cloned https://github.com/simonjamesrowe/environment-simonjamesrowe-staging.git @ master in path /workspace/source"}
{"level":"warn","ts":1617650343.2671754,"caller":"git/git.go:152","msg":"Unexpected error: creating symlink: symlink /tekton/home/.ssh /****/.ssh: file exists"}
{"level":"info","ts":1617650343.31621,"caller":"git/git.go:133","msg":"Successfully initialized and updated submodules in path /workspace/source"}

Showing logs for build [32msimonjamesrowe-environment-simo-bz6cl-1[0m stage [32mfrom-build-pack[0m and container [32mstep-setup-builder-home[0m

Showing logs for build [32msimonjamesrowe-environment-simo-bz6cl-1[0m stage [32mfrom-build-pack[0m and container [32mstep-git-merge[0m
Using SHAs from PULL_REFS=master:d930d202f853deb504de42a0d12a33640b8b43cc,149:fefee9bde7971e665b78e337deee21f05a0d295f
DEBUG: LC_ALL=C JX_LOG_LEVEL=error git fetch origin --unshallow fefee9bde7971e665b78e337deee21f05a0d295f: d930d202f853deb504de42a0d12a33640b8b43cc:
DEBUG: ran git fetch --unshallow origin fefee9bde7971e665b78e337deee21f05a0d295f: d930d202f853deb504de42a0d12a33640b8b43cc: in 
DEBUG: LC_ALL=C JX_LOG_LEVEL=error git branch
DEBUG: LC_ALL=C JX_LOG_LEVEL=error git checkout master
DEBUG: ran git checkout master in 
DEBUG: LC_ALL=C JX_LOG_LEVEL=error git reset --hard d930d202f853deb504de42a0d12a33640b8b43cc
DEBUG: ran git reset --hard d930d202f853deb504de42a0d12a33640b8b43cc in 
DEBUG: LC_ALL=C JX_LOG_LEVEL=error git clean -fd .
DEBUG: ran clean --force -d . in 
DEBUG: JX_LOG_LEVEL=error LC_ALL=C git merge fefee9bde7971e665b78e337deee21f05a0d295f
DEBUG: ran git merge fefee9bde7971e665b78e337deee21f05a0d295f in 
DEBUG: LC_ALL=C JX_LOG_LEVEL=error git log --format=%H%x1f%an%x1f%ae%x1f%cn%x1f%ce%x1f%s%n%b%x1e d930d202f853deb504de42a0d12a33640b8b43cc..HEAD
Merged SHA fefee9bde7971e665b78e337deee21f05a0d295f with commit message 'chore: Promote api-gateway to version 0.0.69' into base branch master

Showing logs for build [32msimonjamesrowe-environment-simo-bz6cl-1[0m stage [32mfrom-build-pack[0m and container [32mstep-build-helm-build[0m
WARNING: No $CHART_REPOSITORY defined so using the default value of: http://jenkins-x-chartmuseum:8080
Adding missing Helm repo: storage.googleapis.com https://storage.googleapis.com/chartmuseum.jenkins-x.io
Successfully added Helm repository storage.googleapis.com.
Adding missing Helm repo: jenkins-x-chartmuseum http://jenkins-x-chartmuseum:8080
Successfully added Helm repository jenkins-x-chartmuseum.
WARNING: No $CHART_REPOSITORY defined so using the default value of: http://jenkins-x-chartmuseum:8080
Adding missing Helm repo: chartmuseum.jenkins-x.io http://chartmuseum.jenkins-x.io
Successfully added Helm repository chartmuseum.jenkins-x.io.
