
Showing logs for build [32msimonjamesrowe-environment-simo-rgzk2-1[0m stage [32mfrom-build-pack[0m and container [32mcredential-initializer[0m
{"level":"info","ts":1610792507.3317912,"caller":"creds-init/main.go:44","msg":"Credentials initialized."}

Showing logs for build [32msimonjamesrowe-environment-simo-rgzk2-1[0m stage [32mfrom-build-pack[0m and container [32mworking-dir-initializer[0m

Showing logs for build [32msimonjamesrowe-environment-simo-rgzk2-1[0m stage [32mfrom-build-pack[0m and container [32mplace-tools[0m

Showing logs for build [32msimonjamesrowe-environment-simo-rgzk2-1[0m stage [32mfrom-build-pack[0m and container [32mstep-git-source-simonjamesrowe-environment-simo-rgzk2-glrcc[0m
{"level":"info","ts":1610792513.1865077,"caller":"git/git.go:105","msg":"Successfully cloned https://github.com/simonjamesrowe/environment-simonjamesrowe-staging.git @ master in path /workspace/source"}
{"level":"warn","ts":1610792513.1870723,"caller":"git/git.go:152","msg":"Unexpected error: creating symlink: symlink /tekton/home/.ssh /****/.ssh: file exists"}
{"level":"info","ts":1610792513.2354803,"caller":"git/git.go:133","msg":"Successfully initialized and updated submodules in path /workspace/source"}

Showing logs for build [32msimonjamesrowe-environment-simo-rgzk2-1[0m stage [32mfrom-build-pack[0m and container [32mstep-setup-builder-home[0m

Showing logs for build [32msimonjamesrowe-environment-simo-rgzk2-1[0m stage [32mfrom-build-pack[0m and container [32mstep-git-merge[0m
Using SHAs from PULL_REFS=master:3e20ae660d984e874dd650c107574112b6ef3479,25:7961c125a7f9723205fa7a008d838a68676cf39e
DEBUG: JX_LOG_LEVEL=error LC_ALL=C git fetch origin --unshallow 7961c125a7f9723205fa7a008d838a68676cf39e: 3e20ae660d984e874dd650c107574112b6ef3479:
DEBUG: ran git fetch --unshallow origin 7961c125a7f9723205fa7a008d838a68676cf39e: 3e20ae660d984e874dd650c107574112b6ef3479: in 
DEBUG: LC_ALL=C JX_LOG_LEVEL=error git branch
DEBUG: LC_ALL=C JX_LOG_LEVEL=error git checkout master
DEBUG: ran git checkout master in 
DEBUG: JX_LOG_LEVEL=error LC_ALL=C git reset --hard 3e20ae660d984e874dd650c107574112b6ef3479
DEBUG: ran git reset --hard 3e20ae660d984e874dd650c107574112b6ef3479 in 
DEBUG: LC_ALL=C JX_LOG_LEVEL=error git clean -fd .
DEBUG: ran clean --force -d . in 
DEBUG: LC_ALL=C JX_LOG_LEVEL=error git merge 7961c125a7f9723205fa7a008d838a68676cf39e
DEBUG: ran git merge 7961c125a7f9723205fa7a008d838a68676cf39e in 
DEBUG: LC_ALL=C JX_LOG_LEVEL=error git log --format=%H%x1f%an%x1f%ae%x1f%cn%x1f%ce%x1f%s%n%b%x1e 3e20ae660d984e874dd650c107574112b6ef3479..HEAD
Merged SHA 7961c125a7f9723205fa7a008d838a68676cf39e with commit message 'chore: Promote search-service to version 0.0.8' into base branch master

Showing logs for build [32msimonjamesrowe-environment-simo-rgzk2-1[0m stage [32mfrom-build-pack[0m and container [32mstep-build-helm-build[0m
WARNING: No $CHART_REPOSITORY defined so using the default value of: http://jenkins-x-chartmuseum:8080
Adding missing Helm repo: storage.googleapis.com https://storage.googleapis.com/chartmuseum.jenkins-x.io
Successfully added Helm repository storage.googleapis.com.
Adding missing Helm repo: jenkins-x-chartmuseum http://jenkins-x-chartmuseum:8080
Successfully added Helm repository jenkins-x-chartmuseum.
WARNING: No $CHART_REPOSITORY defined so using the default value of: http://jenkins-x-chartmuseum:8080
Adding missing Helm repo: chartmuseum.jenkins-x.io http://chartmuseum.jenkins-x.io
Successfully added Helm repository chartmuseum.jenkins-x.io.
