
Showing logs for build [32msimonjamesrowe-environment-simo-98qnr-2[0m stage [32mfrom-build-pack[0m and container [32mcredential-initializer[0m
{"level":"info","ts":1613375878.9436717,"caller":"creds-init/main.go:44","msg":"Credentials initialized."}

Showing logs for build [32msimonjamesrowe-environment-simo-98qnr-2[0m stage [32mfrom-build-pack[0m and container [32mworking-dir-initializer[0m

Showing logs for build [32msimonjamesrowe-environment-simo-98qnr-2[0m stage [32mfrom-build-pack[0m and container [32mplace-tools[0m

Showing logs for build [32msimonjamesrowe-environment-simo-98qnr-2[0m stage [32mfrom-build-pack[0m and container [32mstep-git-source-simonjamesrowe-environment-simo-98qnr-m6l4w[0m
{"level":"info","ts":1613375885.0929291,"caller":"git/git.go:105","msg":"Successfully cloned https://github.com/simonjamesrowe/environment-simonjamesrowe-staging.git @ master in path /workspace/source"}
{"level":"warn","ts":1613375885.093252,"caller":"git/git.go:152","msg":"Unexpected error: creating symlink: symlink /tekton/home/.ssh /****/.ssh: file exists"}
{"level":"info","ts":1613375885.1501207,"caller":"git/git.go:133","msg":"Successfully initialized and updated submodules in path /workspace/source"}

Showing logs for build [32msimonjamesrowe-environment-simo-98qnr-2[0m stage [32mfrom-build-pack[0m and container [32mstep-setup-builder-home[0m

Showing logs for build [32msimonjamesrowe-environment-simo-98qnr-2[0m stage [32mfrom-build-pack[0m and container [32mstep-git-merge[0m
Using SHAs from PULL_REFS=master:9dac9e904f11e64d07138a0ce468b7f5f760f637,61:cb25d9ab2b64f0084e9dbf182e397a4c4369f6c0
DEBUG: LC_ALL=C JX_LOG_LEVEL=error git fetch origin --unshallow cb25d9ab2b64f0084e9dbf182e397a4c4369f6c0: 9dac9e904f11e64d07138a0ce468b7f5f760f637:
DEBUG: ran git fetch --unshallow origin cb25d9ab2b64f0084e9dbf182e397a4c4369f6c0: 9dac9e904f11e64d07138a0ce468b7f5f760f637: in 
DEBUG: LC_ALL=C JX_LOG_LEVEL=error git branch
DEBUG: JX_LOG_LEVEL=error LC_ALL=C git checkout master
DEBUG: ran git checkout master in 
DEBUG: LC_ALL=C JX_LOG_LEVEL=error git reset --hard 9dac9e904f11e64d07138a0ce468b7f5f760f637
DEBUG: ran git reset --hard 9dac9e904f11e64d07138a0ce468b7f5f760f637 in 
DEBUG: LC_ALL=C JX_LOG_LEVEL=error git clean -fd .
DEBUG: ran clean --force -d . in 
DEBUG: LC_ALL=C JX_LOG_LEVEL=error git merge cb25d9ab2b64f0084e9dbf182e397a4c4369f6c0
DEBUG: ran git merge cb25d9ab2b64f0084e9dbf182e397a4c4369f6c0 in 
DEBUG: LC_ALL=C JX_LOG_LEVEL=error git log --format=%H%x1f%an%x1f%ae%x1f%cn%x1f%ce%x1f%s%n%b%x1e 9dac9e904f11e64d07138a0ce468b7f5f760f637..HEAD
Merged SHA cb25d9ab2b64f0084e9dbf182e397a4c4369f6c0 with commit message 'chore: Promote api-gateway to version 0.0.33' into base branch master

Showing logs for build [32msimonjamesrowe-environment-simo-98qnr-2[0m stage [32mfrom-build-pack[0m and container [32mstep-build-helm-build[0m
WARNING: No $CHART_REPOSITORY defined so using the default value of: http://jenkins-x-chartmuseum:8080
Adding missing Helm repo: storage.googleapis.com https://storage.googleapis.com/chartmuseum.jenkins-x.io
Successfully added Helm repository storage.googleapis.com.
Adding missing Helm repo: jenkins-x-chartmuseum http://jenkins-x-chartmuseum:8080
Successfully added Helm repository jenkins-x-chartmuseum.
WARNING: No $CHART_REPOSITORY defined so using the default value of: http://jenkins-x-chartmuseum:8080
Adding missing Helm repo: chartmuseum.jenkins-x.io http://chartmuseum.jenkins-x.io
Successfully added Helm repository chartmuseum.jenkins-x.io.
