
Showing logs for build [32msimonjamesrowe-environment-simo-z5xsz-1[0m stage [32mfrom-build-pack[0m and container [32mcredential-initializer[0m
{"level":"info","ts":1617078508.3351452,"caller":"creds-init/main.go:44","msg":"Credentials initialized."}

Showing logs for build [32msimonjamesrowe-environment-simo-z5xsz-1[0m stage [32mfrom-build-pack[0m and container [32mworking-dir-initializer[0m

Showing logs for build [32msimonjamesrowe-environment-simo-z5xsz-1[0m stage [32mfrom-build-pack[0m and container [32mplace-tools[0m

Showing logs for build [32msimonjamesrowe-environment-simo-z5xsz-1[0m stage [32mfrom-build-pack[0m and container [32mstep-git-source-simonjamesrowe-environment-simo-z5xsz-ssf9g[0m
{"level":"info","ts":1617078516.3168876,"caller":"git/git.go:105","msg":"Successfully cloned https://github.com/simonjamesrowe/environment-simonjamesrowe-staging.git @ master in path /workspace/source"}
{"level":"warn","ts":1617078516.3170393,"caller":"git/git.go:152","msg":"Unexpected error: creating symlink: symlink /tekton/home/.ssh /****/.ssh: file exists"}
{"level":"info","ts":1617078516.3754296,"caller":"git/git.go:133","msg":"Successfully initialized and updated submodules in path /workspace/source"}

Showing logs for build [32msimonjamesrowe-environment-simo-z5xsz-1[0m stage [32mfrom-build-pack[0m and container [32mstep-setup-builder-home[0m

Showing logs for build [32msimonjamesrowe-environment-simo-z5xsz-1[0m stage [32mfrom-build-pack[0m and container [32mstep-git-merge[0m
Using SHAs from PULL_REFS=master:66d43e83b11acc7571d941acd79724c23a488809,133:abe86d8baed52e2ba4d798ab23f6b56158e59115
DEBUG: LC_ALL=C JX_LOG_LEVEL=error git fetch origin --unshallow abe86d8baed52e2ba4d798ab23f6b56158e59115: 66d43e83b11acc7571d941acd79724c23a488809:
DEBUG: ran git fetch --unshallow origin abe86d8baed52e2ba4d798ab23f6b56158e59115: 66d43e83b11acc7571d941acd79724c23a488809: in 
DEBUG: LC_ALL=C JX_LOG_LEVEL=error git branch
DEBUG: LC_ALL=C JX_LOG_LEVEL=error git checkout master
DEBUG: ran git checkout master in 
DEBUG: JX_LOG_LEVEL=error LC_ALL=C git reset --hard 66d43e83b11acc7571d941acd79724c23a488809
DEBUG: ran git reset --hard 66d43e83b11acc7571d941acd79724c23a488809 in 
DEBUG: JX_LOG_LEVEL=error LC_ALL=C git clean -fd .
DEBUG: ran clean --force -d . in 
DEBUG: LC_ALL=C JX_LOG_LEVEL=error git merge abe86d8baed52e2ba4d798ab23f6b56158e59115
DEBUG: ran git merge abe86d8baed52e2ba4d798ab23f6b56158e59115 in 
DEBUG: JX_LOG_LEVEL=error LC_ALL=C git log --format=%H%x1f%an%x1f%ae%x1f%cn%x1f%ce%x1f%s%n%b%x1e 66d43e83b11acc7571d941acd79724c23a488809..HEAD
Merged SHA abe86d8baed52e2ba4d798ab23f6b56158e59115 with commit message 'chore: Promote search-service to version 0.0.111' into base branch master

Showing logs for build [32msimonjamesrowe-environment-simo-z5xsz-1[0m stage [32mfrom-build-pack[0m and container [32mstep-build-helm-build[0m
WARNING: No $CHART_REPOSITORY defined so using the default value of: http://jenkins-x-chartmuseum:8080
Adding missing Helm repo: storage.googleapis.com https://storage.googleapis.com/chartmuseum.jenkins-x.io
Successfully added Helm repository storage.googleapis.com.
Adding missing Helm repo: jenkins-x-chartmuseum http://jenkins-x-chartmuseum:8080
Successfully added Helm repository jenkins-x-chartmuseum.
WARNING: No $CHART_REPOSITORY defined so using the default value of: http://jenkins-x-chartmuseum:8080
Adding missing Helm repo: chartmuseum.jenkins-x.io http://chartmuseum.jenkins-x.io
Successfully added Helm repository chartmuseum.jenkins-x.io.
