
Showing logs for build [32msimonjamesrowe-environment-simo-mfxbt-1[0m stage [32mfrom-build-pack[0m and container [32mcredential-initializer[0m
{"level":"info","ts":1611528404.8427262,"caller":"creds-init/main.go:44","msg":"Credentials initialized."}

Showing logs for build [32msimonjamesrowe-environment-simo-mfxbt-1[0m stage [32mfrom-build-pack[0m and container [32mworking-dir-initializer[0m

Showing logs for build [32msimonjamesrowe-environment-simo-mfxbt-1[0m stage [32mfrom-build-pack[0m and container [32mplace-tools[0m

Showing logs for build [32msimonjamesrowe-environment-simo-mfxbt-1[0m stage [32mfrom-build-pack[0m and container [32mstep-git-source-simonjamesrowe-environment-simo-mfxbt-k9g62[0m
{"level":"info","ts":1611528410.8917627,"caller":"git/git.go:105","msg":"Successfully cloned https://github.com/simonjamesrowe/environment-simonjamesrowe-staging.git @ master in path /workspace/source"}
{"level":"warn","ts":1611528410.8920445,"caller":"git/git.go:152","msg":"Unexpected error: creating symlink: symlink /tekton/home/.ssh /****/.ssh: file exists"}
{"level":"info","ts":1611528410.9455738,"caller":"git/git.go:133","msg":"Successfully initialized and updated submodules in path /workspace/source"}

Showing logs for build [32msimonjamesrowe-environment-simo-mfxbt-1[0m stage [32mfrom-build-pack[0m and container [32mstep-setup-builder-home[0m

Showing logs for build [32msimonjamesrowe-environment-simo-mfxbt-1[0m stage [32mfrom-build-pack[0m and container [32mstep-git-merge[0m
Using SHAs from PULL_REFS=master:2f9e89724f1470d3138292c2631cc8e8a8576e02,35:64c19c5b3dc20361dd5dfe9f45ffec9b6fe8b276
DEBUG: LC_ALL=C JX_LOG_LEVEL=error git fetch origin --unshallow 64c19c5b3dc20361dd5dfe9f45ffec9b6fe8b276: 2f9e89724f1470d3138292c2631cc8e8a8576e02:
DEBUG: ran git fetch --unshallow origin 64c19c5b3dc20361dd5dfe9f45ffec9b6fe8b276: 2f9e89724f1470d3138292c2631cc8e8a8576e02: in 
DEBUG: LC_ALL=C JX_LOG_LEVEL=error git branch
DEBUG: LC_ALL=C JX_LOG_LEVEL=error git checkout master
DEBUG: ran git checkout master in 
DEBUG: LC_ALL=C JX_LOG_LEVEL=error git reset --hard 2f9e89724f1470d3138292c2631cc8e8a8576e02
DEBUG: ran git reset --hard 2f9e89724f1470d3138292c2631cc8e8a8576e02 in 
DEBUG: LC_ALL=C JX_LOG_LEVEL=error git clean -fd .
DEBUG: ran clean --force -d . in 
DEBUG: LC_ALL=C JX_LOG_LEVEL=error git merge 64c19c5b3dc20361dd5dfe9f45ffec9b6fe8b276
DEBUG: ran git merge 64c19c5b3dc20361dd5dfe9f45ffec9b6fe8b276 in 
DEBUG: LC_ALL=C JX_LOG_LEVEL=error git log --format=%H%x1f%an%x1f%ae%x1f%cn%x1f%ce%x1f%s%n%b%x1e 2f9e89724f1470d3138292c2631cc8e8a8576e02..HEAD
Merged SHA 64c19c5b3dc20361dd5dfe9f45ffec9b6fe8b276 with commit message 'chore: Promote search-service to version 0.0.13' into base branch master

Showing logs for build [32msimonjamesrowe-environment-simo-mfxbt-1[0m stage [32mfrom-build-pack[0m and container [32mstep-build-helm-build[0m
WARNING: No $CHART_REPOSITORY defined so using the default value of: http://jenkins-x-chartmuseum:8080
Adding missing Helm repo: storage.googleapis.com https://storage.googleapis.com/chartmuseum.jenkins-x.io
Successfully added Helm repository storage.googleapis.com.
Adding missing Helm repo: jenkins-x-chartmuseum http://jenkins-x-chartmuseum:8080
Successfully added Helm repository jenkins-x-chartmuseum.
WARNING: No $CHART_REPOSITORY defined so using the default value of: http://jenkins-x-chartmuseum:8080
Adding missing Helm repo: chartmuseum.jenkins-x.io http://chartmuseum.jenkins-x.io
Successfully added Helm repository chartmuseum.jenkins-x.io.
