
Showing logs for build [32msimonjamesrowe-environment-simo-vr6gn-1[0m stage [32mfrom-build-pack[0m and container [32mcredential-initializer[0m
{"level":"info","ts":1616792742.6043174,"caller":"creds-init/main.go:44","msg":"Credentials initialized."}

Showing logs for build [32msimonjamesrowe-environment-simo-vr6gn-1[0m stage [32mfrom-build-pack[0m and container [32mworking-dir-initializer[0m

Showing logs for build [32msimonjamesrowe-environment-simo-vr6gn-1[0m stage [32mfrom-build-pack[0m and container [32mplace-tools[0m

Showing logs for build [32msimonjamesrowe-environment-simo-vr6gn-1[0m stage [32mfrom-build-pack[0m and container [32mstep-git-source-simonjamesrowe-environment-simo-vr6gn-b86dg[0m
{"level":"info","ts":1616792749.2693949,"caller":"git/git.go:105","msg":"Successfully cloned https://github.com/simonjamesrowe/environment-simonjamesrowe-staging.git @ master in path /workspace/source"}
{"level":"warn","ts":1616792749.2695222,"caller":"git/git.go:152","msg":"Unexpected error: creating symlink: symlink /tekton/home/.ssh /****/.ssh: file exists"}
{"level":"info","ts":1616792749.3483005,"caller":"git/git.go:133","msg":"Successfully initialized and updated submodules in path /workspace/source"}

Showing logs for build [32msimonjamesrowe-environment-simo-vr6gn-1[0m stage [32mfrom-build-pack[0m and container [32mstep-setup-builder-home[0m

Showing logs for build [32msimonjamesrowe-environment-simo-vr6gn-1[0m stage [32mfrom-build-pack[0m and container [32mstep-git-merge[0m
Using SHAs from PULL_REFS=master:c792b0d6122081280db8848651b3a76ce1eccb0a,127:51e4eb21d6e87d3ebe07ce2f51889d22ea89cc37
DEBUG: LC_ALL=C JX_LOG_LEVEL=error git fetch origin --unshallow 51e4eb21d6e87d3ebe07ce2f51889d22ea89cc37: c792b0d6122081280db8848651b3a76ce1eccb0a:
DEBUG: ran git fetch --unshallow origin 51e4eb21d6e87d3ebe07ce2f51889d22ea89cc37: c792b0d6122081280db8848651b3a76ce1eccb0a: in 
DEBUG: LC_ALL=C JX_LOG_LEVEL=error git branch
DEBUG: LC_ALL=C JX_LOG_LEVEL=error git checkout master
DEBUG: ran git checkout master in 
DEBUG: LC_ALL=C JX_LOG_LEVEL=error git reset --hard c792b0d6122081280db8848651b3a76ce1eccb0a
DEBUG: ran git reset --hard c792b0d6122081280db8848651b3a76ce1eccb0a in 
DEBUG: LC_ALL=C JX_LOG_LEVEL=error git clean -fd .
DEBUG: ran clean --force -d . in 
DEBUG: LC_ALL=C JX_LOG_LEVEL=error git merge 51e4eb21d6e87d3ebe07ce2f51889d22ea89cc37
DEBUG: ran git merge 51e4eb21d6e87d3ebe07ce2f51889d22ea89cc37 in 
DEBUG: LC_ALL=C JX_LOG_LEVEL=error git log --format=%H%x1f%an%x1f%ae%x1f%cn%x1f%ce%x1f%s%n%b%x1e c792b0d6122081280db8848651b3a76ce1eccb0a..HEAD
Merged SHA 51e4eb21d6e87d3ebe07ce2f51889d22ea89cc37 with commit message 'chore: Promote search-service to version 0.0.92' into base branch master

Showing logs for build [32msimonjamesrowe-environment-simo-vr6gn-1[0m stage [32mfrom-build-pack[0m and container [32mstep-build-helm-build[0m
WARNING: No $CHART_REPOSITORY defined so using the default value of: http://jenkins-x-chartmuseum:8080
Adding missing Helm repo: storage.googleapis.com https://storage.googleapis.com/chartmuseum.jenkins-x.io
Successfully added Helm repository storage.googleapis.com.
Adding missing Helm repo: jenkins-x-chartmuseum http://jenkins-x-chartmuseum:8080
Successfully added Helm repository jenkins-x-chartmuseum.
WARNING: No $CHART_REPOSITORY defined so using the default value of: http://jenkins-x-chartmuseum:8080
Adding missing Helm repo: chartmuseum.jenkins-x.io http://chartmuseum.jenkins-x.io
Successfully added Helm repository chartmuseum.jenkins-x.io.
