
Showing logs for build [32msimonjamesrowe-environment-simo-lw7kc-1[0m stage [32mfrom-build-pack[0m and container [32mcredential-initializer[0m
{"level":"info","ts":1612772549.495967,"caller":"creds-init/main.go:44","msg":"Credentials initialized."}

Showing logs for build [32msimonjamesrowe-environment-simo-lw7kc-1[0m stage [32mfrom-build-pack[0m and container [32mworking-dir-initializer[0m

Showing logs for build [32msimonjamesrowe-environment-simo-lw7kc-1[0m stage [32mfrom-build-pack[0m and container [32mplace-tools[0m

Showing logs for build [32msimonjamesrowe-environment-simo-lw7kc-1[0m stage [32mfrom-build-pack[0m and container [32mstep-git-source-simonjamesrowe-environment-simo-lw7kc-c2ptl[0m
{"level":"info","ts":1612772555.6630743,"caller":"git/git.go:105","msg":"Successfully cloned https://github.com/simonjamesrowe/environment-simonjamesrowe-staging.git @ master in path /workspace/source"}
{"level":"warn","ts":1612772555.6633394,"caller":"git/git.go:152","msg":"Unexpected error: creating symlink: symlink /tekton/home/.ssh /****/.ssh: file exists"}
{"level":"info","ts":1612772555.711054,"caller":"git/git.go:133","msg":"Successfully initialized and updated submodules in path /workspace/source"}

Showing logs for build [32msimonjamesrowe-environment-simo-lw7kc-1[0m stage [32mfrom-build-pack[0m and container [32mstep-setup-builder-home[0m

Showing logs for build [32msimonjamesrowe-environment-simo-lw7kc-1[0m stage [32mfrom-build-pack[0m and container [32mstep-git-merge[0m
Using SHAs from PULL_REFS=master:75673b555c5473fd84262e7c3cf845c9b6ddd837,55:0bb96d0d0b7d2737c5bcdde717fb215272caf6e1
DEBUG: LC_ALL=C JX_LOG_LEVEL=error git fetch origin --unshallow 0bb96d0d0b7d2737c5bcdde717fb215272caf6e1: 75673b555c5473fd84262e7c3cf845c9b6ddd837:
DEBUG: ran git fetch --unshallow origin 0bb96d0d0b7d2737c5bcdde717fb215272caf6e1: 75673b555c5473fd84262e7c3cf845c9b6ddd837: in 
DEBUG: LC_ALL=C JX_LOG_LEVEL=error git branch
DEBUG: LC_ALL=C JX_LOG_LEVEL=error git checkout master
DEBUG: ran git checkout master in 
DEBUG: LC_ALL=C JX_LOG_LEVEL=error git reset --hard 75673b555c5473fd84262e7c3cf845c9b6ddd837
DEBUG: ran git reset --hard 75673b555c5473fd84262e7c3cf845c9b6ddd837 in 
DEBUG: JX_LOG_LEVEL=error LC_ALL=C git clean -fd .
DEBUG: ran clean --force -d . in 
DEBUG: LC_ALL=C JX_LOG_LEVEL=error git merge 0bb96d0d0b7d2737c5bcdde717fb215272caf6e1
DEBUG: ran git merge 0bb96d0d0b7d2737c5bcdde717fb215272caf6e1 in 
DEBUG: LC_ALL=C JX_LOG_LEVEL=error git log --format=%H%x1f%an%x1f%ae%x1f%cn%x1f%ce%x1f%s%n%b%x1e 75673b555c5473fd84262e7c3cf845c9b6ddd837..HEAD
Merged SHA 0bb96d0d0b7d2737c5bcdde717fb215272caf6e1 with commit message 'chore: Promote react-ui to version 0.0.55' into base branch master

Showing logs for build [32msimonjamesrowe-environment-simo-lw7kc-1[0m stage [32mfrom-build-pack[0m and container [32mstep-build-helm-build[0m
WARNING: No $CHART_REPOSITORY defined so using the default value of: http://jenkins-x-chartmuseum:8080
Adding missing Helm repo: storage.googleapis.com https://storage.googleapis.com/chartmuseum.jenkins-x.io
Successfully added Helm repository storage.googleapis.com.
Adding missing Helm repo: jenkins-x-chartmuseum http://jenkins-x-chartmuseum:8080
Successfully added Helm repository jenkins-x-chartmuseum.
WARNING: No $CHART_REPOSITORY defined so using the default value of: http://jenkins-x-chartmuseum:8080
Adding missing Helm repo: chartmuseum.jenkins-x.io http://chartmuseum.jenkins-x.io
Successfully added Helm repository chartmuseum.jenkins-x.io.
