
Showing logs for build [32msimonjamesrowe-environment-simo-ntlm9-1[0m stage [32mfrom-build-pack[0m and container [32mcredential-initializer[0m
{"level":"info","ts":1610574486.6481333,"caller":"creds-init/main.go:44","msg":"Credentials initialized."}

Showing logs for build [32msimonjamesrowe-environment-simo-ntlm9-1[0m stage [32mfrom-build-pack[0m and container [32mworking-dir-initializer[0m

Showing logs for build [32msimonjamesrowe-environment-simo-ntlm9-1[0m stage [32mfrom-build-pack[0m and container [32mplace-tools[0m

Showing logs for build [32msimonjamesrowe-environment-simo-ntlm9-1[0m stage [32mfrom-build-pack[0m and container [32mstep-git-source-simonjamesrowe-environment-simo-ntlm9-gcpjd[0m
{"level":"info","ts":1610574492.9487588,"caller":"git/git.go:105","msg":"Successfully cloned https://github.com/simonjamesrowe/environment-simonjamesrowe-staging.git @ master in path /workspace/source"}
{"level":"warn","ts":1610574492.9489355,"caller":"git/git.go:152","msg":"Unexpected error: creating symlink: symlink /tekton/home/.ssh /****/.ssh: file exists"}
{"level":"info","ts":1610574493.0017643,"caller":"git/git.go:133","msg":"Successfully initialized and updated submodules in path /workspace/source"}

Showing logs for build [32msimonjamesrowe-environment-simo-ntlm9-1[0m stage [32mfrom-build-pack[0m and container [32mstep-setup-builder-home[0m

Showing logs for build [32msimonjamesrowe-environment-simo-ntlm9-1[0m stage [32mfrom-build-pack[0m and container [32mstep-git-merge[0m
Using SHAs from PULL_REFS=master:23295361d91f7afa8c725547c87af7775c5c66ea,20:696b23027825aa7b7d84062fc77a7c625f210ec1
DEBUG: JX_LOG_LEVEL=error LC_ALL=C git fetch origin --unshallow 696b23027825aa7b7d84062fc77a7c625f210ec1: 23295361d91f7afa8c725547c87af7775c5c66ea:
DEBUG: ran git fetch --unshallow origin 696b23027825aa7b7d84062fc77a7c625f210ec1: 23295361d91f7afa8c725547c87af7775c5c66ea: in 
DEBUG: LC_ALL=C JX_LOG_LEVEL=error git branch
DEBUG: LC_ALL=C JX_LOG_LEVEL=error git checkout master
DEBUG: ran git checkout master in 
DEBUG: JX_LOG_LEVEL=error LC_ALL=C git reset --hard 23295361d91f7afa8c725547c87af7775c5c66ea
DEBUG: ran git reset --hard 23295361d91f7afa8c725547c87af7775c5c66ea in 
DEBUG: LC_ALL=C JX_LOG_LEVEL=error git clean -fd .
DEBUG: ran clean --force -d . in 
DEBUG: LC_ALL=C JX_LOG_LEVEL=error git merge 696b23027825aa7b7d84062fc77a7c625f210ec1
DEBUG: ran git merge 696b23027825aa7b7d84062fc77a7c625f210ec1 in 
DEBUG: JX_LOG_LEVEL=error LC_ALL=C git log --format=%H%x1f%an%x1f%ae%x1f%cn%x1f%ce%x1f%s%n%b%x1e 23295361d91f7afa8c725547c87af7775c5c66ea..HEAD
Merged SHA 696b23027825aa7b7d84062fc77a7c625f210ec1 with commit message 'chore: Promote api-gateway to version 0.0.12' into base branch master

Showing logs for build [32msimonjamesrowe-environment-simo-ntlm9-1[0m stage [32mfrom-build-pack[0m and container [32mstep-build-helm-build[0m
WARNING: No $CHART_REPOSITORY defined so using the default value of: http://jenkins-x-chartmuseum:8080
Adding missing Helm repo: storage.googleapis.com https://storage.googleapis.com/chartmuseum.jenkins-x.io
Successfully added Helm repository storage.googleapis.com.
Adding missing Helm repo: jenkins-x-chartmuseum http://jenkins-x-chartmuseum:8080
Successfully added Helm repository jenkins-x-chartmuseum.
WARNING: No $CHART_REPOSITORY defined so using the default value of: http://jenkins-x-chartmuseum:8080
Adding missing Helm repo: chartmuseum.jenkins-x.io http://chartmuseum.jenkins-x.io
Successfully added Helm repository chartmuseum.jenkins-x.io.
