
Showing logs for build [32msimonjamesrowe-environment-simo-k44fs-1[0m stage [32mfrom-build-pack[0m and container [32mcredential-initializer[0m
{"level":"info","ts":1613855451.7201087,"caller":"creds-init/main.go:44","msg":"Credentials initialized."}

Showing logs for build [32msimonjamesrowe-environment-simo-k44fs-1[0m stage [32mfrom-build-pack[0m and container [32mworking-dir-initializer[0m

Showing logs for build [32msimonjamesrowe-environment-simo-k44fs-1[0m stage [32mfrom-build-pack[0m and container [32mplace-tools[0m

Showing logs for build [32msimonjamesrowe-environment-simo-k44fs-1[0m stage [32mfrom-build-pack[0m and container [32mstep-git-source-simonjamesrowe-environment-simo-k44fs-b2nxg[0m
{"level":"info","ts":1613855457.8003304,"caller":"git/git.go:105","msg":"Successfully cloned https://github.com/simonjamesrowe/environment-simonjamesrowe-staging.git @ master in path /workspace/source"}
{"level":"warn","ts":1613855457.8005693,"caller":"git/git.go:152","msg":"Unexpected error: creating symlink: symlink /tekton/home/.ssh /****/.ssh: file exists"}
{"level":"info","ts":1613855457.8525665,"caller":"git/git.go:133","msg":"Successfully initialized and updated submodules in path /workspace/source"}

Showing logs for build [32msimonjamesrowe-environment-simo-k44fs-1[0m stage [32mfrom-build-pack[0m and container [32mstep-setup-builder-home[0m

Showing logs for build [32msimonjamesrowe-environment-simo-k44fs-1[0m stage [32mfrom-build-pack[0m and container [32mstep-git-merge[0m
Using SHAs from PULL_REFS=master:e314df9a4c669a96c23f69d3db530179e34fb457,69:705df28f7c7a2f8f9ec4280a7568a194aad41d9a
DEBUG: LC_ALL=C JX_LOG_LEVEL=error git fetch origin --unshallow 705df28f7c7a2f8f9ec4280a7568a194aad41d9a: e314df9a4c669a96c23f69d3db530179e34fb457:
DEBUG: ran git fetch --unshallow origin 705df28f7c7a2f8f9ec4280a7568a194aad41d9a: e314df9a4c669a96c23f69d3db530179e34fb457: in 
DEBUG: LC_ALL=C JX_LOG_LEVEL=error git branch
DEBUG: LC_ALL=C JX_LOG_LEVEL=error git checkout master
DEBUG: ran git checkout master in 
DEBUG: LC_ALL=C JX_LOG_LEVEL=error git reset --hard e314df9a4c669a96c23f69d3db530179e34fb457
DEBUG: ran git reset --hard e314df9a4c669a96c23f69d3db530179e34fb457 in 
DEBUG: LC_ALL=C JX_LOG_LEVEL=error git clean -fd .
DEBUG: ran clean --force -d . in 
DEBUG: JX_LOG_LEVEL=error LC_ALL=C git merge 705df28f7c7a2f8f9ec4280a7568a194aad41d9a
DEBUG: ran git merge 705df28f7c7a2f8f9ec4280a7568a194aad41d9a in 
DEBUG: LC_ALL=C JX_LOG_LEVEL=error git log --format=%H%x1f%an%x1f%ae%x1f%cn%x1f%ce%x1f%s%n%b%x1e e314df9a4c669a96c23f69d3db530179e34fb457..HEAD
Merged SHA 705df28f7c7a2f8f9ec4280a7568a194aad41d9a with commit message 'chore: Promote react-ui to version 0.0.62' into base branch master

Showing logs for build [32msimonjamesrowe-environment-simo-k44fs-1[0m stage [32mfrom-build-pack[0m and container [32mstep-build-helm-build[0m
WARNING: No $CHART_REPOSITORY defined so using the default value of: http://jenkins-x-chartmuseum:8080
Adding missing Helm repo: storage.googleapis.com https://storage.googleapis.com/chartmuseum.jenkins-x.io
Successfully added Helm repository storage.googleapis.com.
Adding missing Helm repo: jenkins-x-chartmuseum http://jenkins-x-chartmuseum:8080
Successfully added Helm repository jenkins-x-chartmuseum.
WARNING: No $CHART_REPOSITORY defined so using the default value of: http://jenkins-x-chartmuseum:8080
Adding missing Helm repo: chartmuseum.jenkins-x.io http://chartmuseum.jenkins-x.io
Successfully added Helm repository chartmuseum.jenkins-x.io.
