
Showing logs for build [32msimonjamesrowe-environment-simo-ng8hp-1[0m stage [32mfrom-build-pack[0m and container [32mcredential-initializer[0m
{"level":"info","ts":1615052607.3042338,"caller":"creds-init/main.go:44","msg":"Credentials initialized."}

Showing logs for build [32msimonjamesrowe-environment-simo-ng8hp-1[0m stage [32mfrom-build-pack[0m and container [32mworking-dir-initializer[0m

Showing logs for build [32msimonjamesrowe-environment-simo-ng8hp-1[0m stage [32mfrom-build-pack[0m and container [32mplace-tools[0m

Showing logs for build [32msimonjamesrowe-environment-simo-ng8hp-1[0m stage [32mfrom-build-pack[0m and container [32mstep-git-source-simonjamesrowe-environment-simo-ng8hp-xzlvv[0m
{"level":"info","ts":1615052613.6433501,"caller":"git/git.go:105","msg":"Successfully cloned https://github.com/simonjamesrowe/environment-simonjamesrowe-staging.git @ master in path /workspace/source"}
{"level":"warn","ts":1615052613.6435132,"caller":"git/git.go:152","msg":"Unexpected error: creating symlink: symlink /tekton/home/.ssh /****/.ssh: file exists"}
{"level":"info","ts":1615052613.7190769,"caller":"git/git.go:133","msg":"Successfully initialized and updated submodules in path /workspace/source"}

Showing logs for build [32msimonjamesrowe-environment-simo-ng8hp-1[0m stage [32mfrom-build-pack[0m and container [32mstep-setup-builder-home[0m

Showing logs for build [32msimonjamesrowe-environment-simo-ng8hp-1[0m stage [32mfrom-build-pack[0m and container [32mstep-git-merge[0m
Using SHAs from PULL_REFS=master:fe627346cb7d88fe2d9eeea0ccf8a6eff3fc7e0f,87:d9abfc1e0c4d5af2c53f437a7c3994e273bd74f7
DEBUG: LC_ALL=C JX_LOG_LEVEL=error git fetch origin --unshallow d9abfc1e0c4d5af2c53f437a7c3994e273bd74f7: fe627346cb7d88fe2d9eeea0ccf8a6eff3fc7e0f:
DEBUG: ran git fetch --unshallow origin d9abfc1e0c4d5af2c53f437a7c3994e273bd74f7: fe627346cb7d88fe2d9eeea0ccf8a6eff3fc7e0f: in 
DEBUG: LC_ALL=C JX_LOG_LEVEL=error git branch
DEBUG: LC_ALL=C JX_LOG_LEVEL=error git checkout master
DEBUG: ran git checkout master in 
DEBUG: LC_ALL=C JX_LOG_LEVEL=error git reset --hard fe627346cb7d88fe2d9eeea0ccf8a6eff3fc7e0f
DEBUG: ran git reset --hard fe627346cb7d88fe2d9eeea0ccf8a6eff3fc7e0f in 
DEBUG: LC_ALL=C JX_LOG_LEVEL=error git clean -fd .
DEBUG: ran clean --force -d . in 
DEBUG: LC_ALL=C JX_LOG_LEVEL=error git merge d9abfc1e0c4d5af2c53f437a7c3994e273bd74f7
DEBUG: ran git merge d9abfc1e0c4d5af2c53f437a7c3994e273bd74f7 in 
DEBUG: LC_ALL=C JX_LOG_LEVEL=error git log --format=%H%x1f%an%x1f%ae%x1f%cn%x1f%ce%x1f%s%n%b%x1e fe627346cb7d88fe2d9eeea0ccf8a6eff3fc7e0f..HEAD
Merged SHA d9abfc1e0c4d5af2c53f437a7c3994e273bd74f7 with commit message 'chore: Promote search-service to version 0.0.31' into base branch master

Showing logs for build [32msimonjamesrowe-environment-simo-ng8hp-1[0m stage [32mfrom-build-pack[0m and container [32mstep-build-helm-build[0m
WARNING: No $CHART_REPOSITORY defined so using the default value of: http://jenkins-x-chartmuseum:8080
Adding missing Helm repo: storage.googleapis.com https://storage.googleapis.com/chartmuseum.jenkins-x.io
Successfully added Helm repository storage.googleapis.com.
Adding missing Helm repo: jenkins-x-chartmuseum http://jenkins-x-chartmuseum:8080
Successfully added Helm repository jenkins-x-chartmuseum.
WARNING: No $CHART_REPOSITORY defined so using the default value of: http://jenkins-x-chartmuseum:8080
Adding missing Helm repo: chartmuseum.jenkins-x.io http://chartmuseum.jenkins-x.io
Successfully added Helm repository chartmuseum.jenkins-x.io.
