
Showing logs for build [32msimonjamesrowe-environment-simo-7xn6m-1[0m stage [32mfrom-build-pack[0m and container [32mcredential-initializer[0m
{"level":"info","ts":1613748532.9667146,"caller":"creds-init/main.go:44","msg":"Credentials initialized."}

Showing logs for build [32msimonjamesrowe-environment-simo-7xn6m-1[0m stage [32mfrom-build-pack[0m and container [32mworking-dir-initializer[0m

Showing logs for build [32msimonjamesrowe-environment-simo-7xn6m-1[0m stage [32mfrom-build-pack[0m and container [32mplace-tools[0m

Showing logs for build [32msimonjamesrowe-environment-simo-7xn6m-1[0m stage [32mfrom-build-pack[0m and container [32mstep-git-source-simonjamesrowe-environment-simo-7xn6m-7hzjv[0m
{"level":"info","ts":1613748539.5768793,"caller":"git/git.go:105","msg":"Successfully cloned https://github.com/simonjamesrowe/environment-simonjamesrowe-staging.git @ master in path /workspace/source"}
{"level":"warn","ts":1613748539.577041,"caller":"git/git.go:152","msg":"Unexpected error: creating symlink: symlink /tekton/home/.ssh /****/.ssh: file exists"}
{"level":"info","ts":1613748539.6253037,"caller":"git/git.go:133","msg":"Successfully initialized and updated submodules in path /workspace/source"}

Showing logs for build [32msimonjamesrowe-environment-simo-7xn6m-1[0m stage [32mfrom-build-pack[0m and container [32mstep-setup-builder-home[0m

Showing logs for build [32msimonjamesrowe-environment-simo-7xn6m-1[0m stage [32mfrom-build-pack[0m and container [32mstep-git-merge[0m
Using SHAs from PULL_REFS=master:81eea1c99c67b455cf328d56e412ac00875a734a,63:c9111d397d64a64b22b1c2d00ec484e0889a5cf4
DEBUG: LC_ALL=C JX_LOG_LEVEL=error git fetch origin --unshallow c9111d397d64a64b22b1c2d00ec484e0889a5cf4: 81eea1c99c67b455cf328d56e412ac00875a734a:
DEBUG: ran git fetch --unshallow origin c9111d397d64a64b22b1c2d00ec484e0889a5cf4: 81eea1c99c67b455cf328d56e412ac00875a734a: in 
DEBUG: LC_ALL=C JX_LOG_LEVEL=error git branch
DEBUG: JX_LOG_LEVEL=error LC_ALL=C git checkout master
DEBUG: ran git checkout master in 
DEBUG: LC_ALL=C JX_LOG_LEVEL=error git reset --hard 81eea1c99c67b455cf328d56e412ac00875a734a
DEBUG: ran git reset --hard 81eea1c99c67b455cf328d56e412ac00875a734a in 
DEBUG: LC_ALL=C JX_LOG_LEVEL=error git clean -fd .
DEBUG: ran clean --force -d . in 
DEBUG: LC_ALL=C JX_LOG_LEVEL=error git merge c9111d397d64a64b22b1c2d00ec484e0889a5cf4
DEBUG: ran git merge c9111d397d64a64b22b1c2d00ec484e0889a5cf4 in 
DEBUG: LC_ALL=C JX_LOG_LEVEL=error git log --format=%H%x1f%an%x1f%ae%x1f%cn%x1f%ce%x1f%s%n%b%x1e 81eea1c99c67b455cf328d56e412ac00875a734a..HEAD
Merged SHA c9111d397d64a64b22b1c2d00ec484e0889a5cf4 with commit message 'chore: Promote api-gateway to version 0.0.34' into base branch master

Showing logs for build [32msimonjamesrowe-environment-simo-7xn6m-1[0m stage [32mfrom-build-pack[0m and container [32mstep-build-helm-build[0m
WARNING: No $CHART_REPOSITORY defined so using the default value of: http://jenkins-x-chartmuseum:8080
Adding missing Helm repo: storage.googleapis.com https://storage.googleapis.com/chartmuseum.jenkins-x.io
Successfully added Helm repository storage.googleapis.com.
Adding missing Helm repo: jenkins-x-chartmuseum http://jenkins-x-chartmuseum:8080
Successfully added Helm repository jenkins-x-chartmuseum.
WARNING: No $CHART_REPOSITORY defined so using the default value of: http://jenkins-x-chartmuseum:8080
Adding missing Helm repo: chartmuseum.jenkins-x.io http://chartmuseum.jenkins-x.io
Successfully added Helm repository chartmuseum.jenkins-x.io.
