
Showing logs for build [32msimonjamesrowe-environment-simo-k44tm-1[0m stage [32mfrom-build-pack[0m and container [32mcredential-initializer[0m
{"level":"info","ts":1609259175.1862652,"caller":"creds-init/main.go:44","msg":"Credentials initialized."}

Showing logs for build [32msimonjamesrowe-environment-simo-k44tm-1[0m stage [32mfrom-build-pack[0m and container [32mworking-dir-initializer[0m

Showing logs for build [32msimonjamesrowe-environment-simo-k44tm-1[0m stage [32mfrom-build-pack[0m and container [32mplace-tools[0m

Showing logs for build [32msimonjamesrowe-environment-simo-k44tm-1[0m stage [32mfrom-build-pack[0m and container [32mstep-git-source-simonjamesrowe-environment-simo-k44tm-nzjdk[0m
{"level":"info","ts":1609259182.2748072,"caller":"git/git.go:105","msg":"Successfully cloned https://github.com/simonjamesrowe/environment-simonjamesrowe-staging.git @ master in path /workspace/source"}
{"level":"warn","ts":1609259182.2749178,"caller":"git/git.go:152","msg":"Unexpected error: creating symlink: symlink /tekton/home/.ssh /****/.ssh: file exists"}
{"level":"info","ts":1609259182.3253422,"caller":"git/git.go:133","msg":"Successfully initialized and updated submodules in path /workspace/source"}

Showing logs for build [32msimonjamesrowe-environment-simo-k44tm-1[0m stage [32mfrom-build-pack[0m and container [32mstep-setup-builder-home[0m

Showing logs for build [32msimonjamesrowe-environment-simo-k44tm-1[0m stage [32mfrom-build-pack[0m and container [32mstep-git-merge[0m
Using SHAs from PULL_REFS=master:2a7c7e682146ad15b2ff7b2a1691d37e9ad78e71,1:4c33c005a3078f22326c1101c88dca6ee4a80dc0
DEBUG: LC_ALL=C JX_LOG_LEVEL=error git fetch origin --unshallow 4c33c005a3078f22326c1101c88dca6ee4a80dc0: 2a7c7e682146ad15b2ff7b2a1691d37e9ad78e71:
DEBUG: ran git fetch --unshallow origin 4c33c005a3078f22326c1101c88dca6ee4a80dc0: 2a7c7e682146ad15b2ff7b2a1691d37e9ad78e71: in 
DEBUG: JX_LOG_LEVEL=error LC_ALL=C git branch
DEBUG: LC_ALL=C JX_LOG_LEVEL=error git checkout master
DEBUG: ran git checkout master in 
DEBUG: JX_LOG_LEVEL=error LC_ALL=C git reset --hard 2a7c7e682146ad15b2ff7b2a1691d37e9ad78e71
DEBUG: ran git reset --hard 2a7c7e682146ad15b2ff7b2a1691d37e9ad78e71 in 
DEBUG: LC_ALL=C JX_LOG_LEVEL=error git clean -fd .
DEBUG: ran clean --force -d . in 
DEBUG: LC_ALL=C JX_LOG_LEVEL=error git merge 4c33c005a3078f22326c1101c88dca6ee4a80dc0
DEBUG: ran git merge 4c33c005a3078f22326c1101c88dca6ee4a80dc0 in 
DEBUG: LC_ALL=C JX_LOG_LEVEL=error git log --format=%H%x1f%an%x1f%ae%x1f%cn%x1f%ce%x1f%s%n%b%x1e 2a7c7e682146ad15b2ff7b2a1691d37e9ad78e71..HEAD
Merged SHA 4c33c005a3078f22326c1101c88dca6ee4a80dc0 with commit message 'chore: Promote start.spring.io to version 0.0.10' into base branch master

Showing logs for build [32msimonjamesrowe-environment-simo-k44tm-1[0m stage [32mfrom-build-pack[0m and container [32mstep-build-helm-build[0m
WARNING: No $CHART_REPOSITORY defined so using the default value of: http://jenkins-x-chartmuseum:8080
Adding missing Helm repo: storage.googleapis.com https://storage.googleapis.com/chartmuseum.jenkins-x.io
Successfully added Helm repository storage.googleapis.com.
Adding missing Helm repo: jenkins-x-chartmuseum http://jenkins-x-chartmuseum:8080
Successfully added Helm repository jenkins-x-chartmuseum.
WARNING: No $CHART_REPOSITORY defined so using the default value of: http://jenkins-x-chartmuseum:8080
Adding missing Helm repo: chartmuseum.jenkins-x.io http://chartmuseum.jenkins-x.io
Successfully added Helm repository chartmuseum.jenkins-x.io.
error: failed to lint the chart '.': failed to run 'helm lint --set tags.**-lint=true --set global.**Lint=true --set-string global.**TypeEnv=lint --values values.yaml' command in directory '.', output: '==> Linting .
[ERROR] templates/: render error in "env/charts/start.spring.io/templates/service.yaml": template: env/charts/start.spring.io/templates/service.yaml:1:39: executing "env/charts/start.spring.io/templates/service.yaml" at <.Values.canary.enabled>: nil pointer evaluating interface {}.enabled

Error: 1 chart(s) linted, 1 chart(s) failed'
[31m
Pipeline failed on stage 'from-build-pack' : container 'step-build-helm-build'. The execution of the pipeline has stopped.[0m
