
Showing logs for build [32msimonjamesrowe-environment-simo-qt9lv-1[0m stage [32mfrom-build-pack[0m and container [32mcredential-initializer[0m
{"level":"info","ts":1611439058.526839,"caller":"creds-init/main.go:44","msg":"Credentials initialized."}

Showing logs for build [32msimonjamesrowe-environment-simo-qt9lv-1[0m stage [32mfrom-build-pack[0m and container [32mworking-dir-initializer[0m

Showing logs for build [32msimonjamesrowe-environment-simo-qt9lv-1[0m stage [32mfrom-build-pack[0m and container [32mplace-tools[0m

Showing logs for build [32msimonjamesrowe-environment-simo-qt9lv-1[0m stage [32mfrom-build-pack[0m and container [32mstep-git-source-simonjamesrowe-environment-simo-qt9lv-2s9vm[0m
{"level":"info","ts":1611439064.8603675,"caller":"git/git.go:105","msg":"Successfully cloned https://github.com/simonjamesrowe/environment-simonjamesrowe-staging.git @ master in path /workspace/source"}
{"level":"warn","ts":1611439064.8605263,"caller":"git/git.go:152","msg":"Unexpected error: creating symlink: symlink /tekton/home/.ssh /****/.ssh: file exists"}
{"level":"info","ts":1611439064.9087946,"caller":"git/git.go:133","msg":"Successfully initialized and updated submodules in path /workspace/source"}

Showing logs for build [32msimonjamesrowe-environment-simo-qt9lv-1[0m stage [32mfrom-build-pack[0m and container [32mstep-setup-builder-home[0m

Showing logs for build [32msimonjamesrowe-environment-simo-qt9lv-1[0m stage [32mfrom-build-pack[0m and container [32mstep-git-merge[0m
Using SHAs from PULL_REFS=master:ded85b6cf516a2ed6a591c722773cc00227941aa,33:e57666c1dd63720b1cdb245365d097558d1aa8f8
DEBUG: LC_ALL=C JX_LOG_LEVEL=error git fetch origin --unshallow e57666c1dd63720b1cdb245365d097558d1aa8f8: ded85b6cf516a2ed6a591c722773cc00227941aa:
DEBUG: ran git fetch --unshallow origin e57666c1dd63720b1cdb245365d097558d1aa8f8: ded85b6cf516a2ed6a591c722773cc00227941aa: in 
DEBUG: LC_ALL=C JX_LOG_LEVEL=error git branch
DEBUG: LC_ALL=C JX_LOG_LEVEL=error git checkout master
DEBUG: ran git checkout master in 
DEBUG: JX_LOG_LEVEL=error LC_ALL=C git reset --hard ded85b6cf516a2ed6a591c722773cc00227941aa
DEBUG: ran git reset --hard ded85b6cf516a2ed6a591c722773cc00227941aa in 
DEBUG: LC_ALL=C JX_LOG_LEVEL=error git clean -fd .
DEBUG: ran clean --force -d . in 
DEBUG: LC_ALL=C JX_LOG_LEVEL=error git merge e57666c1dd63720b1cdb245365d097558d1aa8f8
DEBUG: ran git merge e57666c1dd63720b1cdb245365d097558d1aa8f8 in 
DEBUG: LC_ALL=C JX_LOG_LEVEL=error git log --format=%H%x1f%an%x1f%ae%x1f%cn%x1f%ce%x1f%s%n%b%x1e ded85b6cf516a2ed6a591c722773cc00227941aa..HEAD
Merged SHA e57666c1dd63720b1cdb245365d097558d1aa8f8 with commit message 'chore: Promote api-gateway to version 0.0.19' into base branch master

Showing logs for build [32msimonjamesrowe-environment-simo-qt9lv-1[0m stage [32mfrom-build-pack[0m and container [32mstep-build-helm-build[0m
WARNING: No $CHART_REPOSITORY defined so using the default value of: http://jenkins-x-chartmuseum:8080
Adding missing Helm repo: storage.googleapis.com https://storage.googleapis.com/chartmuseum.jenkins-x.io
Successfully added Helm repository storage.googleapis.com.
Adding missing Helm repo: jenkins-x-chartmuseum http://jenkins-x-chartmuseum:8080
Successfully added Helm repository jenkins-x-chartmuseum.
WARNING: No $CHART_REPOSITORY defined so using the default value of: http://jenkins-x-chartmuseum:8080
Adding missing Helm repo: chartmuseum.jenkins-x.io http://chartmuseum.jenkins-x.io
Successfully added Helm repository chartmuseum.jenkins-x.io.
