
Showing logs for build [32msimonjamesrowe-environment-simo-d5cg7-1[0m stage [32mfrom-build-pack[0m and container [32mcredential-initializer[0m
{"level":"info","ts":1612130230.5684752,"caller":"creds-init/main.go:44","msg":"Credentials initialized."}

Showing logs for build [32msimonjamesrowe-environment-simo-d5cg7-1[0m stage [32mfrom-build-pack[0m and container [32mworking-dir-initializer[0m

Showing logs for build [32msimonjamesrowe-environment-simo-d5cg7-1[0m stage [32mfrom-build-pack[0m and container [32mplace-tools[0m

Showing logs for build [32msimonjamesrowe-environment-simo-d5cg7-1[0m stage [32mfrom-build-pack[0m and container [32mstep-git-source-simonjamesrowe-environment-simo-d5cg7-8vchf[0m
{"level":"info","ts":1612130237.6249845,"caller":"git/git.go:105","msg":"Successfully cloned https://github.com/simonjamesrowe/environment-simonjamesrowe-staging.git @ master in path /workspace/source"}
{"level":"warn","ts":1612130237.6251943,"caller":"git/git.go:152","msg":"Unexpected error: creating symlink: symlink /tekton/home/.ssh /****/.ssh: file exists"}
{"level":"info","ts":1612130237.6767442,"caller":"git/git.go:133","msg":"Successfully initialized and updated submodules in path /workspace/source"}

Showing logs for build [32msimonjamesrowe-environment-simo-d5cg7-1[0m stage [32mfrom-build-pack[0m and container [32mstep-setup-builder-home[0m

Showing logs for build [32msimonjamesrowe-environment-simo-d5cg7-1[0m stage [32mfrom-build-pack[0m and container [32mstep-git-merge[0m
Using SHAs from PULL_REFS=master:0b379ec535f2b56b72b49f57e672adeaa22532b3,41:735178eef03d481c3a528e5cec3b7683aea85be3
DEBUG: LC_ALL=C JX_LOG_LEVEL=error git fetch origin --unshallow 735178eef03d481c3a528e5cec3b7683aea85be3: 0b379ec535f2b56b72b49f57e672adeaa22532b3:
DEBUG: ran git fetch --unshallow origin 735178eef03d481c3a528e5cec3b7683aea85be3: 0b379ec535f2b56b72b49f57e672adeaa22532b3: in 
DEBUG: LC_ALL=C JX_LOG_LEVEL=error git branch
DEBUG: LC_ALL=C JX_LOG_LEVEL=error git checkout master
DEBUG: ran git checkout master in 
DEBUG: LC_ALL=C JX_LOG_LEVEL=error git reset --hard 0b379ec535f2b56b72b49f57e672adeaa22532b3
DEBUG: ran git reset --hard 0b379ec535f2b56b72b49f57e672adeaa22532b3 in 
DEBUG: JX_LOG_LEVEL=error LC_ALL=C git clean -fd .
DEBUG: ran clean --force -d . in 
DEBUG: LC_ALL=C JX_LOG_LEVEL=error git merge 735178eef03d481c3a528e5cec3b7683aea85be3
DEBUG: ran git merge 735178eef03d481c3a528e5cec3b7683aea85be3 in 
DEBUG: LC_ALL=C JX_LOG_LEVEL=error git log --format=%H%x1f%an%x1f%ae%x1f%cn%x1f%ce%x1f%s%n%b%x1e 0b379ec535f2b56b72b49f57e672adeaa22532b3..HEAD
Merged SHA 735178eef03d481c3a528e5cec3b7683aea85be3 with commit message 'chore: Promote search-service to version 0.0.17' into base branch master

Showing logs for build [32msimonjamesrowe-environment-simo-d5cg7-1[0m stage [32mfrom-build-pack[0m and container [32mstep-build-helm-build[0m
WARNING: No $CHART_REPOSITORY defined so using the default value of: http://jenkins-x-chartmuseum:8080
Adding missing Helm repo: storage.googleapis.com https://storage.googleapis.com/chartmuseum.jenkins-x.io
Successfully added Helm repository storage.googleapis.com.
Adding missing Helm repo: jenkins-x-chartmuseum http://jenkins-x-chartmuseum:8080
Successfully added Helm repository jenkins-x-chartmuseum.
WARNING: No $CHART_REPOSITORY defined so using the default value of: http://jenkins-x-chartmuseum:8080
Adding missing Helm repo: chartmuseum.jenkins-x.io http://chartmuseum.jenkins-x.io
Successfully added Helm repository chartmuseum.jenkins-x.io.
